2014/02/22 17:20:27 [error] [exception.CHttpException.404] exception 'CHttpException' with message 'Unable to resolve the request "gii".' in /var/www/learningyii/framework/web/CWebApplication.php:286
Stack trace:
#0 /var/www/learningyii/framework/web/CWebApplication.php(141): CWebApplication->runController('gii')
#1 /var/www/learningyii/framework/base/CApplication.php(180): CWebApplication->processRequest()
#2 /var/www/learningyii/demos/fbtouch/index.php(13): CApplication->run()
#3 {main}
REQUEST_URI=/learningyii/demos/fbtouch/index.php?r=gii
---
2014/02/22 17:22:25 [error] [exception.CDbException] exception 'CDbException' with message 'CDbConnection failed to open the DB connection: could not find driver' in /var/www/learningyii/framework/db/CDbConnection.php:382
Stack trace:
#0 /var/www/learningyii/framework/db/CDbConnection.php(330): CDbConnection->open()
#1 /var/www/learningyii/framework/db/CDbConnection.php(308): CDbConnection->setActive(true)
#2 /var/www/learningyii/framework/base/CModule.php(387): CDbConnection->init()
#3 /var/www/learningyii/framework/base/CModule.php(103): CModule->getComponent('db')
#4 /var/www/learningyii/framework/gii/generators/crud/CrudCode.php(44): CModule->__get('db')
#5 /var/www/learningyii/framework/web/CFormModel.php(39): CrudCode->init()
#6 /var/www/learningyii/framework/gii/CCodeGenerator.php(153): CFormModel->__construct()
#7 /var/www/learningyii/framework/gii/CCodeGenerator.php(63): CCodeGenerator->prepare()
#8 /var/www/learningyii/framework/web/actions/CInlineAction.php(49): CCodeGenerator->actionIndex()
#9 /var/www/learningyii/framework/web/CController.php(308): CInlineAction->runWithParams(Array)
#10 /var/www/learningyii/framework/web/CController.php(286): CController->runAction(Object(CInlineAction))
#11 /var/www/learningyii/framework/web/CController.php(265): CController->runActionWithFilters(Object(CInlineAction), Array)
#12 /var/www/learningyii/framework/web/CWebApplication.php(282): CController->run('index')
#13 /var/www/learningyii/framework/web/CWebApplication.php(141): CWebApplication->runController('gii/crud/index')
#14 /var/www/learningyii/framework/base/CApplication.php(180): CWebApplication->processRequest()
#15 /var/www/learningyii/demos/fbtouch/index.php(13): CApplication->run()
#16 {main}
REQUEST_URI=/learningyii/demos/fbtouch/index.php?r=gii/crud/index
HTTP_REFERER=http://localhost/learningyii/demos/fbtouch/index.php?r=gii/controller/index
---
