2014/03/22 07:17:11 [error] [php] date(): It is not safe to rely on the system's timezone settings. You are *required* to use the date.timezone setting or the date_default_timezone_set() function. In case you used any of those methods and you are still getting this warning, you most likely misspelled the timezone identifier. We selected the timezone 'UTC' for now, but please set date.timezone to select your timezone. (/var/www/learningyii/demos/leapfrogems/protected/views/layouts/main.php:51)
Stack trace:
#0 /var/www/learningyii/framework/web/CBaseController.php(95): SiteController->renderInternal()
#1 /var/www/learningyii/framework/web/widgets/CContentDecorator.php(76): SiteController->renderFile()
#2 /var/www/learningyii/framework/web/widgets/CContentDecorator.php(54): CContentDecorator->decorate()
#3 /var/www/learningyii/framework/web/widgets/COutputProcessor.php(44): CContentDecorator->processOutput()
#4 /var/www/learningyii/framework/web/CBaseController.php(206): CContentDecorator->run()
#5 /var/www/learningyii/framework/web/CBaseController.php(300): SiteController->endWidget()
#6 /var/www/learningyii/demos/leapfrogems/protected/views/layouts/column1.php(6): SiteController->endContent()
#7 /var/www/learningyii/framework/web/CBaseController.php(126): require()
#8 /var/www/learningyii/framework/web/CBaseController.php(95): SiteController->renderInternal()
#9 /var/www/learningyii/framework/web/CController.php(784): SiteController->renderFile()
#10 /var/www/learningyii/demos/leapfrogems/protected/controllers/SiteController.php(32): SiteController->render()
#11 /var/www/learningyii/framework/web/actions/CInlineAction.php(49): SiteController->actionIndex()
#12 /var/www/learningyii/framework/web/CController.php(308): CInlineAction->runWithParams()
#13 /var/www/learningyii/framework/web/CController.php(286): SiteController->runAction()
#14 /var/www/learningyii/framework/web/CController.php(265): SiteController->runActionWithFilters()
#15 /var/www/learningyii/framework/web/CWebApplication.php(282): SiteController->run()
#16 /var/www/learningyii/framework/web/CWebApplication.php(141): CWebApplication->runController()
#17 /var/www/learningyii/framework/base/CApplication.php(180): CWebApplication->processRequest()
#18 /var/www/learningyii/demos/leapfrogems/index.php(13): CWebApplication->run()
REQUEST_URI=/demos/leapfrogems/
in /var/www/learningyii/demos/leapfrogems/protected/views/layouts/main.php (51)
in /var/www/learningyii/demos/leapfrogems/protected/views/layouts/column1.php (6)
in /var/www/learningyii/demos/leapfrogems/protected/controllers/SiteController.php (32)
2014/03/22 13:15:54 [error] [exception.CHttpException.404] exception 'CHttpException' with message 'Unable to resolve the request "employee/employee/".' in /var/www/learningyii/framework/web/CWebApplication.php:286
Stack trace:
#0 /var/www/learningyii/framework/web/CWebApplication.php(141): CWebApplication->runController('employee/employ...')
#1 /var/www/learningyii/framework/base/CApplication.php(180): CWebApplication->processRequest()
#2 /var/www/learningyii/demos/leapfrogems/index.php(13): CApplication->run()
#3 {main}
REQUEST_URI=/demos/leapfrogems/index.php?r=employee/employee/
---
2014/03/22 13:16:03 [error] [exception.CHttpException.404] exception 'CHttpException' with message 'Unable to resolve the request "employee/default/index".' in /var/www/learningyii/framework/web/CWebApplication.php:286
Stack trace:
#0 /var/www/learningyii/framework/web/CWebApplication.php(141): CWebApplication->runController('employee/defaul...')
#1 /var/www/learningyii/framework/base/CApplication.php(180): CWebApplication->processRequest()
#2 /var/www/learningyii/demos/leapfrogems/index.php(13): CApplication->run()
#3 {main}
REQUEST_URI=/demos/leapfrogems/index.php?r=employee/default/index
---
2014/03/22 13:30:33 [error] [php] include(TagCloud.php): failed to open stream: No such file or directory (/var/www/learningyii/framework/YiiBase.php:427)
Stack trace:
#0 /var/www/learningyii/framework/web/CWidgetFactory.php(146): import()
#1 /var/www/learningyii/framework/web/CBaseController.php(146): CWidgetFactory->createWidget()
#2 /var/www/learningyii/framework/web/CBaseController.php(172): SiteController->createWidget()
#3 /var/www/learningyii/demos/leapfrogems/protected/views/layouts/column2.php(14): SiteController->widget()
#4 /var/www/learningyii/framework/web/CBaseController.php(126): require()
#5 /var/www/learningyii/framework/web/CBaseController.php(95): SiteController->renderInternal()
#6 /var/www/learningyii/framework/web/CController.php(784): SiteController->renderFile()
#7 /var/www/learningyii/demos/leapfrogems/protected/controllers/SiteController.php(33): SiteController->render()
#8 /var/www/learningyii/framework/web/actions/CInlineAction.php(49): SiteController->actionIndex()
#9 /var/www/learningyii/framework/web/CController.php(308): CInlineAction->runWithParams()
#10 /var/www/learningyii/framework/web/CController.php(286): SiteController->runAction()
#11 /var/www/learningyii/framework/web/CController.php(265): SiteController->runActionWithFilters()
#12 /var/www/learningyii/framework/web/CWebApplication.php(282): SiteController->run()
#13 /var/www/learningyii/framework/web/CWebApplication.php(141): CWebApplication->runController()
#14 /var/www/learningyii/framework/base/CApplication.php(180): CWebApplication->processRequest()
#15 /var/www/learningyii/demos/leapfrogems/index.php(13): CWebApplication->run()
REQUEST_URI=/demos/leapfrogems/index.php?r=site/index
in /var/www/learningyii/demos/leapfrogems/protected/views/layouts/column2.php (14)
in /var/www/learningyii/demos/leapfrogems/protected/controllers/SiteController.php (33)
in /var/www/learningyii/demos/leapfrogems/index.php (13)
2014/03/22 13:33:37 [error] [php] include(TagCloud.php): failed to open stream: No such file or directory (/var/www/learningyii/framework/YiiBase.php:427)
Stack trace:
#0 /var/www/learningyii/framework/web/CWidgetFactory.php(146): import()
#1 /var/www/learningyii/framework/web/CBaseController.php(146): CWidgetFactory->createWidget()
#2 /var/www/learningyii/framework/web/CBaseController.php(172): SiteController->createWidget()
#3 /var/www/learningyii/demos/leapfrogems/protected/views/layouts/column2.php(15): SiteController->widget()
#4 /var/www/learningyii/framework/web/CBaseController.php(126): require()
#5 /var/www/learningyii/framework/web/CBaseController.php(95): SiteController->renderInternal()
#6 /var/www/learningyii/framework/web/CController.php(784): SiteController->renderFile()
#7 /var/www/learningyii/demos/leapfrogems/protected/controllers/SiteController.php(33): SiteController->render()
#8 /var/www/learningyii/framework/web/actions/CInlineAction.php(49): SiteController->actionIndex()
#9 /var/www/learningyii/framework/web/CController.php(308): CInlineAction->runWithParams()
#10 /var/www/learningyii/framework/web/CController.php(286): SiteController->runAction()
#11 /var/www/learningyii/framework/web/CController.php(265): SiteController->runActionWithFilters()
#12 /var/www/learningyii/framework/web/CWebApplication.php(282): SiteController->run()
#13 /var/www/learningyii/framework/web/CWebApplication.php(141): CWebApplication->runController()
#14 /var/www/learningyii/framework/base/CApplication.php(180): CWebApplication->processRequest()
#15 /var/www/learningyii/demos/leapfrogems/index.php(13): CWebApplication->run()
REQUEST_URI=/demos/leapfrogems/index.php?r=site/index
in /var/www/learningyii/demos/leapfrogems/protected/views/layouts/column2.php (15)
in /var/www/learningyii/demos/leapfrogems/protected/controllers/SiteController.php (33)
in /var/www/learningyii/demos/leapfrogems/index.php (13)
2014/03/22 13:44:42 [error] [php] include(TagCloud.php): failed to open stream: No such file or directory (/var/www/learningyii/framework/YiiBase.php:427)
Stack trace:
#0 /var/www/learningyii/framework/web/CWidgetFactory.php(146): import()
#1 /var/www/learningyii/framework/web/CBaseController.php(146): CWidgetFactory->createWidget()
#2 /var/www/learningyii/framework/web/CBaseController.php(172): SiteController->createWidget()
#3 /var/www/learningyii/demos/leapfrogems/protected/views/layouts/column2.php(15): SiteController->widget()
#4 /var/www/learningyii/framework/web/CBaseController.php(126): require()
#5 /var/www/learningyii/framework/web/CBaseController.php(95): SiteController->renderInternal()
#6 /var/www/learningyii/framework/web/CController.php(784): SiteController->renderFile()
#7 /var/www/learningyii/demos/leapfrogems/protected/controllers/SiteController.php(33): SiteController->render()
#8 /var/www/learningyii/framework/web/actions/CInlineAction.php(49): SiteController->actionIndex()
#9 /var/www/learningyii/framework/web/CController.php(308): CInlineAction->runWithParams()
#10 /var/www/learningyii/framework/web/CController.php(286): SiteController->runAction()
#11 /var/www/learningyii/framework/web/CController.php(265): SiteController->runActionWithFilters()
#12 /var/www/learningyii/framework/web/CWebApplication.php(282): SiteController->run()
#13 /var/www/learningyii/framework/web/CWebApplication.php(141): CWebApplication->runController()
#14 /var/www/learningyii/framework/base/CApplication.php(180): CWebApplication->processRequest()
#15 /var/www/learningyii/demos/leapfrogems/index.php(13): CWebApplication->run()
REQUEST_URI=/demos/leapfrogems/index.php?r=site/index
in /var/www/learningyii/demos/leapfrogems/protected/views/layouts/column2.php (15)
in /var/www/learningyii/demos/leapfrogems/protected/controllers/SiteController.php (33)
in /var/www/learningyii/demos/leapfrogems/index.php (13)
2014/03/22 13:44:42 [error] [php] include(TagCloud.php): failed to open stream: No such file or directory (/var/www/learningyii/framework/YiiBase.php:427)
Stack trace:
#0 /var/www/learningyii/framework/web/CWidgetFactory.php(146): import()
#1 /var/www/learningyii/framework/web/CBaseController.php(146): CWidgetFactory->createWidget()
#2 /var/www/learningyii/framework/web/CBaseController.php(172): SiteController->createWidget()
#3 /var/www/learningyii/demos/leapfrogems/protected/views/layouts/column2.php(15): SiteController->widget()
#4 /var/www/learningyii/framework/web/CBaseController.php(126): require()
#5 /var/www/learningyii/framework/web/CBaseController.php(95): SiteController->renderInternal()
#6 /var/www/learningyii/framework/web/CController.php(784): SiteController->renderFile()
#7 /var/www/learningyii/demos/leapfrogems/protected/controllers/SiteController.php(33): SiteController->render()
#8 /var/www/learningyii/framework/web/actions/CInlineAction.php(49): SiteController->actionIndex()
#9 /var/www/learningyii/framework/web/CController.php(308): CInlineAction->runWithParams()
#10 /var/www/learningyii/framework/web/CController.php(286): SiteController->runAction()
#11 /var/www/learningyii/framework/web/CController.php(265): SiteController->runActionWithFilters()
#12 /var/www/learningyii/framework/web/CWebApplication.php(282): SiteController->run()
#13 /var/www/learningyii/framework/web/CWebApplication.php(141): CWebApplication->runController()
#14 /var/www/learningyii/framework/base/CApplication.php(180): CWebApplication->processRequest()
#15 /var/www/learningyii/demos/leapfrogems/index.php(13): CWebApplication->run()
REQUEST_URI=/demos/leapfrogems/index.php?r=site/index
in /var/www/learningyii/demos/leapfrogems/protected/views/layouts/column2.php (15)
in /var/www/learningyii/demos/leapfrogems/protected/controllers/SiteController.php (33)
in /var/www/learningyii/demos/leapfrogems/index.php (13)
2014/03/22 13:44:44 [error] [php] include(TagCloud.php): failed to open stream: No such file or directory (/var/www/learningyii/framework/YiiBase.php:427)
Stack trace:
#0 /var/www/learningyii/framework/web/CWidgetFactory.php(146): import()
#1 /var/www/learningyii/framework/web/CBaseController.php(146): CWidgetFactory->createWidget()
#2 /var/www/learningyii/framework/web/CBaseController.php(172): SiteController->createWidget()
#3 /var/www/learningyii/demos/leapfrogems/protected/views/layouts/column2.php(15): SiteController->widget()
#4 /var/www/learningyii/framework/web/CBaseController.php(126): require()
#5 /var/www/learningyii/framework/web/CBaseController.php(95): SiteController->renderInternal()
#6 /var/www/learningyii/framework/web/CController.php(784): SiteController->renderFile()
#7 /var/www/learningyii/demos/leapfrogems/protected/controllers/SiteController.php(33): SiteController->render()
#8 /var/www/learningyii/framework/web/actions/CInlineAction.php(49): SiteController->actionIndex()
#9 /var/www/learningyii/framework/web/CController.php(308): CInlineAction->runWithParams()
#10 /var/www/learningyii/framework/web/CController.php(286): SiteController->runAction()
#11 /var/www/learningyii/framework/web/CController.php(265): SiteController->runActionWithFilters()
#12 /var/www/learningyii/framework/web/CWebApplication.php(282): SiteController->run()
#13 /var/www/learningyii/framework/web/CWebApplication.php(141): CWebApplication->runController()
#14 /var/www/learningyii/framework/base/CApplication.php(180): CWebApplication->processRequest()
#15 /var/www/learningyii/demos/leapfrogems/index.php(13): CWebApplication->run()
REQUEST_URI=/demos/leapfrogems/index.php?r=site/index
in /var/www/learningyii/demos/leapfrogems/protected/views/layouts/column2.php (15)
in /var/www/learningyii/demos/leapfrogems/protected/controllers/SiteController.php (33)
in /var/www/learningyii/demos/leapfrogems/index.php (13)
2014/03/22 13:44:45 [error] [php] include(TagCloud.php): failed to open stream: No such file or directory (/var/www/learningyii/framework/YiiBase.php:427)
Stack trace:
#0 /var/www/learningyii/framework/web/CWidgetFactory.php(146): import()
#1 /var/www/learningyii/framework/web/CBaseController.php(146): CWidgetFactory->createWidget()
#2 /var/www/learningyii/framework/web/CBaseController.php(172): SiteController->createWidget()
#3 /var/www/learningyii/demos/leapfrogems/protected/views/layouts/column2.php(15): SiteController->widget()
#4 /var/www/learningyii/framework/web/CBaseController.php(126): require()
#5 /var/www/learningyii/framework/web/CBaseController.php(95): SiteController->renderInternal()
#6 /var/www/learningyii/framework/web/CController.php(784): SiteController->renderFile()
#7 /var/www/learningyii/demos/leapfrogems/protected/controllers/SiteController.php(33): SiteController->render()
#8 /var/www/learningyii/framework/web/actions/CInlineAction.php(49): SiteController->actionIndex()
#9 /var/www/learningyii/framework/web/CController.php(308): CInlineAction->runWithParams()
#10 /var/www/learningyii/framework/web/CController.php(286): SiteController->runAction()
#11 /var/www/learningyii/framework/web/CController.php(265): SiteController->runActionWithFilters()
#12 /var/www/learningyii/framework/web/CWebApplication.php(282): SiteController->run()
#13 /var/www/learningyii/framework/web/CWebApplication.php(141): CWebApplication->runController()
#14 /var/www/learningyii/framework/base/CApplication.php(180): CWebApplication->processRequest()
#15 /var/www/learningyii/demos/leapfrogems/index.php(13): CWebApplication->run()
REQUEST_URI=/demos/leapfrogems/index.php?r=site/index
in /var/www/learningyii/demos/leapfrogems/protected/views/layouts/column2.php (15)
in /var/www/learningyii/demos/leapfrogems/protected/controllers/SiteController.php (33)
in /var/www/learningyii/demos/leapfrogems/index.php (13)
2014/03/22 13:44:45 [error] [php] include(TagCloud.php): failed to open stream: No such file or directory (/var/www/learningyii/framework/YiiBase.php:427)
Stack trace:
#0 /var/www/learningyii/framework/web/CWidgetFactory.php(146): import()
#1 /var/www/learningyii/framework/web/CBaseController.php(146): CWidgetFactory->createWidget()
#2 /var/www/learningyii/framework/web/CBaseController.php(172): SiteController->createWidget()
#3 /var/www/learningyii/demos/leapfrogems/protected/views/layouts/column2.php(15): SiteController->widget()
#4 /var/www/learningyii/framework/web/CBaseController.php(126): require()
#5 /var/www/learningyii/framework/web/CBaseController.php(95): SiteController->renderInternal()
#6 /var/www/learningyii/framework/web/CController.php(784): SiteController->renderFile()
#7 /var/www/learningyii/demos/leapfrogems/protected/controllers/SiteController.php(33): SiteController->render()
#8 /var/www/learningyii/framework/web/actions/CInlineAction.php(49): SiteController->actionIndex()
#9 /var/www/learningyii/framework/web/CController.php(308): CInlineAction->runWithParams()
#10 /var/www/learningyii/framework/web/CController.php(286): SiteController->runAction()
#11 /var/www/learningyii/framework/web/CController.php(265): SiteController->runActionWithFilters()
#12 /var/www/learningyii/framework/web/CWebApplication.php(282): SiteController->run()
#13 /var/www/learningyii/framework/web/CWebApplication.php(141): CWebApplication->runController()
#14 /var/www/learningyii/framework/base/CApplication.php(180): CWebApplication->processRequest()
#15 /var/www/learningyii/demos/leapfrogems/index.php(13): CWebApplication->run()
REQUEST_URI=/demos/leapfrogems/index.php?r=site/index
in /var/www/learningyii/demos/leapfrogems/protected/views/layouts/column2.php (15)
in /var/www/learningyii/demos/leapfrogems/protected/controllers/SiteController.php (33)
in /var/www/learningyii/demos/leapfrogems/index.php (13)
2014/03/22 13:45:20 [error] [exception.CException] exception 'CException' with message 'SiteController and its behaviors do not have a method or closure named "layout".' in /var/www/learningyii/framework/base/CComponent.php:266
Stack trace:
#0 /var/www/learningyii/demos/leapfrogems/protected/views/layouts/main.php(75): CComponent->__call('layout', Array)
#1 /var/www/learningyii/demos/leapfrogems/protected/views/layouts/main.php(75): SiteController->layout()
#2 /var/www/learningyii/framework/web/CBaseController.php(126): require('/var/www/learni...')
#3 /var/www/learningyii/framework/web/CBaseController.php(95): CBaseController->renderInternal('/var/www/learni...', Array, true)
#4 /var/www/learningyii/framework/web/widgets/CContentDecorator.php(76): CBaseController->renderFile('/var/www/learni...', Array, true)
#5 /var/www/learningyii/framework/web/widgets/CContentDecorator.php(54): CContentDecorator->decorate('<div class="con...')
#6 /var/www/learningyii/framework/web/widgets/COutputProcessor.php(44): CContentDecorator->processOutput('<div class="con...')
#7 /var/www/learningyii/framework/web/CBaseController.php(206): COutputProcessor->run()
#8 /var/www/learningyii/framework/web/CBaseController.php(300): CBaseController->endWidget('CContentDecorat...')
#9 /var/www/learningyii/demos/leapfrogems/protected/views/layouts/column2.php(23): CBaseController->endContent()
#10 /var/www/learningyii/framework/web/CBaseController.php(126): require('/var/www/learni...')
#11 /var/www/learningyii/framework/web/CBaseController.php(95): CBaseController->renderInternal('/var/www/learni...', Array, true)
#12 /var/www/learningyii/framework/web/CController.php(784): CBaseController->renderFile('/var/www/learni...', Array, true)
#13 /var/www/learningyii/demos/leapfrogems/protected/controllers/SiteController.php(33): CController->render('index')
#14 /var/www/learningyii/framework/web/actions/CInlineAction.php(49): SiteController->actionIndex()
#15 /var/www/learningyii/framework/web/CController.php(308): CInlineAction->runWithParams(Array)
#16 /var/www/learningyii/framework/web/CController.php(286): CController->runAction(Object(CInlineAction))
#17 /var/www/learningyii/framework/web/CController.php(265): CController->runActionWithFilters(Object(CInlineAction), Array)
#18 /var/www/learningyii/framework/web/CWebApplication.php(282): CController->run('index')
#19 /var/www/learningyii/framework/web/CWebApplication.php(141): CWebApplication->runController('site/index')
#20 /var/www/learningyii/framework/base/CApplication.php(180): CWebApplication->processRequest()
#21 /var/www/learningyii/demos/leapfrogems/index.php(13): CApplication->run()
#22 {main}
REQUEST_URI=/demos/leapfrogems/index.php?r=site/index
HTTP_REFERER=http://dev.learningyii.com/demos/leapfrogems/index.php?r=site/contact
---
2014/03/22 14:12:31 [error] [exception.CHttpException.400] exception 'CHttpException' with message 'Your request is invalid.' in /var/www/learningyii/framework/web/CController.php:336
Stack trace:
#0 /var/www/learningyii/framework/web/CController.php(309): CController->invalidActionParams(Object(CInlineAction))
#1 /var/www/learningyii/framework/web/filters/CFilterChain.php(133): CController->runAction(Object(CInlineAction))
#2 /var/www/learningyii/framework/web/filters/CFilter.php(40): CFilterChain->run()
#3 /var/www/learningyii/framework/web/CController.php(1145): CFilter->filter(Object(CFilterChain))
#4 /var/www/learningyii/framework/web/filters/CInlineFilter.php(58): CController->filterAccessControl(Object(CFilterChain))
#5 /var/www/learningyii/framework/web/filters/CFilterChain.php(130): CInlineFilter->filter(Object(CFilterChain))
#6 /var/www/learningyii/framework/web/CController.php(291): CFilterChain->run()
#7 /var/www/learningyii/framework/web/CController.php(265): CController->runActionWithFilters(Object(CInlineAction), Array)
#8 /var/www/learningyii/framework/web/CWebApplication.php(282): CController->run('view')
#9 /var/www/learningyii/framework/web/CWebApplication.php(141): CWebApplication->runController('employee/employ...')
#10 /var/www/learningyii/framework/base/CApplication.php(180): CWebApplication->processRequest()
#11 /var/www/learningyii/demos/leapfrogems/index.php(13): CApplication->run()
#12 {main}
REQUEST_URI=/demos/leapfrogems/index.php?r=employee/employee/view
---
2014/03/22 14:19:46 [error] [exception.CException] exception 'CException' with message 'Property "EmployeeController.layoutPath" is not defined.' in /var/www/learningyii/framework/base/CComponent.php:173
Stack trace:
#0 /var/www/learningyii/demos/leapfrogems/protected/modules/employee/controllers/EmployeeController.php(12): CComponent->__set('layoutPath', 'protected/modul...')
#1 /var/www/learningyii/framework/web/CWebApplication.php(281): EmployeeController->init()
#2 /var/www/learningyii/framework/web/CWebApplication.php(141): CWebApplication->runController('employee/employ...')
#3 /var/www/learningyii/framework/base/CApplication.php(180): CWebApplication->processRequest()
#4 /var/www/learningyii/demos/leapfrogems/index.php(13): CApplication->run()
#5 {main}
REQUEST_URI=/demos/leapfrogems/index.php/?r=employee/employee/index
---
2014/03/22 14:20:07 [error] [exception.CException] exception 'CException' with message 'Property "EmployeeController.layoutPath" is not defined.' in /var/www/learningyii/framework/base/CComponent.php:173
Stack trace:
#0 /var/www/learningyii/demos/leapfrogems/protected/modules/employee/controllers/EmployeeController.php(12): CComponent->__set('layoutPath', 'protected/views...')
#1 /var/www/learningyii/framework/web/CWebApplication.php(281): EmployeeController->init()
#2 /var/www/learningyii/framework/web/CWebApplication.php(141): CWebApplication->runController('employee/employ...')
#3 /var/www/learningyii/framework/base/CApplication.php(180): CWebApplication->processRequest()
#4 /var/www/learningyii/demos/leapfrogems/index.php(13): CApplication->run()
#5 {main}
REQUEST_URI=/demos/leapfrogems/index.php/?r=employee/employee/index
---
2014/03/22 14:20:08 [error] [exception.CException] exception 'CException' with message 'Property "EmployeeController.layoutPath" is not defined.' in /var/www/learningyii/framework/base/CComponent.php:173
Stack trace:
#0 /var/www/learningyii/demos/leapfrogems/protected/modules/employee/controllers/EmployeeController.php(12): CComponent->__set('layoutPath', 'protected/views...')
#1 /var/www/learningyii/framework/web/CWebApplication.php(281): EmployeeController->init()
#2 /var/www/learningyii/framework/web/CWebApplication.php(141): CWebApplication->runController('employee/employ...')
#3 /var/www/learningyii/framework/base/CApplication.php(180): CWebApplication->processRequest()
#4 /var/www/learningyii/demos/leapfrogems/index.php(13): CApplication->run()
#5 {main}
REQUEST_URI=/demos/leapfrogems/index.php/?r=employee/employee/index
---
2014/03/22 14:20:21 [error] [exception.CException] exception 'CException' with message 'Property "EmployeeController.layoutPath" is not defined.' in /var/www/learningyii/framework/base/CComponent.php:173
Stack trace:
#0 /var/www/learningyii/demos/leapfrogems/protected/modules/employee/controllers/EmployeeController.php(12): CComponent->__set('layoutPath', 'protected/views...')
#1 /var/www/learningyii/framework/web/CWebApplication.php(281): EmployeeController->init()
#2 /var/www/learningyii/framework/web/CWebApplication.php(141): CWebApplication->runController('employee/employ...')
#3 /var/www/learningyii/framework/base/CApplication.php(180): CWebApplication->processRequest()
#4 /var/www/learningyii/demos/leapfrogems/index.php(13): CApplication->run()
#5 {main}
REQUEST_URI=/demos/leapfrogems/index.php/?r=employee/employee/index
---
2014/03/22 14:44:25 [error] [exception.CException] exception 'CException' with message 'Property "CDetailView.itemView" is not defined.' in /var/www/learningyii/framework/base/CComponent.php:173
Stack trace:
#0 /var/www/learningyii/framework/web/CWidgetFactory.php(161): CComponent->__set('itemView', '_view')
#1 /var/www/learningyii/framework/web/CBaseController.php(146): CWidgetFactory->createWidget(Object(EmployeeController), 'zii.widgets.CDe...', Array)
#2 /var/www/learningyii/framework/web/CBaseController.php(172): CBaseController->createWidget('zii.widgets.CDe...', Array)
#3 /var/www/learningyii/demos/leapfrogems/protected/modules/employee/views/employee/index.php(27): CBaseController->widget('zii.widgets.CDe...', Array)
#4 /var/www/learningyii/framework/web/CBaseController.php(126): require('/var/www/learni...')
#5 /var/www/learningyii/framework/web/CBaseController.php(95): CBaseController->renderInternal('/var/www/learni...', Array, true)
#6 /var/www/learningyii/framework/web/CController.php(869): CBaseController->renderFile('/var/www/learni...', Array, true)
#7 /var/www/learningyii/framework/web/CController.php(782): CController->renderPartial('index', Array, true)
#8 /var/www/learningyii/demos/leapfrogems/protected/modules/employee/controllers/EmployeeController.php(128): CController->render('index', Array)
#9 /var/www/learningyii/framework/web/actions/CInlineAction.php(49): EmployeeController->actionIndex()
#10 /var/www/learningyii/framework/web/CController.php(308): CInlineAction->runWithParams(Array)
#11 /var/www/learningyii/framework/web/filters/CFilterChain.php(133): CController->runAction(Object(CInlineAction))
#12 /var/www/learningyii/framework/web/filters/CFilter.php(40): CFilterChain->run()
#13 /var/www/learningyii/framework/web/CController.php(1145): CFilter->filter(Object(CFilterChain))
#14 /var/www/learningyii/framework/web/filters/CInlineFilter.php(58): CController->filterAccessControl(Object(CFilterChain))
#15 /var/www/learningyii/framework/web/filters/CFilterChain.php(130): CInlineFilter->filter(Object(CFilterChain))
#16 /var/www/learningyii/framework/web/CController.php(291): CFilterChain->run()
#17 /var/www/learningyii/framework/web/CController.php(265): CController->runActionWithFilters(Object(CInlineAction), Array)
#18 /var/www/learningyii/framework/web/CWebApplication.php(282): CController->run('')
#19 /var/www/learningyii/framework/web/CWebApplication.php(141): CWebApplication->runController('employee/employ...')
#20 /var/www/learningyii/framework/base/CApplication.php(180): CWebApplication->processRequest()
#21 /var/www/learningyii/demos/leapfrogems/index.php(13): CApplication->run()
#22 {main}
REQUEST_URI=/demos/leapfrogems/index.php?r=employee/employee/
---
2014/03/22 14:44:31 [error] [exception.CException] exception 'CException' with message 'Property "CDetailView.dataProvider" is not defined.' in /var/www/learningyii/framework/base/CComponent.php:173
Stack trace:
#0 /var/www/learningyii/framework/web/CWidgetFactory.php(161): CComponent->__set('dataProvider', Object(CActiveDataProvider))
#1 /var/www/learningyii/framework/web/CBaseController.php(146): CWidgetFactory->createWidget(Object(EmployeeController), 'zii.widgets.CDe...', Array)
#2 /var/www/learningyii/framework/web/CBaseController.php(172): CBaseController->createWidget('zii.widgets.CDe...', Array)
#3 /var/www/learningyii/demos/leapfrogems/protected/modules/employee/views/employee/index.php(27): CBaseController->widget('zii.widgets.CDe...', Array)
#4 /var/www/learningyii/framework/web/CBaseController.php(126): require('/var/www/learni...')
#5 /var/www/learningyii/framework/web/CBaseController.php(95): CBaseController->renderInternal('/var/www/learni...', Array, true)
#6 /var/www/learningyii/framework/web/CController.php(869): CBaseController->renderFile('/var/www/learni...', Array, true)
#7 /var/www/learningyii/framework/web/CController.php(782): CController->renderPartial('index', Array, true)
#8 /var/www/learningyii/demos/leapfrogems/protected/modules/employee/controllers/EmployeeController.php(128): CController->render('index', Array)
#9 /var/www/learningyii/framework/web/actions/CInlineAction.php(49): EmployeeController->actionIndex()
#10 /var/www/learningyii/framework/web/CController.php(308): CInlineAction->runWithParams(Array)
#11 /var/www/learningyii/framework/web/filters/CFilterChain.php(133): CController->runAction(Object(CInlineAction))
#12 /var/www/learningyii/framework/web/filters/CFilter.php(40): CFilterChain->run()
#13 /var/www/learningyii/framework/web/CController.php(1145): CFilter->filter(Object(CFilterChain))
#14 /var/www/learningyii/framework/web/filters/CInlineFilter.php(58): CController->filterAccessControl(Object(CFilterChain))
#15 /var/www/learningyii/framework/web/filters/CFilterChain.php(130): CInlineFilter->filter(Object(CFilterChain))
#16 /var/www/learningyii/framework/web/CController.php(291): CFilterChain->run()
#17 /var/www/learningyii/framework/web/CController.php(265): CController->runActionWithFilters(Object(CInlineAction), Array)
#18 /var/www/learningyii/framework/web/CWebApplication.php(282): CController->run('')
#19 /var/www/learningyii/framework/web/CWebApplication.php(141): CWebApplication->runController('employee/employ...')
#20 /var/www/learningyii/framework/base/CApplication.php(180): CWebApplication->processRequest()
#21 /var/www/learningyii/demos/leapfrogems/index.php(13): CApplication->run()
#22 {main}
REQUEST_URI=/demos/leapfrogems/index.php?r=employee/employee/
---
2014/03/22 14:44:41 [error] [exception.CException] exception 'CException' with message 'Property "CDetailView.itemView" is not defined.' in /var/www/learningyii/framework/base/CComponent.php:173
Stack trace:
#0 /var/www/learningyii/framework/web/CWidgetFactory.php(161): CComponent->__set('itemView', '_view')
#1 /var/www/learningyii/framework/web/CBaseController.php(146): CWidgetFactory->createWidget(Object(EmployeeController), 'zii.widgets.CDe...', Array)
#2 /var/www/learningyii/framework/web/CBaseController.php(172): CBaseController->createWidget('zii.widgets.CDe...', Array)
#3 /var/www/learningyii/demos/leapfrogems/protected/modules/employee/views/employee/index.php(27): CBaseController->widget('zii.widgets.CDe...', Array)
#4 /var/www/learningyii/framework/web/CBaseController.php(126): require('/var/www/learni...')
#5 /var/www/learningyii/framework/web/CBaseController.php(95): CBaseController->renderInternal('/var/www/learni...', Array, true)
#6 /var/www/learningyii/framework/web/CController.php(869): CBaseController->renderFile('/var/www/learni...', Array, true)
#7 /var/www/learningyii/framework/web/CController.php(782): CController->renderPartial('index', Array, true)
#8 /var/www/learningyii/demos/leapfrogems/protected/modules/employee/controllers/EmployeeController.php(128): CController->render('index', Array)
#9 /var/www/learningyii/framework/web/actions/CInlineAction.php(49): EmployeeController->actionIndex()
#10 /var/www/learningyii/framework/web/CController.php(308): CInlineAction->runWithParams(Array)
#11 /var/www/learningyii/framework/web/filters/CFilterChain.php(133): CController->runAction(Object(CInlineAction))
#12 /var/www/learningyii/framework/web/filters/CFilter.php(40): CFilterChain->run()
#13 /var/www/learningyii/framework/web/CController.php(1145): CFilter->filter(Object(CFilterChain))
#14 /var/www/learningyii/framework/web/filters/CInlineFilter.php(58): CController->filterAccessControl(Object(CFilterChain))
#15 /var/www/learningyii/framework/web/filters/CFilterChain.php(130): CInlineFilter->filter(Object(CFilterChain))
#16 /var/www/learningyii/framework/web/CController.php(291): CFilterChain->run()
#17 /var/www/learningyii/framework/web/CController.php(265): CController->runActionWithFilters(Object(CInlineAction), Array)
#18 /var/www/learningyii/framework/web/CWebApplication.php(282): CController->run('')
#19 /var/www/learningyii/framework/web/CWebApplication.php(141): CWebApplication->runController('employee/employ...')
#20 /var/www/learningyii/framework/base/CApplication.php(180): CWebApplication->processRequest()
#21 /var/www/learningyii/demos/leapfrogems/index.php(13): CApplication->run()
#22 {main}
REQUEST_URI=/demos/leapfrogems/index.php?r=employee/employee/
---
2014/03/22 14:44:45 [error] [exception.CException] exception 'CException' with message 'Please specify the "attributes" property.' in /var/www/learningyii/framework/zii/widgets/CDetailView.php:145
Stack trace:
#0 /var/www/learningyii/framework/web/CBaseController.php(147): CDetailView->init()
#1 /var/www/learningyii/framework/web/CBaseController.php(172): CBaseController->createWidget('zii.widgets.CDe...', Array)
#2 /var/www/learningyii/demos/leapfrogems/protected/modules/employee/views/employee/index.php(27): CBaseController->widget('zii.widgets.CDe...', Array)
#3 /var/www/learningyii/framework/web/CBaseController.php(126): require('/var/www/learni...')
#4 /var/www/learningyii/framework/web/CBaseController.php(95): CBaseController->renderInternal('/var/www/learni...', Array, true)
#5 /var/www/learningyii/framework/web/CController.php(869): CBaseController->renderFile('/var/www/learni...', Array, true)
#6 /var/www/learningyii/framework/web/CController.php(782): CController->renderPartial('index', Array, true)
#7 /var/www/learningyii/demos/leapfrogems/protected/modules/employee/controllers/EmployeeController.php(128): CController->render('index', Array)
#8 /var/www/learningyii/framework/web/actions/CInlineAction.php(49): EmployeeController->actionIndex()
#9 /var/www/learningyii/framework/web/CController.php(308): CInlineAction->runWithParams(Array)
#10 /var/www/learningyii/framework/web/filters/CFilterChain.php(133): CController->runAction(Object(CInlineAction))
#11 /var/www/learningyii/framework/web/filters/CFilter.php(40): CFilterChain->run()
#12 /var/www/learningyii/framework/web/CController.php(1145): CFilter->filter(Object(CFilterChain))
#13 /var/www/learningyii/framework/web/filters/CInlineFilter.php(58): CController->filterAccessControl(Object(CFilterChain))
#14 /var/www/learningyii/framework/web/filters/CFilterChain.php(130): CInlineFilter->filter(Object(CFilterChain))
#15 /var/www/learningyii/framework/web/CController.php(291): CFilterChain->run()
#16 /var/www/learningyii/framework/web/CController.php(265): CController->runActionWithFilters(Object(CInlineAction), Array)
#17 /var/www/learningyii/framework/web/CWebApplication.php(282): CController->run('')
#18 /var/www/learningyii/framework/web/CWebApplication.php(141): CWebApplication->runController('employee/employ...')
#19 /var/www/learningyii/framework/base/CApplication.php(180): CWebApplication->processRequest()
#20 /var/www/learningyii/demos/leapfrogems/index.php(13): CApplication->run()
#21 {main}
REQUEST_URI=/demos/leapfrogems/index.php?r=employee/employee/
---
2014/03/22 14:50:31 [error] [php] Undefined variable: data (/var/www/learningyii/demos/leapfrogems/protected/modules/employee/views/employee/index.php:28)
Stack trace:
#0 /var/www/learningyii/framework/web/CController.php(869): EmployeeController->renderFile()
#1 /var/www/learningyii/framework/web/CController.php(782): EmployeeController->renderPartial()
#2 /var/www/learningyii/demos/leapfrogems/protected/modules/employee/controllers/EmployeeController.php(128): EmployeeController->render()
#3 /var/www/learningyii/framework/web/actions/CInlineAction.php(49): EmployeeController->actionIndex()
#4 /var/www/learningyii/framework/web/CController.php(308): CInlineAction->runWithParams()
#5 /var/www/learningyii/framework/web/filters/CFilterChain.php(133): EmployeeController->runAction()
#6 /var/www/learningyii/framework/web/filters/CFilter.php(40): CFilterChain->run()
#7 /var/www/learningyii/framework/web/CController.php(1145): CAccessControlFilter->filter()
#8 /var/www/learningyii/framework/web/filters/CInlineFilter.php(58): EmployeeController->filterAccessControl()
#9 /var/www/learningyii/framework/web/filters/CFilterChain.php(130): CInlineFilter->filter()
#10 /var/www/learningyii/framework/web/CController.php(291): CFilterChain->run()
#11 /var/www/learningyii/framework/web/CController.php(265): EmployeeController->runActionWithFilters()
#12 /var/www/learningyii/framework/web/CWebApplication.php(282): EmployeeController->run()
#13 /var/www/learningyii/framework/web/CWebApplication.php(141): CWebApplication->runController()
#14 /var/www/learningyii/framework/base/CApplication.php(180): CWebApplication->processRequest()
#15 /var/www/learningyii/demos/leapfrogems/index.php(13): CWebApplication->run()
REQUEST_URI=/demos/leapfrogems/index.php?r=employee/employee/
in /var/www/learningyii/demos/leapfrogems/protected/modules/employee/views/employee/index.php (28)
in /var/www/learningyii/demos/leapfrogems/protected/modules/employee/controllers/EmployeeController.php (128)
in /var/www/learningyii/demos/leapfrogems/index.php (13)
2014/03/22 14:50:58 [error] [exception.CException] exception 'CException' with message 'CActiveDataProvider and its behaviors do not have a method or closure named "getAttributeLabel".' in /var/www/learningyii/framework/base/CComponent.php:266
Stack trace:
#0 /var/www/learningyii/demos/leapfrogems/protected/modules/employee/views/employee/index.php(28): CComponent->__call('getAttributeLab...', Array)
#1 /var/www/learningyii/demos/leapfrogems/protected/modules/employee/views/employee/index.php(28): CActiveDataProvider->getAttributeLabel('id')
#2 /var/www/learningyii/framework/web/CBaseController.php(126): require('/var/www/learni...')
#3 /var/www/learningyii/framework/web/CBaseController.php(95): CBaseController->renderInternal('/var/www/learni...', Array, true)
#4 /var/www/learningyii/framework/web/CController.php(869): CBaseController->renderFile('/var/www/learni...', Array, true)
#5 /var/www/learningyii/framework/web/CController.php(782): CController->renderPartial('index', Array, true)
#6 /var/www/learningyii/demos/leapfrogems/protected/modules/employee/controllers/EmployeeController.php(128): CController->render('index', Array)
#7 /var/www/learningyii/framework/web/actions/CInlineAction.php(49): EmployeeController->actionIndex()
#8 /var/www/learningyii/framework/web/CController.php(308): CInlineAction->runWithParams(Array)
#9 /var/www/learningyii/framework/web/filters/CFilterChain.php(133): CController->runAction(Object(CInlineAction))
#10 /var/www/learningyii/framework/web/filters/CFilter.php(40): CFilterChain->run()
#11 /var/www/learningyii/framework/web/CController.php(1145): CFilter->filter(Object(CFilterChain))
#12 /var/www/learningyii/framework/web/filters/CInlineFilter.php(58): CController->filterAccessControl(Object(CFilterChain))
#13 /var/www/learningyii/framework/web/filters/CFilterChain.php(130): CInlineFilter->filter(Object(CFilterChain))
#14 /var/www/learningyii/framework/web/CController.php(291): CFilterChain->run()
#15 /var/www/learningyii/framework/web/CController.php(265): CController->runActionWithFilters(Object(CInlineAction), Array)
#16 /var/www/learningyii/framework/web/CWebApplication.php(282): CController->run('')
#17 /var/www/learningyii/framework/web/CWebApplication.php(141): CWebApplication->runController('employee/employ...')
#18 /var/www/learningyii/framework/base/CApplication.php(180): CWebApplication->processRequest()
#19 /var/www/learningyii/demos/leapfrogems/index.php(13): CApplication->run()
#20 {main}
REQUEST_URI=/demos/leapfrogems/index.php?r=employee/employee/
---
2014/03/24 22:01:27 [error] [php] include(Designation.php): failed to open stream: No such file or directory (/var/www/learningyii/framework/YiiBase.php:427)
Stack trace:
#0 /var/www/learningyii/framework/db/ar/CActiveRecord.php(395): spl_autoload_call()
#1 /var/www/learningyii/framework/db/ar/CActiveFinder.php(182): model()
#2 /var/www/learningyii/framework/db/ar/CActiveFinder.php(230): CActiveFinder->getModel()
#3 /var/www/learningyii/framework/db/ar/CActiveFinder.php(48): CActiveFinder->buildJoinTree()
#4 /var/www/learningyii/framework/db/ar/CActiveRecord.php(909): CActiveFinder->__construct()
#5 /var/www/learningyii/framework/db/ar/CActiveRecord.php(1604): Employee->getActiveFinder()
#6 /var/www/learningyii/framework/web/CActiveDataProvider.php(228): Employee->count()
#7 /var/www/learningyii/framework/web/CDataProvider.php(224): CActiveDataProvider->calculateTotalItemCount()
#8 /var/www/learningyii/framework/web/CActiveDataProvider.php(178): CActiveDataProvider->getTotalItemCount()
#9 /var/www/learningyii/framework/web/CDataProvider.php(168): CActiveDataProvider->fetchData()
#10 /var/www/learningyii/framework/zii/widgets/CBaseListView.php(111): CActiveDataProvider->getData()
#11 /var/www/learningyii/framework/zii/widgets/CListView.php(211): CListView->init()
#12 /var/www/learningyii/framework/web/CBaseController.php(147): CListView->init()
#13 /var/www/learningyii/framework/web/CBaseController.php(172): EmployeeController->createWidget()
#14 /var/www/learningyii/demos/leapfrogems/protected/modules/employee/views/employee/index.php(20): EmployeeController->widget()
#15 /var/www/learningyii/framework/web/CBaseController.php(126): require()
#16 /var/www/learningyii/framework/web/CBaseController.php(95): EmployeeController->renderInternal()
#17 /var/www/learningyii/framework/web/CController.php(869): EmployeeController->renderFile()
#18 /var/www/learningyii/framework/web/CController.php(782): EmployeeController->renderPartial()
#19 /var/www/learningyii/demos/leapfrogems/protected/modules/employee/controllers/EmployeeController.php(132): EmployeeController->render()
#20 /var/www/learningyii/framework/web/actions/CInlineAction.php(49): EmployeeController->actionIndex()
#21 /var/www/learningyii/framework/web/CController.php(308): CInlineAction->runWithParams()
#22 /var/www/learningyii/framework/web/filters/CFilterChain.php(133): EmployeeController->runAction()
#23 /var/www/learningyii/framework/web/filters/CFilter.php(40): CFilterChain->run()
#24 /var/www/learningyii/framework/web/CController.php(1145): CAccessControlFilter->filter()
#25 /var/www/learningyii/framework/web/filters/CInlineFilter.php(58): EmployeeController->filterAccessControl()
#26 /var/www/learningyii/framework/web/filters/CFilterChain.php(130): CInlineFilter->filter()
#27 /var/www/learningyii/framework/web/CController.php(291): CFilterChain->run()
#28 /var/www/learningyii/framework/web/CController.php(265): EmployeeController->runActionWithFilters()
#29 /var/www/learningyii/framework/web/CWebApplication.php(282): EmployeeController->run()
#30 /var/www/learningyii/framework/web/CWebApplication.php(141): CWebApplication->runController()
#31 /var/www/learningyii/framework/base/CApplication.php(180): CWebApplication->processRequest()
#32 /var/www/learningyii/demos/leapfrogems/index.php(13): CWebApplication->run()
REQUEST_URI=/demos/leapfrogems/index.php?r=employee/employee/
in /var/www/learningyii/demos/leapfrogems/protected/modules/employee/views/employee/index.php (20)
in /var/www/learningyii/demos/leapfrogems/protected/modules/employee/controllers/EmployeeController.php (132)
in /var/www/learningyii/demos/leapfrogems/index.php (13)
2014/03/24 22:05:05 [error] [exception.CDbException] exception 'CDbException' with message 'Relation "roles" is not defined in active record class "Employee".' in /var/www/learningyii/framework/db/ar/CActiveFinder.php:226
Stack trace:
#0 /var/www/learningyii/framework/db/ar/CActiveFinder.php(296): CActiveFinder->buildJoinTree(Object(CJoinElement), 'roles')
#1 /var/www/learningyii/framework/db/ar/CActiveFinder.php(48): CActiveFinder->buildJoinTree(Object(CJoinElement), Array)
#2 /var/www/learningyii/framework/db/ar/CActiveRecord.php(909): CActiveFinder->__construct(Object(Employee), Array)
#3 /var/www/learningyii/framework/db/ar/CActiveRecord.php(1604): CActiveRecord->getActiveFinder(Array)
#4 /var/www/learningyii/framework/web/CActiveDataProvider.php(228): CActiveRecord->count(Object(CDbCriteria))
#5 /var/www/learningyii/framework/web/CDataProvider.php(224): CActiveDataProvider->calculateTotalItemCount()
#6 /var/www/learningyii/framework/web/CActiveDataProvider.php(178): CDataProvider->getTotalItemCount()
#7 /var/www/learningyii/framework/web/CDataProvider.php(168): CActiveDataProvider->fetchData()
#8 /var/www/learningyii/framework/zii/widgets/CBaseListView.php(111): CDataProvider->getData()
#9 /var/www/learningyii/framework/zii/widgets/CListView.php(211): CBaseListView->init()
#10 /var/www/learningyii/framework/web/CBaseController.php(147): CListView->init()
#11 /var/www/learningyii/framework/web/CBaseController.php(172): CBaseController->createWidget('zii.widgets.CLi...', Array)
#12 /var/www/learningyii/demos/leapfrogems/protected/modules/employee/views/employee/index.php(20): CBaseController->widget('zii.widgets.CLi...', Array)
#13 /var/www/learningyii/framework/web/CBaseController.php(126): require('/var/www/learni...')
#14 /var/www/learningyii/framework/web/CBaseController.php(95): CBaseController->renderInternal('/var/www/learni...', Array, true)
#15 /var/www/learningyii/framework/web/CController.php(869): CBaseController->renderFile('/var/www/learni...', Array, true)
#16 /var/www/learningyii/framework/web/CController.php(782): CController->renderPartial('index', Array, true)
#17 /var/www/learningyii/demos/leapfrogems/protected/modules/employee/controllers/EmployeeController.php(132): CController->render('index', Array)
#18 /var/www/learningyii/framework/web/actions/CInlineAction.php(49): EmployeeController->actionIndex()
#19 /var/www/learningyii/framework/web/CController.php(308): CInlineAction->runWithParams(Array)
#20 /var/www/learningyii/framework/web/filters/CFilterChain.php(133): CController->runAction(Object(CInlineAction))
#21 /var/www/learningyii/framework/web/filters/CFilter.php(40): CFilterChain->run()
#22 /var/www/learningyii/framework/web/CController.php(1145): CFilter->filter(Object(CFilterChain))
#23 /var/www/learningyii/framework/web/filters/CInlineFilter.php(58): CController->filterAccessControl(Object(CFilterChain))
#24 /var/www/learningyii/framework/web/filters/CFilterChain.php(130): CInlineFilter->filter(Object(CFilterChain))
#25 /var/www/learningyii/framework/web/CController.php(291): CFilterChain->run()
#26 /var/www/learningyii/framework/web/CController.php(265): CController->runActionWithFilters(Object(CInlineAction), Array)
#27 /var/www/learningyii/framework/web/CWebApplication.php(282): CController->run('')
#28 /var/www/learningyii/framework/web/CWebApplication.php(141): CWebApplication->runController('employee/employ...')
#29 /var/www/learningyii/framework/base/CApplication.php(180): CWebApplication->processRequest()
#30 /var/www/learningyii/demos/leapfrogems/index.php(13): CApplication->run()
#31 {main}
REQUEST_URI=/demos/leapfrogems/index.php?r=employee/employee/
---
2014/03/24 22:12:02 [error] [system.db.CDbCommand] CDbCommand::fetchAll() failed: SQLSTATE[23000]: Integrity constraint violation: 1052 Column 'id' in order clause is ambiguous. The SQL statement executed was: SELECT `t`.`id` AS `t0_c0`, `t`.`role_id` AS `t0_c1`, `t`.`full_name` AS `t0_c2`, `t`.`email_id` AS `t0_c3`, `t`.`password` AS `t0_c4`, `t`.`contact` AS `t0_c5`, `t`.`designation_id` AS `t0_c6`, `designation`.`id` AS `t1_c0`, `designation`.`name` AS `t1_c1`, `role`.`id` AS `t2_c0`, `role`.`name` AS `t2_c1` FROM `Employee` `t`  LEFT OUTER JOIN `Designation` `designation` ON (`t`.`designation_id`=`designation`.`id`)  LEFT OUTER JOIN `Roles` `role` ON (`t`.`role_id`=`role`.`id`)  ORDER BY id DESC LIMIT 10.
in /var/www/learningyii/demos/leapfrogems/protected/modules/employee/views/employee/index.php (20)
in /var/www/learningyii/demos/leapfrogems/protected/modules/employee/controllers/EmployeeController.php (133)
in /var/www/learningyii/demos/leapfrogems/index.php (13)
2014/03/24 22:12:02 [error] [exception.CDbException] exception 'CDbException' with message 'CDbCommand failed to execute the SQL statement: SQLSTATE[23000]: Integrity constraint violation: 1052 Column 'id' in order clause is ambiguous. The SQL statement executed was: SELECT `t`.`id` AS `t0_c0`, `t`.`role_id` AS `t0_c1`, `t`.`full_name` AS `t0_c2`, `t`.`email_id` AS `t0_c3`, `t`.`password` AS `t0_c4`, `t`.`contact` AS `t0_c5`, `t`.`designation_id` AS `t0_c6`, `designation`.`id` AS `t1_c0`, `designation`.`name` AS `t1_c1`, `role`.`id` AS `t2_c0`, `role`.`name` AS `t2_c1` FROM `Employee` `t`  LEFT OUTER JOIN `Designation` `designation` ON (`t`.`designation_id`=`designation`.`id`)  LEFT OUTER JOIN `Roles` `role` ON (`t`.`role_id`=`role`.`id`)  ORDER BY id DESC LIMIT 10' in /var/www/learningyii/framework/db/CDbCommand.php:543
Stack trace:
#0 /var/www/learningyii/framework/db/CDbCommand.php(396): CDbCommand->queryInternal('fetchAll', Array, Array)
#1 /var/www/learningyii/framework/db/ar/CActiveFinder.php(803): CDbCommand->queryAll()
#2 /var/www/learningyii/framework/db/ar/CActiveFinder.php(437): CJoinElement->runQuery(Object(CJoinQuery))
#3 /var/www/learningyii/framework/db/ar/CActiveFinder.php(68): CJoinElement->find(Object(CDbCriteria))
#4 /var/www/learningyii/framework/db/ar/CActiveRecord.php(1356): CActiveFinder->query(Object(CDbCriteria), true)
#5 /var/www/learningyii/framework/db/ar/CActiveRecord.php(1470): CActiveRecord->query(Object(CDbCriteria), true)
#6 /var/www/learningyii/framework/web/CActiveDataProvider.php(199): CActiveRecord->findAll(Object(CDbCriteria))
#7 /var/www/learningyii/framework/web/CDataProvider.php(168): CActiveDataProvider->fetchData()
#8 /var/www/learningyii/framework/zii/widgets/CBaseListView.php(111): CDataProvider->getData()
#9 /var/www/learningyii/framework/zii/widgets/CListView.php(211): CBaseListView->init()
#10 /var/www/learningyii/framework/web/CBaseController.php(147): CListView->init()
#11 /var/www/learningyii/framework/web/CBaseController.php(172): CBaseController->createWidget('zii.widgets.CLi...', Array)
#12 /var/www/learningyii/demos/leapfrogems/protected/modules/employee/views/employee/index.php(20): CBaseController->widget('zii.widgets.CLi...', Array)
#13 /var/www/learningyii/framework/web/CBaseController.php(126): require('/var/www/learni...')
#14 /var/www/learningyii/framework/web/CBaseController.php(95): CBaseController->renderInternal('/var/www/learni...', Array, true)
#15 /var/www/learningyii/framework/web/CController.php(869): CBaseController->renderFile('/var/www/learni...', Array, true)
#16 /var/www/learningyii/framework/web/CController.php(782): CController->renderPartial('index', Array, true)
#17 /var/www/learningyii/demos/leapfrogems/protected/modules/employee/controllers/EmployeeController.php(133): CController->render('index', Array)
#18 /var/www/learningyii/framework/web/actions/CInlineAction.php(49): EmployeeController->actionIndex()
#19 /var/www/learningyii/framework/web/CController.php(308): CInlineAction->runWithParams(Array)
#20 /var/www/learningyii/framework/web/filters/CFilterChain.php(133): CController->runAction(Object(CInlineAction))
#21 /var/www/learningyii/framework/web/filters/CFilter.php(40): CFilterChain->run()
#22 /var/www/learningyii/framework/web/CController.php(1145): CFilter->filter(Object(CFilterChain))
#23 /var/www/learningyii/framework/web/filters/CInlineFilter.php(58): CController->filterAccessControl(Object(CFilterChain))
#24 /var/www/learningyii/framework/web/filters/CFilterChain.php(130): CInlineFilter->filter(Object(CFilterChain))
#25 /var/www/learningyii/framework/web/CController.php(291): CFilterChain->run()
#26 /var/www/learningyii/framework/web/CController.php(265): CController->runActionWithFilters(Object(CInlineAction), Array)
#27 /var/www/learningyii/framework/web/CWebApplication.php(282): CController->run('')
#28 /var/www/learningyii/framework/web/CWebApplication.php(141): CWebApplication->runController('employee/employ...')
#29 /var/www/learningyii/framework/base/CApplication.php(180): CWebApplication->processRequest()
#30 /var/www/learningyii/demos/leapfrogems/index.php(13): CApplication->run()
#31 {main}
REQUEST_URI=/demos/leapfrogems/index.php?r=employee/employee/
---
2014/03/24 22:14:17 [error] [system.db.CDbCommand] CDbCommand::fetchAll() failed: SQLSTATE[23000]: Integrity constraint violation: 1052 Column 'id' in order clause is ambiguous. The SQL statement executed was: SELECT `t`.`id` AS `t0_c0`, `t`.`role_id` AS `t0_c1`, `t`.`full_name` AS `t0_c2`, `t`.`email_id` AS `t0_c3`, `t`.`password` AS `t0_c4`, `t`.`contact` AS `t0_c5`, `t`.`designation_id` AS `t0_c6`, `designation`.`id` AS `t1_c0`, `designation`.`name` AS `t1_c1`, `role`.`id` AS `t2_c0`, `role`.`name` AS `t2_c1` FROM `Employee` `t`  LEFT OUTER JOIN `Designation` `designation` ON (`t`.`designation_id`=`designation`.`id`)  LEFT OUTER JOIN `Roles` `role` ON (`t`.`role_id`=`role`.`id`)  ORDER BY id DESC LIMIT 10.
in /var/www/learningyii/demos/leapfrogems/protected/modules/employee/views/employee/index.php (20)
in /var/www/learningyii/demos/leapfrogems/protected/modules/employee/controllers/EmployeeController.php (133)
in /var/www/learningyii/demos/leapfrogems/index.php (13)
2014/03/24 22:14:17 [error] [exception.CDbException] exception 'CDbException' with message 'CDbCommand failed to execute the SQL statement: SQLSTATE[23000]: Integrity constraint violation: 1052 Column 'id' in order clause is ambiguous. The SQL statement executed was: SELECT `t`.`id` AS `t0_c0`, `t`.`role_id` AS `t0_c1`, `t`.`full_name` AS `t0_c2`, `t`.`email_id` AS `t0_c3`, `t`.`password` AS `t0_c4`, `t`.`contact` AS `t0_c5`, `t`.`designation_id` AS `t0_c6`, `designation`.`id` AS `t1_c0`, `designation`.`name` AS `t1_c1`, `role`.`id` AS `t2_c0`, `role`.`name` AS `t2_c1` FROM `Employee` `t`  LEFT OUTER JOIN `Designation` `designation` ON (`t`.`designation_id`=`designation`.`id`)  LEFT OUTER JOIN `Roles` `role` ON (`t`.`role_id`=`role`.`id`)  ORDER BY id DESC LIMIT 10' in /var/www/learningyii/framework/db/CDbCommand.php:543
Stack trace:
#0 /var/www/learningyii/framework/db/CDbCommand.php(396): CDbCommand->queryInternal('fetchAll', Array, Array)
#1 /var/www/learningyii/framework/db/ar/CActiveFinder.php(803): CDbCommand->queryAll()
#2 /var/www/learningyii/framework/db/ar/CActiveFinder.php(437): CJoinElement->runQuery(Object(CJoinQuery))
#3 /var/www/learningyii/framework/db/ar/CActiveFinder.php(68): CJoinElement->find(Object(CDbCriteria))
#4 /var/www/learningyii/framework/db/ar/CActiveRecord.php(1356): CActiveFinder->query(Object(CDbCriteria), true)
#5 /var/www/learningyii/framework/db/ar/CActiveRecord.php(1470): CActiveRecord->query(Object(CDbCriteria), true)
#6 /var/www/learningyii/framework/web/CActiveDataProvider.php(199): CActiveRecord->findAll(Object(CDbCriteria))
#7 /var/www/learningyii/framework/web/CDataProvider.php(168): CActiveDataProvider->fetchData()
#8 /var/www/learningyii/framework/zii/widgets/CBaseListView.php(111): CDataProvider->getData()
#9 /var/www/learningyii/framework/zii/widgets/CListView.php(211): CBaseListView->init()
#10 /var/www/learningyii/framework/web/CBaseController.php(147): CListView->init()
#11 /var/www/learningyii/framework/web/CBaseController.php(172): CBaseController->createWidget('zii.widgets.CLi...', Array)
#12 /var/www/learningyii/demos/leapfrogems/protected/modules/employee/views/employee/index.php(20): CBaseController->widget('zii.widgets.CLi...', Array)
#13 /var/www/learningyii/framework/web/CBaseController.php(126): require('/var/www/learni...')
#14 /var/www/learningyii/framework/web/CBaseController.php(95): CBaseController->renderInternal('/var/www/learni...', Array, true)
#15 /var/www/learningyii/framework/web/CController.php(869): CBaseController->renderFile('/var/www/learni...', Array, true)
#16 /var/www/learningyii/framework/web/CController.php(782): CController->renderPartial('index', Array, true)
#17 /var/www/learningyii/demos/leapfrogems/protected/modules/employee/controllers/EmployeeController.php(133): CController->render('index', Array)
#18 /var/www/learningyii/framework/web/actions/CInlineAction.php(49): EmployeeController->actionIndex()
#19 /var/www/learningyii/framework/web/CController.php(308): CInlineAction->runWithParams(Array)
#20 /var/www/learningyii/framework/web/filters/CFilterChain.php(133): CController->runAction(Object(CInlineAction))
#21 /var/www/learningyii/framework/web/filters/CFilter.php(40): CFilterChain->run()
#22 /var/www/learningyii/framework/web/CController.php(1145): CFilter->filter(Object(CFilterChain))
#23 /var/www/learningyii/framework/web/filters/CInlineFilter.php(58): CController->filterAccessControl(Object(CFilterChain))
#24 /var/www/learningyii/framework/web/filters/CFilterChain.php(130): CInlineFilter->filter(Object(CFilterChain))
#25 /var/www/learningyii/framework/web/CController.php(291): CFilterChain->run()
#26 /var/www/learningyii/framework/web/CController.php(265): CController->runActionWithFilters(Object(CInlineAction), Array)
#27 /var/www/learningyii/framework/web/CWebApplication.php(282): CController->run('')
#28 /var/www/learningyii/framework/web/CWebApplication.php(141): CWebApplication->runController('employee/employ...')
#29 /var/www/learningyii/framework/base/CApplication.php(180): CWebApplication->processRequest()
#30 /var/www/learningyii/demos/leapfrogems/index.php(13): CApplication->run()
#31 {main}
REQUEST_URI=/demos/leapfrogems/index.php?r=employee/employee/
---
