2014/02/16 14:00:02 [error] [exception.CDbException] could not find driver
2014/02/16 14:00:02 [error] [exception.CDbException] exception 'CDbException' with message 'CDbConnection failed to open the DB connection.' in /var/www/learningyii/framework/db/CDbConnection.php:388
Stack trace:
#0 /var/www/learningyii/framework/db/CDbConnection.php(330): CDbConnection->open()
#1 /var/www/learningyii/framework/db/CDbConnection.php(308): CDbConnection->setActive(true)
#2 /var/www/learningyii/framework/base/CModule.php(387): CDbConnection->init()
#3 /var/www/learningyii/framework/base/CApplication.php(450): CModule->getComponent('db')
#4 /var/www/learningyii/framework/db/ar/CActiveRecord.php(634): CApplication->getDb()
#5 /var/www/learningyii/framework/db/ar/CActiveRecord.php(667): CActiveRecord->getDbConnection()
#6 /var/www/learningyii/framework/db/ar/CActiveRecord.php(1595): CActiveRecord->getCommandBuilder()
#7 /var/www/learningyii/framework/web/CActiveDataProvider.php(228): CActiveRecord->count(Object(CDbCriteria))
#8 /var/www/learningyii/framework/web/CDataProvider.php(224): CActiveDataProvider->calculateTotalItemCount()
#9 /var/www/learningyii/framework/web/CActiveDataProvider.php(178): CDataProvider->getTotalItemCount()
#10 /var/www/learningyii/framework/web/CDataProvider.php(168): CActiveDataProvider->fetchData()
#11 /var/www/learningyii/framework/zii/widgets/CBaseListView.php(111): CDataProvider->getData()
#12 /var/www/learningyii/framework/zii/widgets/CListView.php(211): CBaseListView->init()
#13 /var/www/learningyii/framework/web/CBaseController.php(147): CListView->init()
#14 /var/www/learningyii/framework/web/CBaseController.php(172): CBaseController->createWidget('zii.widgets.CLi...', Array)
#15 /var/www/learningyii/demos/blog/protected/views/post/index.php(9): CBaseController->widget('zii.widgets.CLi...', Array)
#16 /var/www/learningyii/framework/web/CBaseController.php(126): require('/var/www/learni...')
#17 /var/www/learningyii/framework/web/CBaseController.php(95): CBaseController->renderInternal('/var/www/learni...', Array, true)
#18 /var/www/learningyii/framework/web/CController.php(869): CBaseController->renderFile('/var/www/learni...', Array, true)
#19 /var/www/learningyii/framework/web/CController.php(782): CController->renderPartial('index', Array, true)
#20 /var/www/learningyii/demos/blog/protected/controllers/PostController.php(136): CController->render('index', Array)
#21 /var/www/learningyii/framework/web/actions/CInlineAction.php(49): PostController->actionIndex()
#22 /var/www/learningyii/framework/web/CController.php(308): CInlineAction->runWithParams(Array)
#23 /var/www/learningyii/framework/web/filters/CFilterChain.php(133): CController->runAction(Object(CInlineAction))
#24 /var/www/learningyii/framework/web/filters/CFilter.php(40): CFilterChain->run()
#25 /var/www/learningyii/framework/web/CController.php(1145): CFilter->filter(Object(CFilterChain))
#26 /var/www/learningyii/framework/web/filters/CInlineFilter.php(58): CController->filterAccessControl(Object(CFilterChain))
#27 /var/www/learningyii/framework/web/filters/CFilterChain.php(130): CInlineFilter->filter(Object(CFilterChain))
#28 /var/www/learningyii/framework/web/CController.php(291): CFilterChain->run()
#29 /var/www/learningyii/framework/web/CController.php(265): CController->runActionWithFilters(Object(CInlineAction), Array)
#30 /var/www/learningyii/framework/web/CWebApplication.php(282): CController->run('')
#31 /var/www/learningyii/framework/web/CWebApplication.php(141): CWebApplication->runController('')
#32 /var/www/learningyii/framework/base/CApplication.php(180): CWebApplication->processRequest()
#33 /var/www/learningyii/demos/blog/index.php(11): CApplication->run()
#34 {main}
REQUEST_URI=/demos/blog/
HTTP_REFERER=http://dev.learningyii.com/demos/
---
2014/02/22 15:59:09 [error] [exception.CDbException] could not find driver
2014/02/22 15:59:09 [error] [exception.CDbException] exception 'CDbException' with message 'CDbConnection failed to open the DB connection.' in /var/www/learningyii/framework/db/CDbConnection.php:388
Stack trace:
#0 /var/www/learningyii/framework/db/CDbConnection.php(330): CDbConnection->open()
#1 /var/www/learningyii/framework/db/CDbConnection.php(308): CDbConnection->setActive(true)
#2 /var/www/learningyii/framework/base/CModule.php(387): CDbConnection->init()
#3 /var/www/learningyii/framework/base/CApplication.php(450): CModule->getComponent('db')
#4 /var/www/learningyii/framework/db/ar/CActiveRecord.php(634): CApplication->getDb()
#5 /var/www/learningyii/framework/db/ar/CActiveRecord.php(667): CActiveRecord->getDbConnection()
#6 /var/www/learningyii/framework/db/ar/CActiveRecord.php(1595): CActiveRecord->getCommandBuilder()
#7 /var/www/learningyii/framework/web/CActiveDataProvider.php(228): CActiveRecord->count(Object(CDbCriteria))
#8 /var/www/learningyii/framework/web/CDataProvider.php(224): CActiveDataProvider->calculateTotalItemCount()
#9 /var/www/learningyii/framework/web/CActiveDataProvider.php(178): CDataProvider->getTotalItemCount()
#10 /var/www/learningyii/framework/web/CDataProvider.php(168): CActiveDataProvider->fetchData()
#11 /var/www/learningyii/framework/zii/widgets/CBaseListView.php(111): CDataProvider->getData()
#12 /var/www/learningyii/framework/zii/widgets/CListView.php(211): CBaseListView->init()
#13 /var/www/learningyii/framework/web/CBaseController.php(147): CListView->init()
#14 /var/www/learningyii/framework/web/CBaseController.php(172): CBaseController->createWidget('zii.widgets.CLi...', Array)
#15 /var/www/learningyii/demos/blog/protected/views/post/index.php(9): CBaseController->widget('zii.widgets.CLi...', Array)
#16 /var/www/learningyii/framework/web/CBaseController.php(126): require('/var/www/learni...')
#17 /var/www/learningyii/framework/web/CBaseController.php(95): CBaseController->renderInternal('/var/www/learni...', Array, true)
#18 /var/www/learningyii/framework/web/CController.php(869): CBaseController->renderFile('/var/www/learni...', Array, true)
#19 /var/www/learningyii/framework/web/CController.php(782): CController->renderPartial('index', Array, true)
#20 /var/www/learningyii/demos/blog/protected/controllers/PostController.php(136): CController->render('index', Array)
#21 /var/www/learningyii/framework/web/actions/CInlineAction.php(49): PostController->actionIndex()
#22 /var/www/learningyii/framework/web/CController.php(308): CInlineAction->runWithParams(Array)
#23 /var/www/learningyii/framework/web/filters/CFilterChain.php(133): CController->runAction(Object(CInlineAction))
#24 /var/www/learningyii/framework/web/filters/CFilter.php(40): CFilterChain->run()
#25 /var/www/learningyii/framework/web/CController.php(1145): CFilter->filter(Object(CFilterChain))
#26 /var/www/learningyii/framework/web/filters/CInlineFilter.php(58): CController->filterAccessControl(Object(CFilterChain))
#27 /var/www/learningyii/framework/web/filters/CFilterChain.php(130): CInlineFilter->filter(Object(CFilterChain))
#28 /var/www/learningyii/framework/web/CController.php(291): CFilterChain->run()
#29 /var/www/learningyii/framework/web/CController.php(265): CController->runActionWithFilters(Object(CInlineAction), Array)
#30 /var/www/learningyii/framework/web/CWebApplication.php(282): CController->run('')
#31 /var/www/learningyii/framework/web/CWebApplication.php(141): CWebApplication->runController('')
#32 /var/www/learningyii/framework/base/CApplication.php(180): CWebApplication->processRequest()
#33 /var/www/learningyii/demos/blog/index.php(11): CApplication->run()
#34 {main}
REQUEST_URI=/demos/blog/
HTTP_REFERER=http://dev.learningyii.com/demos/
---
2014/02/22 15:59:21 [error] [exception.CDbException] could not find driver
2014/02/22 15:59:21 [error] [exception.CDbException] exception 'CDbException' with message 'CDbConnection failed to open the DB connection.' in /var/www/learningyii/framework/db/CDbConnection.php:388
Stack trace:
#0 /var/www/learningyii/framework/db/CDbConnection.php(330): CDbConnection->open()
#1 /var/www/learningyii/framework/db/CDbConnection.php(308): CDbConnection->setActive(true)
#2 /var/www/learningyii/framework/base/CModule.php(387): CDbConnection->init()
#3 /var/www/learningyii/framework/base/CApplication.php(450): CModule->getComponent('db')
#4 /var/www/learningyii/framework/db/ar/CActiveRecord.php(634): CApplication->getDb()
#5 /var/www/learningyii/framework/db/ar/CActiveRecord.php(667): CActiveRecord->getDbConnection()
#6 /var/www/learningyii/framework/db/ar/CActiveRecord.php(1455): CActiveRecord->getCommandBuilder()
#7 /var/www/learningyii/demos/blog/protected/components/UserIdentity.php(18): CActiveRecord->find('LOWER(username)...', Array)
#8 /var/www/learningyii/demos/blog/protected/models/LoginForm.php(50): UserIdentity->authenticate()
#9 /var/www/learningyii/framework/validators/CInlineValidator.php(42): LoginForm->authenticate('password', Array)
#10 /var/www/learningyii/framework/validators/CValidator.php(213): CInlineValidator->validateAttribute(Object(LoginForm), 'password')
#11 /var/www/learningyii/framework/base/CModel.php(159): CValidator->validate(Object(LoginForm), NULL)
#12 /var/www/learningyii/demos/blog/protected/controllers/SiteController.php(82): CModel->validate()
#13 /var/www/learningyii/framework/web/actions/CInlineAction.php(49): SiteController->actionLogin()
#14 /var/www/learningyii/framework/web/CController.php(308): CInlineAction->runWithParams(Array)
#15 /var/www/learningyii/framework/web/CController.php(286): CController->runAction(Object(CInlineAction))
#16 /var/www/learningyii/framework/web/CController.php(265): CController->runActionWithFilters(Object(CInlineAction), Array)
#17 /var/www/learningyii/framework/web/CWebApplication.php(282): CController->run('login')
#18 /var/www/learningyii/framework/web/CWebApplication.php(141): CWebApplication->runController('site/login')
#19 /var/www/learningyii/framework/base/CApplication.php(180): CWebApplication->processRequest()
#20 /var/www/learningyii/demos/blog/index.php(11): CApplication->run()
#21 {main}
REQUEST_URI=/demos/blog/index.php/site/login
HTTP_REFERER=http://dev.learningyii.com/demos/blog/index.php/site/login
---
2014/02/22 15:59:23 [error] [exception.CDbException] could not find driver
2014/02/22 15:59:23 [error] [exception.CDbException] exception 'CDbException' with message 'CDbConnection failed to open the DB connection.' in /var/www/learningyii/framework/db/CDbConnection.php:388
Stack trace:
#0 /var/www/learningyii/framework/db/CDbConnection.php(330): CDbConnection->open()
#1 /var/www/learningyii/framework/db/CDbConnection.php(308): CDbConnection->setActive(true)
#2 /var/www/learningyii/framework/base/CModule.php(387): CDbConnection->init()
#3 /var/www/learningyii/framework/base/CApplication.php(450): CModule->getComponent('db')
#4 /var/www/learningyii/framework/db/ar/CActiveRecord.php(634): CApplication->getDb()
#5 /var/www/learningyii/framework/db/ar/CActiveRecord.php(667): CActiveRecord->getDbConnection()
#6 /var/www/learningyii/framework/db/ar/CActiveRecord.php(1595): CActiveRecord->getCommandBuilder()
#7 /var/www/learningyii/framework/web/CActiveDataProvider.php(228): CActiveRecord->count(Object(CDbCriteria))
#8 /var/www/learningyii/framework/web/CDataProvider.php(224): CActiveDataProvider->calculateTotalItemCount()
#9 /var/www/learningyii/framework/web/CActiveDataProvider.php(178): CDataProvider->getTotalItemCount()
#10 /var/www/learningyii/framework/web/CDataProvider.php(168): CActiveDataProvider->fetchData()
#11 /var/www/learningyii/framework/zii/widgets/CBaseListView.php(111): CDataProvider->getData()
#12 /var/www/learningyii/framework/zii/widgets/CListView.php(211): CBaseListView->init()
#13 /var/www/learningyii/framework/web/CBaseController.php(147): CListView->init()
#14 /var/www/learningyii/framework/web/CBaseController.php(172): CBaseController->createWidget('zii.widgets.CLi...', Array)
#15 /var/www/learningyii/demos/blog/protected/views/post/index.php(9): CBaseController->widget('zii.widgets.CLi...', Array)
#16 /var/www/learningyii/framework/web/CBaseController.php(126): require('/var/www/learni...')
#17 /var/www/learningyii/framework/web/CBaseController.php(95): CBaseController->renderInternal('/var/www/learni...', Array, true)
#18 /var/www/learningyii/framework/web/CController.php(869): CBaseController->renderFile('/var/www/learni...', Array, true)
#19 /var/www/learningyii/framework/web/CController.php(782): CController->renderPartial('index', Array, true)
#20 /var/www/learningyii/demos/blog/protected/controllers/PostController.php(136): CController->render('index', Array)
#21 /var/www/learningyii/framework/web/actions/CInlineAction.php(49): PostController->actionIndex()
#22 /var/www/learningyii/framework/web/CController.php(308): CInlineAction->runWithParams(Array)
#23 /var/www/learningyii/framework/web/filters/CFilterChain.php(133): CController->runAction(Object(CInlineAction))
#24 /var/www/learningyii/framework/web/filters/CFilter.php(40): CFilterChain->run()
#25 /var/www/learningyii/framework/web/CController.php(1145): CFilter->filter(Object(CFilterChain))
#26 /var/www/learningyii/framework/web/filters/CInlineFilter.php(58): CController->filterAccessControl(Object(CFilterChain))
#27 /var/www/learningyii/framework/web/filters/CFilterChain.php(130): CInlineFilter->filter(Object(CFilterChain))
#28 /var/www/learningyii/framework/web/CController.php(291): CFilterChain->run()
#29 /var/www/learningyii/framework/web/CController.php(265): CController->runActionWithFilters(Object(CInlineAction), Array)
#30 /var/www/learningyii/framework/web/CWebApplication.php(282): CController->run('index')
#31 /var/www/learningyii/framework/web/CWebApplication.php(141): CWebApplication->runController('post/index')
#32 /var/www/learningyii/framework/base/CApplication.php(180): CWebApplication->processRequest()
#33 /var/www/learningyii/demos/blog/index.php(11): CApplication->run()
#34 {main}
REQUEST_URI=/demos/blog/index.php/post/index
HTTP_REFERER=http://dev.learningyii.com/demos/blog/index.php/site/login
---
2014/02/22 16:48:57 [error] [exception.CDbException] could not find driver
2014/02/22 16:48:57 [error] [exception.CDbException] exception 'CDbException' with message 'CDbConnection failed to open the DB connection.' in /var/www/learningyii/framework/db/CDbConnection.php:388
Stack trace:
#0 /var/www/learningyii/framework/db/CDbConnection.php(330): CDbConnection->open()
#1 /var/www/learningyii/framework/db/CDbConnection.php(308): CDbConnection->setActive(true)
#2 /var/www/learningyii/framework/base/CModule.php(387): CDbConnection->init()
#3 /var/www/learningyii/framework/base/CApplication.php(450): CModule->getComponent('db')
#4 /var/www/learningyii/framework/db/ar/CActiveRecord.php(634): CApplication->getDb()
#5 /var/www/learningyii/framework/db/ar/CActiveRecord.php(667): CActiveRecord->getDbConnection()
#6 /var/www/learningyii/framework/db/ar/CActiveRecord.php(1595): CActiveRecord->getCommandBuilder()
#7 /var/www/learningyii/framework/web/CActiveDataProvider.php(228): CActiveRecord->count(Object(CDbCriteria))
#8 /var/www/learningyii/framework/web/CDataProvider.php(224): CActiveDataProvider->calculateTotalItemCount()
#9 /var/www/learningyii/framework/web/CActiveDataProvider.php(178): CDataProvider->getTotalItemCount()
#10 /var/www/learningyii/framework/web/CDataProvider.php(168): CActiveDataProvider->fetchData()
#11 /var/www/learningyii/framework/zii/widgets/CBaseListView.php(111): CDataProvider->getData()
#12 /var/www/learningyii/framework/zii/widgets/CListView.php(211): CBaseListView->init()
#13 /var/www/learningyii/framework/web/CBaseController.php(147): CListView->init()
#14 /var/www/learningyii/framework/web/CBaseController.php(172): CBaseController->createWidget('zii.widgets.CLi...', Array)
#15 /var/www/learningyii/demos/blog/protected/views/post/index.php(9): CBaseController->widget('zii.widgets.CLi...', Array)
#16 /var/www/learningyii/framework/web/CBaseController.php(126): require('/var/www/learni...')
#17 /var/www/learningyii/framework/web/CBaseController.php(95): CBaseController->renderInternal('/var/www/learni...', Array, true)
#18 /var/www/learningyii/framework/web/CController.php(869): CBaseController->renderFile('/var/www/learni...', Array, true)
#19 /var/www/learningyii/framework/web/CController.php(782): CController->renderPartial('index', Array, true)
#20 /var/www/learningyii/demos/blog/protected/controllers/PostController.php(136): CController->render('index', Array)
#21 /var/www/learningyii/framework/web/actions/CInlineAction.php(49): PostController->actionIndex()
#22 /var/www/learningyii/framework/web/CController.php(308): CInlineAction->runWithParams(Array)
#23 /var/www/learningyii/framework/web/filters/CFilterChain.php(133): CController->runAction(Object(CInlineAction))
#24 /var/www/learningyii/framework/web/filters/CFilter.php(40): CFilterChain->run()
#25 /var/www/learningyii/framework/web/CController.php(1145): CFilter->filter(Object(CFilterChain))
#26 /var/www/learningyii/framework/web/filters/CInlineFilter.php(58): CController->filterAccessControl(Object(CFilterChain))
#27 /var/www/learningyii/framework/web/filters/CFilterChain.php(130): CInlineFilter->filter(Object(CFilterChain))
#28 /var/www/learningyii/framework/web/CController.php(291): CFilterChain->run()
#29 /var/www/learningyii/framework/web/CController.php(265): CController->runActionWithFilters(Object(CInlineAction), Array)
#30 /var/www/learningyii/framework/web/CWebApplication.php(282): CController->run('')
#31 /var/www/learningyii/framework/web/CWebApplication.php(141): CWebApplication->runController('')
#32 /var/www/learningyii/framework/base/CApplication.php(180): CWebApplication->processRequest()
#33 /var/www/learningyii/demos/blog/index.php(11): CApplication->run()
#34 {main}
REQUEST_URI=/demos/blog/
HTTP_REFERER=http://dev.learningyii.com/demos/
---
2014/02/22 16:59:52 [error] [exception.CDbException] could not find driver
2014/02/22 16:59:52 [error] [exception.CDbException] exception 'CDbException' with message 'CDbConnection failed to open the DB connection.' in /var/www/learningyii/framework/db/CDbConnection.php:388
Stack trace:
#0 /var/www/learningyii/framework/db/CDbConnection.php(330): CDbConnection->open()
#1 /var/www/learningyii/framework/db/CDbConnection.php(308): CDbConnection->setActive(true)
#2 /var/www/learningyii/framework/base/CModule.php(387): CDbConnection->init()
#3 /var/www/learningyii/framework/base/CApplication.php(450): CModule->getComponent('db')
#4 /var/www/learningyii/framework/db/ar/CActiveRecord.php(634): CApplication->getDb()
#5 /var/www/learningyii/framework/db/ar/CActiveRecord.php(667): CActiveRecord->getDbConnection()
#6 /var/www/learningyii/framework/db/ar/CActiveRecord.php(1595): CActiveRecord->getCommandBuilder()
#7 /var/www/learningyii/framework/web/CActiveDataProvider.php(228): CActiveRecord->count(Object(CDbCriteria))
#8 /var/www/learningyii/framework/web/CDataProvider.php(224): CActiveDataProvider->calculateTotalItemCount()
#9 /var/www/learningyii/framework/web/CActiveDataProvider.php(178): CDataProvider->getTotalItemCount()
#10 /var/www/learningyii/framework/web/CDataProvider.php(168): CActiveDataProvider->fetchData()
#11 /var/www/learningyii/framework/zii/widgets/CBaseListView.php(111): CDataProvider->getData()
#12 /var/www/learningyii/framework/zii/widgets/CListView.php(211): CBaseListView->init()
#13 /var/www/learningyii/framework/web/CBaseController.php(147): CListView->init()
#14 /var/www/learningyii/framework/web/CBaseController.php(172): CBaseController->createWidget('zii.widgets.CLi...', Array)
#15 /var/www/learningyii/demos/blog/protected/views/post/index.php(9): CBaseController->widget('zii.widgets.CLi...', Array)
#16 /var/www/learningyii/framework/web/CBaseController.php(126): require('/var/www/learni...')
#17 /var/www/learningyii/framework/web/CBaseController.php(95): CBaseController->renderInternal('/var/www/learni...', Array, true)
#18 /var/www/learningyii/framework/web/CController.php(869): CBaseController->renderFile('/var/www/learni...', Array, true)
#19 /var/www/learningyii/framework/web/CController.php(782): CController->renderPartial('index', Array, true)
#20 /var/www/learningyii/demos/blog/protected/controllers/PostController.php(136): CController->render('index', Array)
#21 /var/www/learningyii/framework/web/actions/CInlineAction.php(49): PostController->actionIndex()
#22 /var/www/learningyii/framework/web/CController.php(308): CInlineAction->runWithParams(Array)
#23 /var/www/learningyii/framework/web/filters/CFilterChain.php(133): CController->runAction(Object(CInlineAction))
#24 /var/www/learningyii/framework/web/filters/CFilter.php(40): CFilterChain->run()
#25 /var/www/learningyii/framework/web/CController.php(1145): CFilter->filter(Object(CFilterChain))
#26 /var/www/learningyii/framework/web/filters/CInlineFilter.php(58): CController->filterAccessControl(Object(CFilterChain))
#27 /var/www/learningyii/framework/web/filters/CFilterChain.php(130): CInlineFilter->filter(Object(CFilterChain))
#28 /var/www/learningyii/framework/web/CController.php(291): CFilterChain->run()
#29 /var/www/learningyii/framework/web/CController.php(265): CController->runActionWithFilters(Object(CInlineAction), Array)
#30 /var/www/learningyii/framework/web/CWebApplication.php(282): CController->run('')
#31 /var/www/learningyii/framework/web/CWebApplication.php(141): CWebApplication->runController('')
#32 /var/www/learningyii/framework/base/CApplication.php(180): CWebApplication->processRequest()
#33 /var/www/learningyii/demos/blog/index.php(11): CApplication->run()
#34 {main}
REQUEST_URI=/demos/blog/
HTTP_REFERER=http://dev.learningyii.com/demos/
---
2014/02/22 16:59:58 [error] [exception.CDbException] could not find driver
2014/02/22 16:59:58 [error] [exception.CDbException] exception 'CDbException' with message 'CDbConnection failed to open the DB connection.' in /var/www/learningyii/framework/db/CDbConnection.php:388
Stack trace:
#0 /var/www/learningyii/framework/db/CDbConnection.php(330): CDbConnection->open()
#1 /var/www/learningyii/framework/db/CDbConnection.php(308): CDbConnection->setActive(true)
#2 /var/www/learningyii/framework/base/CModule.php(387): CDbConnection->init()
#3 /var/www/learningyii/framework/base/CApplication.php(450): CModule->getComponent('db')
#4 /var/www/learningyii/framework/db/ar/CActiveRecord.php(634): CApplication->getDb()
#5 /var/www/learningyii/framework/db/ar/CActiveRecord.php(667): CActiveRecord->getDbConnection()
#6 /var/www/learningyii/framework/db/ar/CActiveRecord.php(1595): CActiveRecord->getCommandBuilder()
#7 /var/www/learningyii/framework/web/CActiveDataProvider.php(228): CActiveRecord->count(Object(CDbCriteria))
#8 /var/www/learningyii/framework/web/CDataProvider.php(224): CActiveDataProvider->calculateTotalItemCount()
#9 /var/www/learningyii/framework/web/CActiveDataProvider.php(178): CDataProvider->getTotalItemCount()
#10 /var/www/learningyii/framework/web/CDataProvider.php(168): CActiveDataProvider->fetchData()
#11 /var/www/learningyii/framework/zii/widgets/CBaseListView.php(111): CDataProvider->getData()
#12 /var/www/learningyii/framework/zii/widgets/CListView.php(211): CBaseListView->init()
#13 /var/www/learningyii/framework/web/CBaseController.php(147): CListView->init()
#14 /var/www/learningyii/framework/web/CBaseController.php(172): CBaseController->createWidget('zii.widgets.CLi...', Array)
#15 /var/www/learningyii/demos/blog/protected/views/post/index.php(9): CBaseController->widget('zii.widgets.CLi...', Array)
#16 /var/www/learningyii/framework/web/CBaseController.php(126): require('/var/www/learni...')
#17 /var/www/learningyii/framework/web/CBaseController.php(95): CBaseController->renderInternal('/var/www/learni...', Array, true)
#18 /var/www/learningyii/framework/web/CController.php(869): CBaseController->renderFile('/var/www/learni...', Array, true)
#19 /var/www/learningyii/framework/web/CController.php(782): CController->renderPartial('index', Array, true)
#20 /var/www/learningyii/demos/blog/protected/controllers/PostController.php(136): CController->render('index', Array)
#21 /var/www/learningyii/framework/web/actions/CInlineAction.php(49): PostController->actionIndex()
#22 /var/www/learningyii/framework/web/CController.php(308): CInlineAction->runWithParams(Array)
#23 /var/www/learningyii/framework/web/filters/CFilterChain.php(133): CController->runAction(Object(CInlineAction))
#24 /var/www/learningyii/framework/web/filters/CFilter.php(40): CFilterChain->run()
#25 /var/www/learningyii/framework/web/CController.php(1145): CFilter->filter(Object(CFilterChain))
#26 /var/www/learningyii/framework/web/filters/CInlineFilter.php(58): CController->filterAccessControl(Object(CFilterChain))
#27 /var/www/learningyii/framework/web/filters/CFilterChain.php(130): CInlineFilter->filter(Object(CFilterChain))
#28 /var/www/learningyii/framework/web/CController.php(291): CFilterChain->run()
#29 /var/www/learningyii/framework/web/CController.php(265): CController->runActionWithFilters(Object(CInlineAction), Array)
#30 /var/www/learningyii/framework/web/CWebApplication.php(282): CController->run('')
#31 /var/www/learningyii/framework/web/CWebApplication.php(141): CWebApplication->runController('')
#32 /var/www/learningyii/framework/base/CApplication.php(180): CWebApplication->processRequest()
#33 /var/www/learningyii/demos/blog/index.php(11): CApplication->run()
#34 {main}
REQUEST_URI=/demos/blog/
HTTP_REFERER=http://dev.learningyii.com/demos/
---
2014/02/22 17:00:02 [error] [exception.CDbException] could not find driver
2014/02/22 17:00:02 [error] [exception.CDbException] exception 'CDbException' with message 'CDbConnection failed to open the DB connection.' in /var/www/learningyii/framework/db/CDbConnection.php:388
Stack trace:
#0 /var/www/learningyii/framework/db/CDbConnection.php(330): CDbConnection->open()
#1 /var/www/learningyii/framework/db/CDbConnection.php(308): CDbConnection->setActive(true)
#2 /var/www/learningyii/framework/base/CModule.php(387): CDbConnection->init()
#3 /var/www/learningyii/framework/base/CApplication.php(450): CModule->getComponent('db')
#4 /var/www/learningyii/framework/db/ar/CActiveRecord.php(634): CApplication->getDb()
#5 /var/www/learningyii/framework/db/ar/CActiveRecord.php(667): CActiveRecord->getDbConnection()
#6 /var/www/learningyii/framework/db/ar/CActiveRecord.php(1595): CActiveRecord->getCommandBuilder()
#7 /var/www/learningyii/framework/web/CActiveDataProvider.php(228): CActiveRecord->count(Object(CDbCriteria))
#8 /var/www/learningyii/framework/web/CDataProvider.php(224): CActiveDataProvider->calculateTotalItemCount()
#9 /var/www/learningyii/framework/web/CActiveDataProvider.php(178): CDataProvider->getTotalItemCount()
#10 /var/www/learningyii/framework/web/CDataProvider.php(168): CActiveDataProvider->fetchData()
#11 /var/www/learningyii/framework/zii/widgets/CBaseListView.php(111): CDataProvider->getData()
#12 /var/www/learningyii/framework/zii/widgets/CListView.php(211): CBaseListView->init()
#13 /var/www/learningyii/framework/web/CBaseController.php(147): CListView->init()
#14 /var/www/learningyii/framework/web/CBaseController.php(172): CBaseController->createWidget('zii.widgets.CLi...', Array)
#15 /var/www/learningyii/demos/blog/protected/views/post/index.php(9): CBaseController->widget('zii.widgets.CLi...', Array)
#16 /var/www/learningyii/framework/web/CBaseController.php(126): require('/var/www/learni...')
#17 /var/www/learningyii/framework/web/CBaseController.php(95): CBaseController->renderInternal('/var/www/learni...', Array, true)
#18 /var/www/learningyii/framework/web/CController.php(869): CBaseController->renderFile('/var/www/learni...', Array, true)
#19 /var/www/learningyii/framework/web/CController.php(782): CController->renderPartial('index', Array, true)
#20 /var/www/learningyii/demos/blog/protected/controllers/PostController.php(136): CController->render('index', Array)
#21 /var/www/learningyii/framework/web/actions/CInlineAction.php(49): PostController->actionIndex()
#22 /var/www/learningyii/framework/web/CController.php(308): CInlineAction->runWithParams(Array)
#23 /var/www/learningyii/framework/web/filters/CFilterChain.php(133): CController->runAction(Object(CInlineAction))
#24 /var/www/learningyii/framework/web/filters/CFilter.php(40): CFilterChain->run()
#25 /var/www/learningyii/framework/web/CController.php(1145): CFilter->filter(Object(CFilterChain))
#26 /var/www/learningyii/framework/web/filters/CInlineFilter.php(58): CController->filterAccessControl(Object(CFilterChain))
#27 /var/www/learningyii/framework/web/filters/CFilterChain.php(130): CInlineFilter->filter(Object(CFilterChain))
#28 /var/www/learningyii/framework/web/CController.php(291): CFilterChain->run()
#29 /var/www/learningyii/framework/web/CController.php(265): CController->runActionWithFilters(Object(CInlineAction), Array)
#30 /var/www/learningyii/framework/web/CWebApplication.php(282): CController->run('')
#31 /var/www/learningyii/framework/web/CWebApplication.php(141): CWebApplication->runController('')
#32 /var/www/learningyii/framework/base/CApplication.php(180): CWebApplication->processRequest()
#33 /var/www/learningyii/demos/blog/index.php(11): CApplication->run()
#34 {main}
REQUEST_URI=/demos/blog/
---
2014/02/22 17:03:29 [error] [exception.CDbException] could not find driver
2014/02/22 17:03:29 [error] [exception.CDbException] exception 'CDbException' with message 'CDbConnection failed to open the DB connection.' in /var/www/learningyii/framework/db/CDbConnection.php:388
Stack trace:
#0 /var/www/learningyii/framework/db/CDbConnection.php(330): CDbConnection->open()
#1 /var/www/learningyii/framework/db/CDbConnection.php(308): CDbConnection->setActive(true)
#2 /var/www/learningyii/framework/base/CModule.php(387): CDbConnection->init()
#3 /var/www/learningyii/framework/base/CApplication.php(450): CModule->getComponent('db')
#4 /var/www/learningyii/framework/db/ar/CActiveRecord.php(634): CApplication->getDb()
#5 /var/www/learningyii/framework/db/ar/CActiveRecord.php(667): CActiveRecord->getDbConnection()
#6 /var/www/learningyii/framework/db/ar/CActiveRecord.php(1595): CActiveRecord->getCommandBuilder()
#7 /var/www/learningyii/framework/web/CActiveDataProvider.php(228): CActiveRecord->count(Object(CDbCriteria))
#8 /var/www/learningyii/framework/web/CDataProvider.php(224): CActiveDataProvider->calculateTotalItemCount()
#9 /var/www/learningyii/framework/web/CActiveDataProvider.php(178): CDataProvider->getTotalItemCount()
#10 /var/www/learningyii/framework/web/CDataProvider.php(168): CActiveDataProvider->fetchData()
#11 /var/www/learningyii/framework/zii/widgets/CBaseListView.php(111): CDataProvider->getData()
#12 /var/www/learningyii/framework/zii/widgets/CListView.php(211): CBaseListView->init()
#13 /var/www/learningyii/framework/web/CBaseController.php(147): CListView->init()
#14 /var/www/learningyii/framework/web/CBaseController.php(172): CBaseController->createWidget('zii.widgets.CLi...', Array)
#15 /var/www/learningyii/demos/blog/protected/views/post/index.php(9): CBaseController->widget('zii.widgets.CLi...', Array)
#16 /var/www/learningyii/framework/web/CBaseController.php(126): require('/var/www/learni...')
#17 /var/www/learningyii/framework/web/CBaseController.php(95): CBaseController->renderInternal('/var/www/learni...', Array, true)
#18 /var/www/learningyii/framework/web/CController.php(869): CBaseController->renderFile('/var/www/learni...', Array, true)
#19 /var/www/learningyii/framework/web/CController.php(782): CController->renderPartial('index', Array, true)
#20 /var/www/learningyii/demos/blog/protected/controllers/PostController.php(136): CController->render('index', Array)
#21 /var/www/learningyii/framework/web/actions/CInlineAction.php(49): PostController->actionIndex()
#22 /var/www/learningyii/framework/web/CController.php(308): CInlineAction->runWithParams(Array)
#23 /var/www/learningyii/framework/web/filters/CFilterChain.php(133): CController->runAction(Object(CInlineAction))
#24 /var/www/learningyii/framework/web/filters/CFilter.php(40): CFilterChain->run()
#25 /var/www/learningyii/framework/web/CController.php(1145): CFilter->filter(Object(CFilterChain))
#26 /var/www/learningyii/framework/web/filters/CInlineFilter.php(58): CController->filterAccessControl(Object(CFilterChain))
#27 /var/www/learningyii/framework/web/filters/CFilterChain.php(130): CInlineFilter->filter(Object(CFilterChain))
#28 /var/www/learningyii/framework/web/CController.php(291): CFilterChain->run()
#29 /var/www/learningyii/framework/web/CController.php(265): CController->runActionWithFilters(Object(CInlineAction), Array)
#30 /var/www/learningyii/framework/web/CWebApplication.php(282): CController->run('')
#31 /var/www/learningyii/framework/web/CWebApplication.php(141): CWebApplication->runController('')
#32 /var/www/learningyii/framework/base/CApplication.php(180): CWebApplication->processRequest()
#33 /var/www/learningyii/demos/blog/index.php(11): CApplication->run()
#34 {main}
REQUEST_URI=/demos/blog/
---
2014/02/22 17:07:30 [error] [exception.CDbException] could not find driver
2014/02/22 17:07:30 [error] [exception.CDbException] exception 'CDbException' with message 'CDbConnection failed to open the DB connection.' in /var/www/learningyii/framework/db/CDbConnection.php:388
Stack trace:
#0 /var/www/learningyii/framework/db/CDbConnection.php(330): CDbConnection->open()
#1 /var/www/learningyii/framework/db/CDbConnection.php(308): CDbConnection->setActive(true)
#2 /var/www/learningyii/framework/base/CModule.php(387): CDbConnection->init()
#3 /var/www/learningyii/framework/base/CApplication.php(450): CModule->getComponent('db')
#4 /var/www/learningyii/framework/db/ar/CActiveRecord.php(634): CApplication->getDb()
#5 /var/www/learningyii/framework/db/ar/CActiveRecord.php(667): CActiveRecord->getDbConnection()
#6 /var/www/learningyii/framework/db/ar/CActiveRecord.php(1595): CActiveRecord->getCommandBuilder()
#7 /var/www/learningyii/framework/web/CActiveDataProvider.php(228): CActiveRecord->count(Object(CDbCriteria))
#8 /var/www/learningyii/framework/web/CDataProvider.php(224): CActiveDataProvider->calculateTotalItemCount()
#9 /var/www/learningyii/framework/web/CActiveDataProvider.php(178): CDataProvider->getTotalItemCount()
#10 /var/www/learningyii/framework/web/CDataProvider.php(168): CActiveDataProvider->fetchData()
#11 /var/www/learningyii/framework/zii/widgets/CBaseListView.php(111): CDataProvider->getData()
#12 /var/www/learningyii/framework/zii/widgets/CListView.php(211): CBaseListView->init()
#13 /var/www/learningyii/framework/web/CBaseController.php(147): CListView->init()
#14 /var/www/learningyii/framework/web/CBaseController.php(172): CBaseController->createWidget('zii.widgets.CLi...', Array)
#15 /var/www/learningyii/demos/blog/protected/views/post/index.php(9): CBaseController->widget('zii.widgets.CLi...', Array)
#16 /var/www/learningyii/framework/web/CBaseController.php(126): require('/var/www/learni...')
#17 /var/www/learningyii/framework/web/CBaseController.php(95): CBaseController->renderInternal('/var/www/learni...', Array, true)
#18 /var/www/learningyii/framework/web/CController.php(869): CBaseController->renderFile('/var/www/learni...', Array, true)
#19 /var/www/learningyii/framework/web/CController.php(782): CController->renderPartial('index', Array, true)
#20 /var/www/learningyii/demos/blog/protected/controllers/PostController.php(136): CController->render('index', Array)
#21 /var/www/learningyii/framework/web/actions/CInlineAction.php(49): PostController->actionIndex()
#22 /var/www/learningyii/framework/web/CController.php(308): CInlineAction->runWithParams(Array)
#23 /var/www/learningyii/framework/web/filters/CFilterChain.php(133): CController->runAction(Object(CInlineAction))
#24 /var/www/learningyii/framework/web/filters/CFilter.php(40): CFilterChain->run()
#25 /var/www/learningyii/framework/web/CController.php(1145): CFilter->filter(Object(CFilterChain))
#26 /var/www/learningyii/framework/web/filters/CInlineFilter.php(58): CController->filterAccessControl(Object(CFilterChain))
#27 /var/www/learningyii/framework/web/filters/CFilterChain.php(130): CInlineFilter->filter(Object(CFilterChain))
#28 /var/www/learningyii/framework/web/CController.php(291): CFilterChain->run()
#29 /var/www/learningyii/framework/web/CController.php(265): CController->runActionWithFilters(Object(CInlineAction), Array)
#30 /var/www/learningyii/framework/web/CWebApplication.php(282): CController->run('')
#31 /var/www/learningyii/framework/web/CWebApplication.php(141): CWebApplication->runController('')
#32 /var/www/learningyii/framework/base/CApplication.php(180): CWebApplication->processRequest()
#33 /var/www/learningyii/demos/blog/index.php(11): CApplication->run()
#34 {main}
REQUEST_URI=/demos/blog/index.php
HTTP_REFERER=http://dev.learningyii.com/demos/blog/
---
2014/02/22 17:07:31 [error] [exception.CDbException] could not find driver
2014/02/22 17:07:31 [error] [exception.CDbException] exception 'CDbException' with message 'CDbConnection failed to open the DB connection.' in /var/www/learningyii/framework/db/CDbConnection.php:388
Stack trace:
#0 /var/www/learningyii/framework/db/CDbConnection.php(330): CDbConnection->open()
#1 /var/www/learningyii/framework/db/CDbConnection.php(308): CDbConnection->setActive(true)
#2 /var/www/learningyii/framework/base/CModule.php(387): CDbConnection->init()
#3 /var/www/learningyii/framework/base/CApplication.php(450): CModule->getComponent('db')
#4 /var/www/learningyii/framework/db/ar/CActiveRecord.php(634): CApplication->getDb()
#5 /var/www/learningyii/framework/db/ar/CActiveRecord.php(667): CActiveRecord->getDbConnection()
#6 /var/www/learningyii/framework/db/ar/CActiveRecord.php(1595): CActiveRecord->getCommandBuilder()
#7 /var/www/learningyii/framework/web/CActiveDataProvider.php(228): CActiveRecord->count(Object(CDbCriteria))
#8 /var/www/learningyii/framework/web/CDataProvider.php(224): CActiveDataProvider->calculateTotalItemCount()
#9 /var/www/learningyii/framework/web/CActiveDataProvider.php(178): CDataProvider->getTotalItemCount()
#10 /var/www/learningyii/framework/web/CDataProvider.php(168): CActiveDataProvider->fetchData()
#11 /var/www/learningyii/framework/zii/widgets/CBaseListView.php(111): CDataProvider->getData()
#12 /var/www/learningyii/framework/zii/widgets/CListView.php(211): CBaseListView->init()
#13 /var/www/learningyii/framework/web/CBaseController.php(147): CListView->init()
#14 /var/www/learningyii/framework/web/CBaseController.php(172): CBaseController->createWidget('zii.widgets.CLi...', Array)
#15 /var/www/learningyii/demos/blog/protected/views/post/index.php(9): CBaseController->widget('zii.widgets.CLi...', Array)
#16 /var/www/learningyii/framework/web/CBaseController.php(126): require('/var/www/learni...')
#17 /var/www/learningyii/framework/web/CBaseController.php(95): CBaseController->renderInternal('/var/www/learni...', Array, true)
#18 /var/www/learningyii/framework/web/CController.php(869): CBaseController->renderFile('/var/www/learni...', Array, true)
#19 /var/www/learningyii/framework/web/CController.php(782): CController->renderPartial('index', Array, true)
#20 /var/www/learningyii/demos/blog/protected/controllers/PostController.php(136): CController->render('index', Array)
#21 /var/www/learningyii/framework/web/actions/CInlineAction.php(49): PostController->actionIndex()
#22 /var/www/learningyii/framework/web/CController.php(308): CInlineAction->runWithParams(Array)
#23 /var/www/learningyii/framework/web/filters/CFilterChain.php(133): CController->runAction(Object(CInlineAction))
#24 /var/www/learningyii/framework/web/filters/CFilter.php(40): CFilterChain->run()
#25 /var/www/learningyii/framework/web/CController.php(1145): CFilter->filter(Object(CFilterChain))
#26 /var/www/learningyii/framework/web/filters/CInlineFilter.php(58): CController->filterAccessControl(Object(CFilterChain))
#27 /var/www/learningyii/framework/web/filters/CFilterChain.php(130): CInlineFilter->filter(Object(CFilterChain))
#28 /var/www/learningyii/framework/web/CController.php(291): CFilterChain->run()
#29 /var/www/learningyii/framework/web/CController.php(265): CController->runActionWithFilters(Object(CInlineAction), Array)
#30 /var/www/learningyii/framework/web/CWebApplication.php(282): CController->run('')
#31 /var/www/learningyii/framework/web/CWebApplication.php(141): CWebApplication->runController('')
#32 /var/www/learningyii/framework/base/CApplication.php(180): CWebApplication->processRequest()
#33 /var/www/learningyii/demos/blog/index.php(11): CApplication->run()
#34 {main}
REQUEST_URI=/demos/blog/index.php
HTTP_REFERER=http://dev.learningyii.com/demos/blog/index.php
---
2014/02/22 17:08:10 [error] [exception.CDbException] could not find driver
2014/02/22 17:08:10 [error] [exception.CDbException] exception 'CDbException' with message 'CDbConnection failed to open the DB connection.' in /var/www/learningyii/framework/db/CDbConnection.php:388
Stack trace:
#0 /var/www/learningyii/framework/db/CDbConnection.php(330): CDbConnection->open()
#1 /var/www/learningyii/framework/db/CDbConnection.php(308): CDbConnection->setActive(true)
#2 /var/www/learningyii/framework/base/CModule.php(387): CDbConnection->init()
#3 /var/www/learningyii/framework/base/CApplication.php(450): CModule->getComponent('db')
#4 /var/www/learningyii/framework/db/ar/CActiveRecord.php(634): CApplication->getDb()
#5 /var/www/learningyii/framework/db/ar/CActiveRecord.php(667): CActiveRecord->getDbConnection()
#6 /var/www/learningyii/framework/db/ar/CActiveRecord.php(1595): CActiveRecord->getCommandBuilder()
#7 /var/www/learningyii/framework/web/CActiveDataProvider.php(228): CActiveRecord->count(Object(CDbCriteria))
#8 /var/www/learningyii/framework/web/CDataProvider.php(224): CActiveDataProvider->calculateTotalItemCount()
#9 /var/www/learningyii/framework/web/CActiveDataProvider.php(178): CDataProvider->getTotalItemCount()
#10 /var/www/learningyii/framework/web/CDataProvider.php(168): CActiveDataProvider->fetchData()
#11 /var/www/learningyii/framework/zii/widgets/CBaseListView.php(111): CDataProvider->getData()
#12 /var/www/learningyii/framework/zii/widgets/CListView.php(211): CBaseListView->init()
#13 /var/www/learningyii/framework/web/CBaseController.php(147): CListView->init()
#14 /var/www/learningyii/framework/web/CBaseController.php(172): CBaseController->createWidget('zii.widgets.CLi...', Array)
#15 /var/www/learningyii/demos/blog/protected/views/post/index.php(9): CBaseController->widget('zii.widgets.CLi...', Array)
#16 /var/www/learningyii/framework/web/CBaseController.php(126): require('/var/www/learni...')
#17 /var/www/learningyii/framework/web/CBaseController.php(95): CBaseController->renderInternal('/var/www/learni...', Array, true)
#18 /var/www/learningyii/framework/web/CController.php(869): CBaseController->renderFile('/var/www/learni...', Array, true)
#19 /var/www/learningyii/framework/web/CController.php(782): CController->renderPartial('index', Array, true)
#20 /var/www/learningyii/demos/blog/protected/controllers/PostController.php(136): CController->render('index', Array)
#21 /var/www/learningyii/framework/web/actions/CInlineAction.php(49): PostController->actionIndex()
#22 /var/www/learningyii/framework/web/CController.php(308): CInlineAction->runWithParams(Array)
#23 /var/www/learningyii/framework/web/filters/CFilterChain.php(133): CController->runAction(Object(CInlineAction))
#24 /var/www/learningyii/framework/web/filters/CFilter.php(40): CFilterChain->run()
#25 /var/www/learningyii/framework/web/CController.php(1145): CFilter->filter(Object(CFilterChain))
#26 /var/www/learningyii/framework/web/filters/CInlineFilter.php(58): CController->filterAccessControl(Object(CFilterChain))
#27 /var/www/learningyii/framework/web/filters/CFilterChain.php(130): CInlineFilter->filter(Object(CFilterChain))
#28 /var/www/learningyii/framework/web/CController.php(291): CFilterChain->run()
#29 /var/www/learningyii/framework/web/CController.php(265): CController->runActionWithFilters(Object(CInlineAction), Array)
#30 /var/www/learningyii/framework/web/CWebApplication.php(282): CController->run('')
#31 /var/www/learningyii/framework/web/CWebApplication.php(141): CWebApplication->runController('')
#32 /var/www/learningyii/framework/base/CApplication.php(180): CWebApplication->processRequest()
#33 /var/www/learningyii/demos/blog/index.php(11): CApplication->run()
#34 {main}
REQUEST_URI=/demos/blog/index.php?r=gii
---
2014/02/22 17:08:13 [error] [exception.CDbException] could not find driver
2014/02/22 17:08:13 [error] [exception.CDbException] exception 'CDbException' with message 'CDbConnection failed to open the DB connection.' in /var/www/learningyii/framework/db/CDbConnection.php:388
Stack trace:
#0 /var/www/learningyii/framework/db/CDbConnection.php(330): CDbConnection->open()
#1 /var/www/learningyii/framework/db/CDbConnection.php(308): CDbConnection->setActive(true)
#2 /var/www/learningyii/framework/base/CModule.php(387): CDbConnection->init()
#3 /var/www/learningyii/framework/base/CApplication.php(450): CModule->getComponent('db')
#4 /var/www/learningyii/framework/db/ar/CActiveRecord.php(634): CApplication->getDb()
#5 /var/www/learningyii/framework/db/ar/CActiveRecord.php(667): CActiveRecord->getDbConnection()
#6 /var/www/learningyii/framework/db/ar/CActiveRecord.php(1595): CActiveRecord->getCommandBuilder()
#7 /var/www/learningyii/framework/web/CActiveDataProvider.php(228): CActiveRecord->count(Object(CDbCriteria))
#8 /var/www/learningyii/framework/web/CDataProvider.php(224): CActiveDataProvider->calculateTotalItemCount()
#9 /var/www/learningyii/framework/web/CActiveDataProvider.php(178): CDataProvider->getTotalItemCount()
#10 /var/www/learningyii/framework/web/CDataProvider.php(168): CActiveDataProvider->fetchData()
#11 /var/www/learningyii/framework/zii/widgets/CBaseListView.php(111): CDataProvider->getData()
#12 /var/www/learningyii/framework/zii/widgets/CListView.php(211): CBaseListView->init()
#13 /var/www/learningyii/framework/web/CBaseController.php(147): CListView->init()
#14 /var/www/learningyii/framework/web/CBaseController.php(172): CBaseController->createWidget('zii.widgets.CLi...', Array)
#15 /var/www/learningyii/demos/blog/protected/views/post/index.php(9): CBaseController->widget('zii.widgets.CLi...', Array)
#16 /var/www/learningyii/framework/web/CBaseController.php(126): require('/var/www/learni...')
#17 /var/www/learningyii/framework/web/CBaseController.php(95): CBaseController->renderInternal('/var/www/learni...', Array, true)
#18 /var/www/learningyii/framework/web/CController.php(869): CBaseController->renderFile('/var/www/learni...', Array, true)
#19 /var/www/learningyii/framework/web/CController.php(782): CController->renderPartial('index', Array, true)
#20 /var/www/learningyii/demos/blog/protected/controllers/PostController.php(136): CController->render('index', Array)
#21 /var/www/learningyii/framework/web/actions/CInlineAction.php(49): PostController->actionIndex()
#22 /var/www/learningyii/framework/web/CController.php(308): CInlineAction->runWithParams(Array)
#23 /var/www/learningyii/framework/web/filters/CFilterChain.php(133): CController->runAction(Object(CInlineAction))
#24 /var/www/learningyii/framework/web/filters/CFilter.php(40): CFilterChain->run()
#25 /var/www/learningyii/framework/web/CController.php(1145): CFilter->filter(Object(CFilterChain))
#26 /var/www/learningyii/framework/web/filters/CInlineFilter.php(58): CController->filterAccessControl(Object(CFilterChain))
#27 /var/www/learningyii/framework/web/filters/CFilterChain.php(130): CInlineFilter->filter(Object(CFilterChain))
#28 /var/www/learningyii/framework/web/CController.php(291): CFilterChain->run()
#29 /var/www/learningyii/framework/web/CController.php(265): CController->runActionWithFilters(Object(CInlineAction), Array)
#30 /var/www/learningyii/framework/web/CWebApplication.php(282): CController->run('')
#31 /var/www/learningyii/framework/web/CWebApplication.php(141): CWebApplication->runController('')
#32 /var/www/learningyii/framework/base/CApplication.php(180): CWebApplication->processRequest()
#33 /var/www/learningyii/demos/blog/index.php(11): CApplication->run()
#34 {main}
REQUEST_URI=/demos/blog/index.php?r=gii
---
2014/02/22 17:11:07 [error] [system.db.CDbCommand] CDbCommand::fetchAll() failed: SQLSTATE[42S02]: Base table or view not found: 1146 Table 'learning_yii_test.tblpost' doesn't exist. The SQL statement executed was: SHOW FULL COLUMNS FROM `tblpost`.
2014/02/22 17:11:07 [error] [exception.CDbException] exception 'CDbException' with message 'The table "{{post}}" for active record class "Post" cannot be found in the database.' in /var/www/learningyii/framework/db/ar/CActiveRecord.php:2362
Stack trace:
#0 /var/www/learningyii/framework/db/ar/CActiveRecord.php(411): CActiveRecordMetaData->__construct(Object(Post))
#1 /var/www/learningyii/framework/db/ar/CActiveRecord.php(658): CActiveRecord->getMetaData()
#2 /var/www/learningyii/framework/db/ar/CActiveFinder.php(389): CActiveRecord->getTableSchema()
#3 /var/www/learningyii/framework/db/ar/CActiveFinder.php(47): CJoinElement->__construct(Object(CActiveFinder), Object(Post))
#4 /var/www/learningyii/framework/db/ar/CActiveRecord.php(909): CActiveFinder->__construct(Object(Post), 'commentCount')
#5 /var/www/learningyii/framework/db/ar/CActiveRecord.php(1604): CActiveRecord->getActiveFinder('commentCount')
#6 /var/www/learningyii/framework/web/CActiveDataProvider.php(228): CActiveRecord->count(Object(CDbCriteria))
#7 /var/www/learningyii/framework/web/CDataProvider.php(224): CActiveDataProvider->calculateTotalItemCount()
#8 /var/www/learningyii/framework/web/CActiveDataProvider.php(178): CDataProvider->getTotalItemCount()
#9 /var/www/learningyii/framework/web/CDataProvider.php(168): CActiveDataProvider->fetchData()
#10 /var/www/learningyii/framework/zii/widgets/CBaseListView.php(111): CDataProvider->getData()
#11 /var/www/learningyii/framework/zii/widgets/CListView.php(211): CBaseListView->init()
#12 /var/www/learningyii/framework/web/CBaseController.php(147): CListView->init()
#13 /var/www/learningyii/framework/web/CBaseController.php(172): CBaseController->createWidget('zii.widgets.CLi...', Array)
#14 /var/www/learningyii/demos/blog/protected/views/post/index.php(9): CBaseController->widget('zii.widgets.CLi...', Array)
#15 /var/www/learningyii/framework/web/CBaseController.php(126): require('/var/www/learni...')
#16 /var/www/learningyii/framework/web/CBaseController.php(95): CBaseController->renderInternal('/var/www/learni...', Array, true)
#17 /var/www/learningyii/framework/web/CController.php(869): CBaseController->renderFile('/var/www/learni...', Array, true)
#18 /var/www/learningyii/framework/web/CController.php(782): CController->renderPartial('index', Array, true)
#19 /var/www/learningyii/demos/blog/protected/controllers/PostController.php(136): CController->render('index', Array)
#20 /var/www/learningyii/framework/web/actions/CInlineAction.php(49): PostController->actionIndex()
#21 /var/www/learningyii/framework/web/CController.php(308): CInlineAction->runWithParams(Array)
#22 /var/www/learningyii/framework/web/filters/CFilterChain.php(133): CController->runAction(Object(CInlineAction))
#23 /var/www/learningyii/framework/web/filters/CFilter.php(40): CFilterChain->run()
#24 /var/www/learningyii/framework/web/CController.php(1145): CFilter->filter(Object(CFilterChain))
#25 /var/www/learningyii/framework/web/filters/CInlineFilter.php(58): CController->filterAccessControl(Object(CFilterChain))
#26 /var/www/learningyii/framework/web/filters/CFilterChain.php(130): CInlineFilter->filter(Object(CFilterChain))
#27 /var/www/learningyii/framework/web/CController.php(291): CFilterChain->run()
#28 /var/www/learningyii/framework/web/CController.php(265): CController->runActionWithFilters(Object(CInlineAction), Array)
#29 /var/www/learningyii/framework/web/CWebApplication.php(282): CController->run('index')
#30 /var/www/learningyii/framework/web/CWebApplication.php(141): CWebApplication->runController('post/index')
#31 /var/www/learningyii/framework/base/CApplication.php(180): CWebApplication->processRequest()
#32 /var/www/learningyii/demos/blog/index.php(11): CApplication->run()
#33 {main}
REQUEST_URI=/demos/blog/index.php/post/index
HTTP_REFERER=http://dev.learningyii.com/demos/blog/index.php/site/login
---
2014/02/23 14:23:24 [error] [exception.CHttpException.404] exception 'CHttpException' with message 'The system is unable to find the requested action "index".' in /var/www/learningyii/framework/web/CController.php:483
Stack trace:
#0 /var/www/learningyii/framework/web/CController.php(270): CController->missingAction('')
#1 /var/www/learningyii/framework/web/CWebApplication.php(282): CController->run('')
#2 /var/www/learningyii/framework/web/CWebApplication.php(141): CWebApplication->runController('')
#3 /var/www/learningyii/framework/base/CApplication.php(180): CWebApplication->processRequest()
#4 /var/www/learningyii/demos/blog/index.php(11): CApplication->run()
#5 {main}
REQUEST_URI=/demos/blog/
HTTP_REFERER=http://dev.learningyii.com/demos/
---
2014/02/23 14:25:30 [error] [exception.CHttpException.404] exception 'CHttpException' with message 'The system is unable to find the requested action "index".' in /var/www/learningyii/framework/web/CController.php:483
Stack trace:
#0 /var/www/learningyii/framework/web/CController.php(270): CController->missingAction('')
#1 /var/www/learningyii/framework/web/CWebApplication.php(282): CController->run('')
#2 /var/www/learningyii/framework/web/CWebApplication.php(141): CWebApplication->runController('')
#3 /var/www/learningyii/framework/base/CApplication.php(180): CWebApplication->processRequest()
#4 /var/www/learningyii/demos/blog/index.php(11): CApplication->run()
#5 {main}
REQUEST_URI=/demos/blog/
---
2014/02/23 14:25:32 [error] [exception.CHttpException.404] exception 'CHttpException' with message 'The system is unable to find the requested action "index".' in /var/www/learningyii/framework/web/CController.php:483
Stack trace:
#0 /var/www/learningyii/framework/web/CController.php(270): CController->missingAction('')
#1 /var/www/learningyii/framework/web/CWebApplication.php(282): CController->run('')
#2 /var/www/learningyii/framework/web/CWebApplication.php(141): CWebApplication->runController('')
#3 /var/www/learningyii/framework/base/CApplication.php(180): CWebApplication->processRequest()
#4 /var/www/learningyii/demos/blog/index.php(11): CApplication->run()
#5 {main}
REQUEST_URI=/demos/blog/
---
2014/02/23 14:25:34 [error] [exception.CHttpException.404] exception 'CHttpException' with message 'The system is unable to find the requested action "index".' in /var/www/learningyii/framework/web/CController.php:483
Stack trace:
#0 /var/www/learningyii/framework/web/CController.php(270): CController->missingAction('')
#1 /var/www/learningyii/framework/web/CWebApplication.php(282): CController->run('')
#2 /var/www/learningyii/framework/web/CWebApplication.php(141): CWebApplication->runController('')
#3 /var/www/learningyii/framework/base/CApplication.php(180): CWebApplication->processRequest()
#4 /var/www/learningyii/demos/blog/index.php(11): CApplication->run()
#5 {main}
REQUEST_URI=/demos/blog/
---
2014/02/23 14:25:45 [error] [exception.CHttpException.404] exception 'CHttpException' with message 'The system is unable to find the requested action "index".' in /var/www/learningyii/framework/web/CController.php:483
Stack trace:
#0 /var/www/learningyii/framework/web/CController.php(270): CController->missingAction('')
#1 /var/www/learningyii/framework/web/CWebApplication.php(282): CController->run('')
#2 /var/www/learningyii/framework/web/CWebApplication.php(141): CWebApplication->runController('')
#3 /var/www/learningyii/framework/base/CApplication.php(180): CWebApplication->processRequest()
#4 /var/www/learningyii/demos/blog/index.php(11): CApplication->run()
#5 {main}
REQUEST_URI=/demos/blog/
HTTP_REFERER=http://dev.learningyii.com/demos/
---
2014/02/23 14:27:14 [error] [exception.CHttpException.404] exception 'CHttpException' with message 'The requested page does not exist.' in /var/www/learningyii/demos/blog/protected/controllers/PostController.php:183
Stack trace:
#0 /var/www/learningyii/demos/blog/protected/controllers/PostController.php(48): PostController->loadModel()
#1 /var/www/learningyii/framework/web/actions/CInlineAction.php(49): PostController->actionView()
#2 /var/www/learningyii/framework/web/CController.php(308): CInlineAction->runWithParams(Array)
#3 /var/www/learningyii/framework/web/filters/CFilterChain.php(133): CController->runAction(Object(CInlineAction))
#4 /var/www/learningyii/framework/web/filters/CFilter.php(40): CFilterChain->run()
#5 /var/www/learningyii/framework/web/CController.php(1145): CFilter->filter(Object(CFilterChain))
#6 /var/www/learningyii/framework/web/filters/CInlineFilter.php(58): CController->filterAccessControl(Object(CFilterChain))
#7 /var/www/learningyii/framework/web/filters/CFilterChain.php(130): CInlineFilter->filter(Object(CFilterChain))
#8 /var/www/learningyii/framework/web/CController.php(291): CFilterChain->run()
#9 /var/www/learningyii/framework/web/CController.php(265): CController->runActionWithFilters(Object(CInlineAction), Array)
#10 /var/www/learningyii/framework/web/CWebApplication.php(282): CController->run('view')
#11 /var/www/learningyii/framework/web/CWebApplication.php(141): CWebApplication->runController('post/view')
#12 /var/www/learningyii/framework/base/CApplication.php(180): CWebApplication->processRequest()
#13 /var/www/learningyii/demos/blog/index.php(11): CApplication->run()
#14 {main}
REQUEST_URI=/demos/blog/index.php/post/view
---
2014/02/23 14:27:22 [error] [exception.CHttpException.404] exception 'CHttpException' with message 'The requested page does not exist.' in /var/www/learningyii/demos/blog/protected/controllers/PostController.php:183
Stack trace:
#0 /var/www/learningyii/demos/blog/protected/controllers/PostController.php(48): PostController->loadModel()
#1 /var/www/learningyii/framework/web/actions/CInlineAction.php(49): PostController->actionView()
#2 /var/www/learningyii/framework/web/CController.php(308): CInlineAction->runWithParams(Array)
#3 /var/www/learningyii/framework/web/filters/CFilterChain.php(133): CController->runAction(Object(CInlineAction))
#4 /var/www/learningyii/framework/web/filters/CFilter.php(40): CFilterChain->run()
#5 /var/www/learningyii/framework/web/CController.php(1145): CFilter->filter(Object(CFilterChain))
#6 /var/www/learningyii/framework/web/filters/CInlineFilter.php(58): CController->filterAccessControl(Object(CFilterChain))
#7 /var/www/learningyii/framework/web/filters/CFilterChain.php(130): CInlineFilter->filter(Object(CFilterChain))
#8 /var/www/learningyii/framework/web/CController.php(291): CFilterChain->run()
#9 /var/www/learningyii/framework/web/CController.php(265): CController->runActionWithFilters(Object(CInlineAction), Array)
#10 /var/www/learningyii/framework/web/CWebApplication.php(282): CController->run('view')
#11 /var/www/learningyii/framework/web/CWebApplication.php(141): CWebApplication->runController('post/view')
#12 /var/www/learningyii/framework/base/CApplication.php(180): CWebApplication->processRequest()
#13 /var/www/learningyii/demos/blog/index.php(11): CApplication->run()
#14 {main}
REQUEST_URI=/demos/blog/index.php/post/view
---
2014/02/23 14:27:32 [error] [exception.CHttpException.404] exception 'CHttpException' with message 'The system is unable to find the requested action "index".' in /var/www/learningyii/framework/web/CController.php:483
Stack trace:
#0 /var/www/learningyii/framework/web/CController.php(270): CController->missingAction('index')
#1 /var/www/learningyii/framework/web/CWebApplication.php(282): CController->run('index')
#2 /var/www/learningyii/framework/web/CWebApplication.php(141): CWebApplication->runController('site/index')
#3 /var/www/learningyii/framework/base/CApplication.php(180): CWebApplication->processRequest()
#4 /var/www/learningyii/demos/blog/index.php(11): CApplication->run()
#5 {main}
REQUEST_URI=/demos/blog/index.php/site/index
---
2014/02/23 14:29:14 [error] [exception.CHttpException.400] exception 'CHttpException' with message 'Invalid request. Please do not repeat this request again.' in /var/www/learningyii/demos/blog/protected/controllers/PostController.php:111
Stack trace:
#0 /var/www/learningyii/framework/web/actions/CInlineAction.php(49): PostController->actionDelete()
#1 /var/www/learningyii/framework/web/CController.php(308): CInlineAction->runWithParams(Array)
#2 /var/www/learningyii/framework/web/filters/CFilterChain.php(133): CController->runAction(Object(CInlineAction))
#3 /var/www/learningyii/framework/web/filters/CFilter.php(40): CFilterChain->run()
#4 /var/www/learningyii/framework/web/CController.php(1145): CFilter->filter(Object(CFilterChain))
#5 /var/www/learningyii/framework/web/filters/CInlineFilter.php(58): CController->filterAccessControl(Object(CFilterChain))
#6 /var/www/learningyii/framework/web/filters/CFilterChain.php(130): CInlineFilter->filter(Object(CFilterChain))
#7 /var/www/learningyii/framework/web/CController.php(291): CFilterChain->run()
#8 /var/www/learningyii/framework/web/CController.php(265): CController->runActionWithFilters(Object(CInlineAction), Array)
#9 /var/www/learningyii/framework/web/CWebApplication.php(282): CController->run('delete')
#10 /var/www/learningyii/framework/web/CWebApplication.php(141): CWebApplication->runController('post/delete')
#11 /var/www/learningyii/framework/base/CApplication.php(180): CWebApplication->processRequest()
#12 /var/www/learningyii/demos/blog/index.php(11): CApplication->run()
#13 {main}
REQUEST_URI=/demos/blog/index.php/post/delete
HTTP_REFERER=http://dev.learningyii.com/demos/blog/index.php/site/login
---
2014/03/08 04:52:26 [error] [php] date(): It is not safe to rely on the system's timezone settings. You are *required* to use the date.timezone setting or the date_default_timezone_set() function. In case you used any of those methods and you are still getting this warning, you most likely misspelled the timezone identifier. We selected the timezone 'UTC' for now, but please set date.timezone to select your timezone. (/var/www/learningyii/demos/blog/protected/views/post/_view.php:6)
Stack trace:
#0 /var/www/learningyii/framework/web/CBaseController.php(95): PostController->renderInternal()
#1 /var/www/learningyii/framework/zii/widgets/CListView.php(291): PostController->renderFile()
#2 /var/www/learningyii/framework/zii/widgets/CBaseListView.php(167): CListView->renderItems()
#3 unknown(0): CListView->renderSection()
#4 /var/www/learningyii/framework/zii/widgets/CBaseListView.php(150): preg_replace_callback()
#5 /var/www/learningyii/framework/zii/widgets/CBaseListView.php(135): CListView->renderContent()
#6 /var/www/learningyii/framework/web/CBaseController.php(173): CListView->run()
#7 /var/www/learningyii/demos/blog/protected/views/post/index.php(9): PostController->widget()
#8 /var/www/learningyii/framework/web/CBaseController.php(126): require()
#9 /var/www/learningyii/framework/web/CBaseController.php(95): PostController->renderInternal()
#10 /var/www/learningyii/framework/web/CController.php(869): PostController->renderFile()
#11 /var/www/learningyii/framework/web/CController.php(782): PostController->renderPartial()
#12 /var/www/learningyii/demos/blog/protected/controllers/PostController.php(136): PostController->render()
#13 /var/www/learningyii/framework/web/actions/CInlineAction.php(49): PostController->actionIndex()
#14 /var/www/learningyii/framework/web/CController.php(308): CInlineAction->runWithParams()
#15 /var/www/learningyii/framework/web/filters/CFilterChain.php(133): PostController->runAction()
#16 /var/www/learningyii/framework/web/filters/CFilter.php(40): CFilterChain->run()
#17 /var/www/learningyii/framework/web/CController.php(1145): CAccessControlFilter->filter()
#18 /var/www/learningyii/framework/web/filters/CInlineFilter.php(58): PostController->filterAccessControl()
#19 /var/www/learningyii/framework/web/filters/CFilterChain.php(130): CInlineFilter->filter()
#20 /var/www/learningyii/framework/web/CController.php(291): CFilterChain->run()
#21 /var/www/learningyii/framework/web/CController.php(265): PostController->runActionWithFilters()
#22 /var/www/learningyii/framework/web/CWebApplication.php(282): PostController->run()
#23 /var/www/learningyii/framework/web/CWebApplication.php(141): CWebApplication->runController()
#24 /var/www/learningyii/framework/base/CApplication.php(180): CWebApplication->processRequest()
#25 /var/www/learningyii/demos/blog/index.php(11): CWebApplication->run()
REQUEST_URI=/demos/blog/
2014/03/08 04:52:38 [error] [php] date(): It is not safe to rely on the system's timezone settings. You are *required* to use the date.timezone setting or the date_default_timezone_set() function. In case you used any of those methods and you are still getting this warning, you most likely misspelled the timezone identifier. We selected the timezone 'UTC' for now, but please set date.timezone to select your timezone. (/var/www/learningyii/demos/blog/protected/views/post/_view.php:6)
Stack trace:
#0 /var/www/learningyii/framework/web/CBaseController.php(95): PostController->renderInternal()
#1 /var/www/learningyii/framework/zii/widgets/CListView.php(291): PostController->renderFile()
#2 /var/www/learningyii/framework/zii/widgets/CBaseListView.php(167): CListView->renderItems()
#3 unknown(0): CListView->renderSection()
#4 /var/www/learningyii/framework/zii/widgets/CBaseListView.php(150): preg_replace_callback()
#5 /var/www/learningyii/framework/zii/widgets/CBaseListView.php(135): CListView->renderContent()
#6 /var/www/learningyii/framework/web/CBaseController.php(173): CListView->run()
#7 /var/www/learningyii/demos/blog/protected/views/post/index.php(9): PostController->widget()
#8 /var/www/learningyii/framework/web/CBaseController.php(126): require()
#9 /var/www/learningyii/framework/web/CBaseController.php(95): PostController->renderInternal()
#10 /var/www/learningyii/framework/web/CController.php(869): PostController->renderFile()
#11 /var/www/learningyii/framework/web/CController.php(782): PostController->renderPartial()
#12 /var/www/learningyii/demos/blog/protected/controllers/PostController.php(136): PostController->render()
#13 /var/www/learningyii/framework/web/actions/CInlineAction.php(49): PostController->actionIndex()
#14 /var/www/learningyii/framework/web/CController.php(308): CInlineAction->runWithParams()
#15 /var/www/learningyii/framework/web/filters/CFilterChain.php(133): PostController->runAction()
#16 /var/www/learningyii/framework/web/filters/CFilter.php(40): CFilterChain->run()
#17 /var/www/learningyii/framework/web/CController.php(1145): CAccessControlFilter->filter()
#18 /var/www/learningyii/framework/web/filters/CInlineFilter.php(58): PostController->filterAccessControl()
#19 /var/www/learningyii/framework/web/filters/CFilterChain.php(130): CInlineFilter->filter()
#20 /var/www/learningyii/framework/web/CController.php(291): CFilterChain->run()
#21 /var/www/learningyii/framework/web/CController.php(265): PostController->runActionWithFilters()
#22 /var/www/learningyii/framework/web/CWebApplication.php(282): PostController->run()
#23 /var/www/learningyii/framework/web/CWebApplication.php(141): CWebApplication->runController()
#24 /var/www/learningyii/framework/base/CApplication.php(180): CWebApplication->processRequest()
#25 /var/www/learningyii/demos/blog/index.php(11): CWebApplication->run()
REQUEST_URI=/demos/blog/index.php
2014/03/08 04:52:39 [error] [php] date(): It is not safe to rely on the system's timezone settings. You are *required* to use the date.timezone setting or the date_default_timezone_set() function. In case you used any of those methods and you are still getting this warning, you most likely misspelled the timezone identifier. We selected the timezone 'UTC' for now, but please set date.timezone to select your timezone. (/var/www/learningyii/demos/blog/protected/views/post/_view.php:6)
Stack trace:
#0 /var/www/learningyii/framework/web/CBaseController.php(95): PostController->renderInternal()
#1 /var/www/learningyii/framework/zii/widgets/CListView.php(291): PostController->renderFile()
#2 /var/www/learningyii/framework/zii/widgets/CBaseListView.php(167): CListView->renderItems()
#3 unknown(0): CListView->renderSection()
#4 /var/www/learningyii/framework/zii/widgets/CBaseListView.php(150): preg_replace_callback()
#5 /var/www/learningyii/framework/zii/widgets/CBaseListView.php(135): CListView->renderContent()
#6 /var/www/learningyii/framework/web/CBaseController.php(173): CListView->run()
#7 /var/www/learningyii/demos/blog/protected/views/post/index.php(9): PostController->widget()
#8 /var/www/learningyii/framework/web/CBaseController.php(126): require()
#9 /var/www/learningyii/framework/web/CBaseController.php(95): PostController->renderInternal()
#10 /var/www/learningyii/framework/web/CController.php(869): PostController->renderFile()
#11 /var/www/learningyii/framework/web/CController.php(782): PostController->renderPartial()
#12 /var/www/learningyii/demos/blog/protected/controllers/PostController.php(136): PostController->render()
#13 /var/www/learningyii/framework/web/actions/CInlineAction.php(49): PostController->actionIndex()
#14 /var/www/learningyii/framework/web/CController.php(308): CInlineAction->runWithParams()
#15 /var/www/learningyii/framework/web/filters/CFilterChain.php(133): PostController->runAction()
#16 /var/www/learningyii/framework/web/filters/CFilter.php(40): CFilterChain->run()
#17 /var/www/learningyii/framework/web/CController.php(1145): CAccessControlFilter->filter()
#18 /var/www/learningyii/framework/web/filters/CInlineFilter.php(58): PostController->filterAccessControl()
#19 /var/www/learningyii/framework/web/filters/CFilterChain.php(130): CInlineFilter->filter()
#20 /var/www/learningyii/framework/web/CController.php(291): CFilterChain->run()
#21 /var/www/learningyii/framework/web/CController.php(265): PostController->runActionWithFilters()
#22 /var/www/learningyii/framework/web/CWebApplication.php(282): PostController->run()
#23 /var/www/learningyii/framework/web/CWebApplication.php(141): CWebApplication->runController()
#24 /var/www/learningyii/framework/base/CApplication.php(180): CWebApplication->processRequest()
#25 /var/www/learningyii/demos/blog/index.php(11): CWebApplication->run()
REQUEST_URI=/demos/blog/index.php
2014/03/12 22:44:00 [error] [exception.CException] exception 'CException' with message 'Property "CWebApplication.copyrightInfo" is not defined.' in /var/www/learningyii/framework/base/CComponent.php:130
Stack trace:
#0 /var/www/learningyii/framework/base/CModule.php(105): CComponent->__get('copyrightInfo')
#1 /var/www/learningyii/demos/blog/protected/views/layouts/main.php(47): CModule->__get('copyrightInfo')
#2 /var/www/learningyii/framework/web/CBaseController.php(126): require('/var/www/learni...')
#3 /var/www/learningyii/framework/web/CBaseController.php(95): CBaseController->renderInternal('/var/www/learni...', Array, true)
#4 /var/www/learningyii/framework/web/widgets/CContentDecorator.php(76): CBaseController->renderFile('/var/www/learni...', Array, true)
#5 /var/www/learningyii/framework/web/widgets/CContentDecorator.php(54): CContentDecorator->decorate('<div class="con...')
#6 /var/www/learningyii/framework/web/widgets/COutputProcessor.php(44): CContentDecorator->processOutput('<div class="con...')
#7 /var/www/learningyii/framework/web/CBaseController.php(206): COutputProcessor->run()
#8 /var/www/learningyii/framework/web/CBaseController.php(300): CBaseController->endWidget('CContentDecorat...')
#9 /var/www/learningyii/demos/blog/protected/views/layouts/column1.php(7): CBaseController->endContent()
#10 /var/www/learningyii/framework/web/CBaseController.php(126): require('/var/www/learni...')
#11 /var/www/learningyii/framework/web/CBaseController.php(95): CBaseController->renderInternal('/var/www/learni...', Array, true)
#12 /var/www/learningyii/framework/web/CController.php(784): CBaseController->renderFile('/var/www/learni...', Array, true)
#13 /var/www/learningyii/framework/web/actions/CViewAction.php(140): CController->render('pages/about')
#14 /var/www/learningyii/framework/web/actions/CAction.php(76): CViewAction->run()
#15 /var/www/learningyii/framework/web/CController.php(308): CAction->runWithParams(Array)
#16 /var/www/learningyii/framework/web/CController.php(286): CController->runAction(Object(CViewAction))
#17 /var/www/learningyii/framework/web/CController.php(265): CController->runActionWithFilters(Object(CViewAction), Array)
#18 /var/www/learningyii/framework/web/CWebApplication.php(282): CController->run('page')
#19 /var/www/learningyii/framework/web/CWebApplication.php(141): CWebApplication->runController('site/page')
#20 /var/www/learningyii/framework/base/CApplication.php(180): CWebApplication->processRequest()
#21 /var/www/learningyii/demos/blog/index.php(11): CApplication->run()
#22 {main}
REQUEST_URI=/demos/blog/index.php/site/page?view=about
HTTP_REFERER=http://dev.learningyii.com/demos/blog/
---
