2014/03/24 18:36:01 [error] [php] date(): It is not safe to rely on the system's timezone settings. You are *required* to use the date.timezone setting or the date_default_timezone_set() function. In case you used any of those methods and you are still getting this warning, you most likely misspelled the timezone identifier. We selected the timezone 'UTC' for now, but please set date.timezone to select your timezone. (/var/www/learningyii/tourism_yii/protected/views/layouts/main.php:51)
Stack trace:
#0 /var/www/learningyii/framework/web/CBaseController.php(95): SiteController->renderInternal()
#1 /var/www/learningyii/framework/web/widgets/CContentDecorator.php(76): SiteController->renderFile()
#2 /var/www/learningyii/framework/web/widgets/CContentDecorator.php(54): CContentDecorator->decorate()
#3 /var/www/learningyii/framework/web/widgets/COutputProcessor.php(44): CContentDecorator->processOutput()
#4 /var/www/learningyii/framework/web/CBaseController.php(206): CContentDecorator->run()
#5 /var/www/learningyii/framework/web/CBaseController.php(300): SiteController->endWidget()
#6 /var/www/learningyii/tourism_yii/protected/views/layouts/column1.php(6): SiteController->endContent()
#7 /var/www/learningyii/framework/web/CBaseController.php(126): require()
#8 /var/www/learningyii/framework/web/CBaseController.php(95): SiteController->renderInternal()
#9 /var/www/learningyii/framework/web/CController.php(784): SiteController->renderFile()
#10 /var/www/learningyii/tourism_yii/protected/controllers/SiteController.php(32): SiteController->render()
#11 /var/www/learningyii/framework/web/actions/CInlineAction.php(49): SiteController->actionIndex()
#12 /var/www/learningyii/framework/web/CController.php(308): CInlineAction->runWithParams()
#13 /var/www/learningyii/framework/web/CController.php(286): SiteController->runAction()
#14 /var/www/learningyii/framework/web/CController.php(265): SiteController->runActionWithFilters()
#15 /var/www/learningyii/framework/web/CWebApplication.php(282): SiteController->run()
#16 /var/www/learningyii/framework/web/CWebApplication.php(141): CWebApplication->runController()
#17 /var/www/learningyii/framework/base/CApplication.php(180): CWebApplication->processRequest()
#18 /var/www/learningyii/tourism_yii/index.php(13): CWebApplication->run()
REQUEST_URI=/tourism_yii/
in /var/www/learningyii/tourism_yii/protected/views/layouts/main.php (51)
in /var/www/learningyii/tourism_yii/protected/views/layouts/column1.php (6)
in /var/www/learningyii/tourism_yii/protected/controllers/SiteController.php (32)
2014/03/25 00:31:25 [error] [exception.CHttpException.404] exception 'CHttpException' with message 'Unable to resolve the request "tourism-agency/".' in /var/www/learningyii/framework/web/CWebApplication.php:286
Stack trace:
#0 /var/www/learningyii/framework/web/CWebApplication.php(141): CWebApplication->runController('tourism-agency/')
#1 /var/www/learningyii/framework/base/CApplication.php(180): CWebApplication->processRequest()
#2 /var/www/learningyii/tourism_yii/index.php(13): CApplication->run()
#3 {main}
REQUEST_URI=/tourism_yii/index.php?r=tourism-agency/
---
2014/03/25 00:31:28 [error] [exception.CHttpException.404] exception 'CHttpException' with message 'Unable to resolve the request "tourism-agency/index".' in /var/www/learningyii/framework/web/CWebApplication.php:286
Stack trace:
#0 /var/www/learningyii/framework/web/CWebApplication.php(141): CWebApplication->runController('tourism-agency/...')
#1 /var/www/learningyii/framework/base/CApplication.php(180): CWebApplication->processRequest()
#2 /var/www/learningyii/tourism_yii/index.php(13): CApplication->run()
#3 {main}
REQUEST_URI=/tourism_yii/index.php?r=tourism-agency/index
---
2014/03/25 00:31:31 [error] [exception.CHttpException.404] exception 'CHttpException' with message 'Unable to resolve the request "tourismAgency/index".' in /var/www/learningyii/framework/web/CWebApplication.php:286
Stack trace:
#0 /var/www/learningyii/framework/web/CWebApplication.php(141): CWebApplication->runController('tourismAgency/i...')
#1 /var/www/learningyii/framework/base/CApplication.php(180): CWebApplication->processRequest()
#2 /var/www/learningyii/tourism_yii/index.php(13): CApplication->run()
#3 {main}
REQUEST_URI=/tourism_yii/index.php?r=tourismAgency/index
---
2014/03/25 00:59:39 [error] [php] Missing argument 3 for CActiveForm::dropDownList(), called in /var/www/learningyii/tourism_yii/protected/views/trekkingAgency/_form.php on line 54 and defined (/var/www/learningyii/framework/web/widgets/CActiveForm.php:845)
Stack trace:
#0 /var/www/learningyii/framework/web/CBaseController.php(95): TrekkingAgencyController->renderInternal()
#1 /var/www/learningyii/framework/web/CController.php(869): TrekkingAgencyController->renderFile()
#2 /var/www/learningyii/tourism_yii/protected/views/trekkingAgency/create.php(18): TrekkingAgencyController->renderPartial()
#3 /var/www/learningyii/framework/web/CBaseController.php(126): require()
#4 /var/www/learningyii/framework/web/CBaseController.php(95): TrekkingAgencyController->renderInternal()
#5 /var/www/learningyii/framework/web/CController.php(869): TrekkingAgencyController->renderFile()
#6 /var/www/learningyii/framework/web/CController.php(782): TrekkingAgencyController->renderPartial()
#7 /var/www/learningyii/tourism_yii/protected/controllers/TrekkingAgencyController.php(79): TrekkingAgencyController->render()
#8 /var/www/learningyii/framework/web/actions/CInlineAction.php(49): TrekkingAgencyController->actionCreate()
#9 /var/www/learningyii/framework/web/CController.php(308): CInlineAction->runWithParams()
#10 /var/www/learningyii/framework/web/filters/CFilterChain.php(133): TrekkingAgencyController->runAction()
#11 /var/www/learningyii/framework/web/filters/CFilter.php(40): CFilterChain->run()
#12 /var/www/learningyii/framework/web/CController.php(1145): CAccessControlFilter->filter()
#13 /var/www/learningyii/framework/web/filters/CInlineFilter.php(58): TrekkingAgencyController->filterAccessControl()
#14 /var/www/learningyii/framework/web/filters/CFilterChain.php(130): CInlineFilter->filter()
#15 /var/www/learningyii/framework/web/CController.php(291): CFilterChain->run()
#16 /var/www/learningyii/framework/web/CController.php(265): TrekkingAgencyController->runActionWithFilters()
#17 /var/www/learningyii/framework/web/CWebApplication.php(282): TrekkingAgencyController->run()
#18 /var/www/learningyii/framework/web/CWebApplication.php(141): CWebApplication->runController()
#19 /var/www/learningyii/framework/base/CApplication.php(180): CWebApplication->processRequest()
#20 /var/www/learningyii/tourism_yii/index.php(13): CWebApplication->run()
REQUEST_URI=/tourism_yii/index.php?r=trekkingAgency/create
in /var/www/learningyii/tourism_yii/protected/views/trekkingAgency/_form.php (54)
in /var/www/learningyii/tourism_yii/protected/views/trekkingAgency/create.php (18)
in /var/www/learningyii/tourism_yii/protected/controllers/TrekkingAgencyController.php (79)
2014/03/25 01:14:12 [error] [exception.CException] exception 'CException' with message 'Property "TourismFirm.datecolumn_name" is not defined.' in /var/www/learningyii/framework/base/CComponent.php:130
Stack trace:
#0 /var/www/learningyii/framework/db/ar/CActiveRecord.php(145): CComponent->__get('datecolumn_name')
#1 /var/www/learningyii/tourism_yii/protected/views/trekkingAgency/_form.php(240): CActiveRecord->__get('datecolumn_name')
#2 /var/www/learningyii/framework/web/CBaseController.php(126): require('/var/www/learni...')
#3 /var/www/learningyii/framework/web/CBaseController.php(95): CBaseController->renderInternal('/var/www/learni...', Array, true)
#4 /var/www/learningyii/framework/web/CController.php(869): CBaseController->renderFile('/var/www/learni...', Array, true)
#5 /var/www/learningyii/tourism_yii/protected/views/trekkingAgency/create.php(18): CController->renderPartial('_form', Array)
#6 /var/www/learningyii/framework/web/CBaseController.php(126): require('/var/www/learni...')
#7 /var/www/learningyii/framework/web/CBaseController.php(95): CBaseController->renderInternal('/var/www/learni...', Array, true)
#8 /var/www/learningyii/framework/web/CController.php(869): CBaseController->renderFile('/var/www/learni...', Array, true)
#9 /var/www/learningyii/framework/web/CController.php(782): CController->renderPartial('create', Array, true)
#10 /var/www/learningyii/tourism_yii/protected/controllers/TrekkingAgencyController.php(79): CController->render('create', Array)
#11 /var/www/learningyii/framework/web/actions/CInlineAction.php(49): TrekkingAgencyController->actionCreate()
#12 /var/www/learningyii/framework/web/CController.php(308): CInlineAction->runWithParams(Array)
#13 /var/www/learningyii/framework/web/filters/CFilterChain.php(133): CController->runAction(Object(CInlineAction))
#14 /var/www/learningyii/framework/web/filters/CFilter.php(40): CFilterChain->run()
#15 /var/www/learningyii/framework/web/CController.php(1145): CFilter->filter(Object(CFilterChain))
#16 /var/www/learningyii/framework/web/filters/CInlineFilter.php(58): CController->filterAccessControl(Object(CFilterChain))
#17 /var/www/learningyii/framework/web/filters/CFilterChain.php(130): CInlineFilter->filter(Object(CFilterChain))
#18 /var/www/learningyii/framework/web/CController.php(291): CFilterChain->run()
#19 /var/www/learningyii/framework/web/CController.php(265): CController->runActionWithFilters(Object(CInlineAction), Array)
#20 /var/www/learningyii/framework/web/CWebApplication.php(282): CController->run('create')
#21 /var/www/learningyii/framework/web/CWebApplication.php(141): CWebApplication->runController('trekkingAgency/...')
#22 /var/www/learningyii/framework/base/CApplication.php(180): CWebApplication->processRequest()
#23 /var/www/learningyii/tourism_yii/index.php(13): CApplication->run()
#24 {main}
REQUEST_URI=/tourism_yii/index.php?r=trekkingAgency/create
---
2014/03/25 01:15:02 [error] [exception.CException] exception 'CException' with message 'Property "TourismFirm.datecolumn_name" is not defined.' in /var/www/learningyii/framework/base/CComponent.php:130
Stack trace:
#0 /var/www/learningyii/framework/db/ar/CActiveRecord.php(145): CComponent->__get('datecolumn_name')
#1 /var/www/learningyii/tourism_yii/protected/views/trekkingAgency/_form.php(240): CActiveRecord->__get('datecolumn_name')
#2 /var/www/learningyii/framework/web/CBaseController.php(126): require('/var/www/learni...')
#3 /var/www/learningyii/framework/web/CBaseController.php(95): CBaseController->renderInternal('/var/www/learni...', Array, true)
#4 /var/www/learningyii/framework/web/CController.php(869): CBaseController->renderFile('/var/www/learni...', Array, true)
#5 /var/www/learningyii/tourism_yii/protected/views/trekkingAgency/create.php(18): CController->renderPartial('_form', Array)
#6 /var/www/learningyii/framework/web/CBaseController.php(126): require('/var/www/learni...')
#7 /var/www/learningyii/framework/web/CBaseController.php(95): CBaseController->renderInternal('/var/www/learni...', Array, true)
#8 /var/www/learningyii/framework/web/CController.php(869): CBaseController->renderFile('/var/www/learni...', Array, true)
#9 /var/www/learningyii/framework/web/CController.php(782): CController->renderPartial('create', Array, true)
#10 /var/www/learningyii/tourism_yii/protected/controllers/TrekkingAgencyController.php(79): CController->render('create', Array)
#11 /var/www/learningyii/framework/web/actions/CInlineAction.php(49): TrekkingAgencyController->actionCreate()
#12 /var/www/learningyii/framework/web/CController.php(308): CInlineAction->runWithParams(Array)
#13 /var/www/learningyii/framework/web/filters/CFilterChain.php(133): CController->runAction(Object(CInlineAction))
#14 /var/www/learningyii/framework/web/filters/CFilter.php(40): CFilterChain->run()
#15 /var/www/learningyii/framework/web/CController.php(1145): CFilter->filter(Object(CFilterChain))
#16 /var/www/learningyii/framework/web/filters/CInlineFilter.php(58): CController->filterAccessControl(Object(CFilterChain))
#17 /var/www/learningyii/framework/web/filters/CFilterChain.php(130): CInlineFilter->filter(Object(CFilterChain))
#18 /var/www/learningyii/framework/web/CController.php(291): CFilterChain->run()
#19 /var/www/learningyii/framework/web/CController.php(265): CController->runActionWithFilters(Object(CInlineAction), Array)
#20 /var/www/learningyii/framework/web/CWebApplication.php(282): CController->run('create')
#21 /var/www/learningyii/framework/web/CWebApplication.php(141): CWebApplication->runController('trekkingAgency/...')
#22 /var/www/learningyii/framework/base/CApplication.php(180): CWebApplication->processRequest()
#23 /var/www/learningyii/tourism_yii/index.php(13): CApplication->run()
#24 {main}
REQUEST_URI=/tourism_yii/index.php?r=trekkingAgency/create
---
2014/03/25 01:15:03 [error] [exception.CException] exception 'CException' with message 'Property "TourismFirm.datecolumn_name" is not defined.' in /var/www/learningyii/framework/base/CComponent.php:130
Stack trace:
#0 /var/www/learningyii/framework/db/ar/CActiveRecord.php(145): CComponent->__get('datecolumn_name')
#1 /var/www/learningyii/tourism_yii/protected/views/trekkingAgency/_form.php(240): CActiveRecord->__get('datecolumn_name')
#2 /var/www/learningyii/framework/web/CBaseController.php(126): require('/var/www/learni...')
#3 /var/www/learningyii/framework/web/CBaseController.php(95): CBaseController->renderInternal('/var/www/learni...', Array, true)
#4 /var/www/learningyii/framework/web/CController.php(869): CBaseController->renderFile('/var/www/learni...', Array, true)
#5 /var/www/learningyii/tourism_yii/protected/views/trekkingAgency/create.php(18): CController->renderPartial('_form', Array)
#6 /var/www/learningyii/framework/web/CBaseController.php(126): require('/var/www/learni...')
#7 /var/www/learningyii/framework/web/CBaseController.php(95): CBaseController->renderInternal('/var/www/learni...', Array, true)
#8 /var/www/learningyii/framework/web/CController.php(869): CBaseController->renderFile('/var/www/learni...', Array, true)
#9 /var/www/learningyii/framework/web/CController.php(782): CController->renderPartial('create', Array, true)
#10 /var/www/learningyii/tourism_yii/protected/controllers/TrekkingAgencyController.php(79): CController->render('create', Array)
#11 /var/www/learningyii/framework/web/actions/CInlineAction.php(49): TrekkingAgencyController->actionCreate()
#12 /var/www/learningyii/framework/web/CController.php(308): CInlineAction->runWithParams(Array)
#13 /var/www/learningyii/framework/web/filters/CFilterChain.php(133): CController->runAction(Object(CInlineAction))
#14 /var/www/learningyii/framework/web/filters/CFilter.php(40): CFilterChain->run()
#15 /var/www/learningyii/framework/web/CController.php(1145): CFilter->filter(Object(CFilterChain))
#16 /var/www/learningyii/framework/web/filters/CInlineFilter.php(58): CController->filterAccessControl(Object(CFilterChain))
#17 /var/www/learningyii/framework/web/filters/CFilterChain.php(130): CInlineFilter->filter(Object(CFilterChain))
#18 /var/www/learningyii/framework/web/CController.php(291): CFilterChain->run()
#19 /var/www/learningyii/framework/web/CController.php(265): CController->runActionWithFilters(Object(CInlineAction), Array)
#20 /var/www/learningyii/framework/web/CWebApplication.php(282): CController->run('create')
#21 /var/www/learningyii/framework/web/CWebApplication.php(141): CWebApplication->runController('trekkingAgency/...')
#22 /var/www/learningyii/framework/base/CApplication.php(180): CWebApplication->processRequest()
#23 /var/www/learningyii/tourism_yii/index.php(13): CApplication->run()
#24 {main}
REQUEST_URI=/tourism_yii/index.php?r=trekkingAgency/create
---
2014/03/25 01:15:10 [error] [exception.CException] exception 'CException' with message 'Property "TourismFirm.datecolumn_name" is not defined.' in /var/www/learningyii/framework/base/CComponent.php:130
Stack trace:
#0 /var/www/learningyii/framework/db/ar/CActiveRecord.php(145): CComponent->__get('datecolumn_name')
#1 /var/www/learningyii/tourism_yii/protected/views/trekkingAgency/_form.php(240): CActiveRecord->__get('datecolumn_name')
#2 /var/www/learningyii/framework/web/CBaseController.php(126): require('/var/www/learni...')
#3 /var/www/learningyii/framework/web/CBaseController.php(95): CBaseController->renderInternal('/var/www/learni...', Array, true)
#4 /var/www/learningyii/framework/web/CController.php(869): CBaseController->renderFile('/var/www/learni...', Array, true)
#5 /var/www/learningyii/tourism_yii/protected/views/trekkingAgency/create.php(18): CController->renderPartial('_form', Array)
#6 /var/www/learningyii/framework/web/CBaseController.php(126): require('/var/www/learni...')
#7 /var/www/learningyii/framework/web/CBaseController.php(95): CBaseController->renderInternal('/var/www/learni...', Array, true)
#8 /var/www/learningyii/framework/web/CController.php(869): CBaseController->renderFile('/var/www/learni...', Array, true)
#9 /var/www/learningyii/framework/web/CController.php(782): CController->renderPartial('create', Array, true)
#10 /var/www/learningyii/tourism_yii/protected/controllers/TrekkingAgencyController.php(79): CController->render('create', Array)
#11 /var/www/learningyii/framework/web/actions/CInlineAction.php(49): TrekkingAgencyController->actionCreate()
#12 /var/www/learningyii/framework/web/CController.php(308): CInlineAction->runWithParams(Array)
#13 /var/www/learningyii/framework/web/filters/CFilterChain.php(133): CController->runAction(Object(CInlineAction))
#14 /var/www/learningyii/framework/web/filters/CFilter.php(40): CFilterChain->run()
#15 /var/www/learningyii/framework/web/CController.php(1145): CFilter->filter(Object(CFilterChain))
#16 /var/www/learningyii/framework/web/filters/CInlineFilter.php(58): CController->filterAccessControl(Object(CFilterChain))
#17 /var/www/learningyii/framework/web/filters/CFilterChain.php(130): CInlineFilter->filter(Object(CFilterChain))
#18 /var/www/learningyii/framework/web/CController.php(291): CFilterChain->run()
#19 /var/www/learningyii/framework/web/CController.php(265): CController->runActionWithFilters(Object(CInlineAction), Array)
#20 /var/www/learningyii/framework/web/CWebApplication.php(282): CController->run('create')
#21 /var/www/learningyii/framework/web/CWebApplication.php(141): CWebApplication->runController('trekkingAgency/...')
#22 /var/www/learningyii/framework/base/CApplication.php(180): CWebApplication->processRequest()
#23 /var/www/learningyii/tourism_yii/index.php(13): CApplication->run()
#24 {main}
REQUEST_URI=/tourism_yii/index.php?r=trekkingAgency/create
---
2014/03/25 01:29:04 [error] [exception.CException] exception 'CException' with message 'Property "TourismFirm.verifyCode" is not defined.' in /var/www/learningyii/framework/base/CComponent.php:130
Stack trace:
#0 /var/www/learningyii/framework/db/ar/CActiveRecord.php(145): CComponent->__get('verifyCode')
#1 /var/www/learningyii/framework/web/helpers/CHtml.php(2529): CActiveRecord->__get('verifyCode')
#2 /var/www/learningyii/framework/web/helpers/CHtml.php(2252): CHtml::resolveValue(Object(TourismFirm), 'verifyCode')
#3 /var/www/learningyii/framework/web/helpers/CHtml.php(1434): CHtml::activeInputField('text', Object(TourismFirm), 'verifyCode', Array)
#4 /var/www/learningyii/framework/web/widgets/CActiveForm.php(725): CHtml::activeTextField(Object(TourismFirm), 'verifyCode', Array)
#5 /var/www/learningyii/tourism_yii/protected/views/trekkingAgency/_form.php(271): CActiveForm->textField(Object(TourismFirm), 'verifyCode')
#6 /var/www/learningyii/framework/web/CBaseController.php(126): require('/var/www/learni...')
#7 /var/www/learningyii/framework/web/CBaseController.php(95): CBaseController->renderInternal('/var/www/learni...', Array, true)
#8 /var/www/learningyii/framework/web/CController.php(869): CBaseController->renderFile('/var/www/learni...', Array, true)
#9 /var/www/learningyii/tourism_yii/protected/views/trekkingAgency/create.php(18): CController->renderPartial('_form', Array)
#10 /var/www/learningyii/framework/web/CBaseController.php(126): require('/var/www/learni...')
#11 /var/www/learningyii/framework/web/CBaseController.php(95): CBaseController->renderInternal('/var/www/learni...', Array, true)
#12 /var/www/learningyii/framework/web/CController.php(869): CBaseController->renderFile('/var/www/learni...', Array, true)
#13 /var/www/learningyii/framework/web/CController.php(782): CController->renderPartial('create', Array, true)
#14 /var/www/learningyii/tourism_yii/protected/controllers/TrekkingAgencyController.php(79): CController->render('create', Array)
#15 /var/www/learningyii/framework/web/actions/CInlineAction.php(49): TrekkingAgencyController->actionCreate()
#16 /var/www/learningyii/framework/web/CController.php(308): CInlineAction->runWithParams(Array)
#17 /var/www/learningyii/framework/web/filters/CFilterChain.php(133): CController->runAction(Object(CInlineAction))
#18 /var/www/learningyii/framework/web/filters/CFilter.php(40): CFilterChain->run()
#19 /var/www/learningyii/framework/web/CController.php(1145): CFilter->filter(Object(CFilterChain))
#20 /var/www/learningyii/framework/web/filters/CInlineFilter.php(58): CController->filterAccessControl(Object(CFilterChain))
#21 /var/www/learningyii/framework/web/filters/CFilterChain.php(130): CInlineFilter->filter(Object(CFilterChain))
#22 /var/www/learningyii/framework/web/CController.php(291): CFilterChain->run()
#23 /var/www/learningyii/framework/web/CController.php(265): CController->runActionWithFilters(Object(CInlineAction), Array)
#24 /var/www/learningyii/framework/web/CWebApplication.php(282): CController->run('create')
#25 /var/www/learningyii/framework/web/CWebApplication.php(141): CWebApplication->runController('trekkingAgency/...')
#26 /var/www/learningyii/framework/base/CApplication.php(180): CWebApplication->processRequest()
#27 /var/www/learningyii/tourism_yii/index.php(13): CApplication->run()
#28 {main}
REQUEST_URI=/tourism_yii/index.php?r=trekkingAgency/create
---
2014/03/25 01:29:33 [error] [exception.CException] exception 'CException' with message 'Property "TourismFirm.verifyCode" is not defined.' in /var/www/learningyii/framework/base/CComponent.php:130
Stack trace:
#0 /var/www/learningyii/framework/db/ar/CActiveRecord.php(145): CComponent->__get('verifyCode')
#1 /var/www/learningyii/framework/web/helpers/CHtml.php(2529): CActiveRecord->__get('verifyCode')
#2 /var/www/learningyii/framework/web/helpers/CHtml.php(2252): CHtml::resolveValue(Object(TourismFirm), 'verifyCode')
#3 /var/www/learningyii/framework/web/helpers/CHtml.php(1434): CHtml::activeInputField('text', Object(TourismFirm), 'verifyCode', Array)
#4 /var/www/learningyii/framework/web/widgets/CActiveForm.php(725): CHtml::activeTextField(Object(TourismFirm), 'verifyCode', Array)
#5 /var/www/learningyii/tourism_yii/protected/views/trekkingAgency/_form.php(271): CActiveForm->textField(Object(TourismFirm), 'verifyCode')
#6 /var/www/learningyii/framework/web/CBaseController.php(126): require('/var/www/learni...')
#7 /var/www/learningyii/framework/web/CBaseController.php(95): CBaseController->renderInternal('/var/www/learni...', Array, true)
#8 /var/www/learningyii/framework/web/CController.php(869): CBaseController->renderFile('/var/www/learni...', Array, true)
#9 /var/www/learningyii/tourism_yii/protected/views/trekkingAgency/create.php(18): CController->renderPartial('_form', Array)
#10 /var/www/learningyii/framework/web/CBaseController.php(126): require('/var/www/learni...')
#11 /var/www/learningyii/framework/web/CBaseController.php(95): CBaseController->renderInternal('/var/www/learni...', Array, true)
#12 /var/www/learningyii/framework/web/CController.php(869): CBaseController->renderFile('/var/www/learni...', Array, true)
#13 /var/www/learningyii/framework/web/CController.php(782): CController->renderPartial('create', Array, true)
#14 /var/www/learningyii/tourism_yii/protected/controllers/TrekkingAgencyController.php(79): CController->render('create', Array)
#15 /var/www/learningyii/framework/web/actions/CInlineAction.php(49): TrekkingAgencyController->actionCreate()
#16 /var/www/learningyii/framework/web/CController.php(308): CInlineAction->runWithParams(Array)
#17 /var/www/learningyii/framework/web/filters/CFilterChain.php(133): CController->runAction(Object(CInlineAction))
#18 /var/www/learningyii/framework/web/filters/CFilter.php(40): CFilterChain->run()
#19 /var/www/learningyii/framework/web/CController.php(1145): CFilter->filter(Object(CFilterChain))
#20 /var/www/learningyii/framework/web/filters/CInlineFilter.php(58): CController->filterAccessControl(Object(CFilterChain))
#21 /var/www/learningyii/framework/web/filters/CFilterChain.php(130): CInlineFilter->filter(Object(CFilterChain))
#22 /var/www/learningyii/framework/web/CController.php(291): CFilterChain->run()
#23 /var/www/learningyii/framework/web/CController.php(265): CController->runActionWithFilters(Object(CInlineAction), Array)
#24 /var/www/learningyii/framework/web/CWebApplication.php(282): CController->run('create')
#25 /var/www/learningyii/framework/web/CWebApplication.php(141): CWebApplication->runController('trekkingAgency/...')
#26 /var/www/learningyii/framework/base/CApplication.php(180): CWebApplication->processRequest()
#27 /var/www/learningyii/tourism_yii/index.php(13): CApplication->run()
#28 {main}
REQUEST_URI=/tourism_yii/index.php?r=trekkingAgency/create
---
2014/03/25 01:29:34 [error] [exception.CException] exception 'CException' with message 'Property "TourismFirm.verifyCode" is not defined.' in /var/www/learningyii/framework/base/CComponent.php:130
Stack trace:
#0 /var/www/learningyii/framework/db/ar/CActiveRecord.php(145): CComponent->__get('verifyCode')
#1 /var/www/learningyii/framework/web/helpers/CHtml.php(2529): CActiveRecord->__get('verifyCode')
#2 /var/www/learningyii/framework/web/helpers/CHtml.php(2252): CHtml::resolveValue(Object(TourismFirm), 'verifyCode')
#3 /var/www/learningyii/framework/web/helpers/CHtml.php(1434): CHtml::activeInputField('text', Object(TourismFirm), 'verifyCode', Array)
#4 /var/www/learningyii/framework/web/widgets/CActiveForm.php(725): CHtml::activeTextField(Object(TourismFirm), 'verifyCode', Array)
#5 /var/www/learningyii/tourism_yii/protected/views/trekkingAgency/_form.php(271): CActiveForm->textField(Object(TourismFirm), 'verifyCode')
#6 /var/www/learningyii/framework/web/CBaseController.php(126): require('/var/www/learni...')
#7 /var/www/learningyii/framework/web/CBaseController.php(95): CBaseController->renderInternal('/var/www/learni...', Array, true)
#8 /var/www/learningyii/framework/web/CController.php(869): CBaseController->renderFile('/var/www/learni...', Array, true)
#9 /var/www/learningyii/tourism_yii/protected/views/trekkingAgency/create.php(18): CController->renderPartial('_form', Array)
#10 /var/www/learningyii/framework/web/CBaseController.php(126): require('/var/www/learni...')
#11 /var/www/learningyii/framework/web/CBaseController.php(95): CBaseController->renderInternal('/var/www/learni...', Array, true)
#12 /var/www/learningyii/framework/web/CController.php(869): CBaseController->renderFile('/var/www/learni...', Array, true)
#13 /var/www/learningyii/framework/web/CController.php(782): CController->renderPartial('create', Array, true)
#14 /var/www/learningyii/tourism_yii/protected/controllers/TrekkingAgencyController.php(79): CController->render('create', Array)
#15 /var/www/learningyii/framework/web/actions/CInlineAction.php(49): TrekkingAgencyController->actionCreate()
#16 /var/www/learningyii/framework/web/CController.php(308): CInlineAction->runWithParams(Array)
#17 /var/www/learningyii/framework/web/filters/CFilterChain.php(133): CController->runAction(Object(CInlineAction))
#18 /var/www/learningyii/framework/web/filters/CFilter.php(40): CFilterChain->run()
#19 /var/www/learningyii/framework/web/CController.php(1145): CFilter->filter(Object(CFilterChain))
#20 /var/www/learningyii/framework/web/filters/CInlineFilter.php(58): CController->filterAccessControl(Object(CFilterChain))
#21 /var/www/learningyii/framework/web/filters/CFilterChain.php(130): CInlineFilter->filter(Object(CFilterChain))
#22 /var/www/learningyii/framework/web/CController.php(291): CFilterChain->run()
#23 /var/www/learningyii/framework/web/CController.php(265): CController->runActionWithFilters(Object(CInlineAction), Array)
#24 /var/www/learningyii/framework/web/CWebApplication.php(282): CController->run('create')
#25 /var/www/learningyii/framework/web/CWebApplication.php(141): CWebApplication->runController('trekkingAgency/...')
#26 /var/www/learningyii/framework/base/CApplication.php(180): CWebApplication->processRequest()
#27 /var/www/learningyii/tourism_yii/index.php(13): CApplication->run()
#28 {main}
REQUEST_URI=/tourism_yii/index.php?r=trekkingAgency/create
---
2014/03/25 01:30:15 [error] [exception.CException] exception 'CException' with message 'Property "TourismFirm.verifyCode" is not defined.' in /var/www/learningyii/framework/base/CComponent.php:130
Stack trace:
#0 /var/www/learningyii/framework/db/ar/CActiveRecord.php(145): CComponent->__get('verifyCode')
#1 /var/www/learningyii/framework/web/helpers/CHtml.php(2529): CActiveRecord->__get('verifyCode')
#2 /var/www/learningyii/framework/web/helpers/CHtml.php(2252): CHtml::resolveValue(Object(TourismFirm), 'verifyCode')
#3 /var/www/learningyii/framework/web/helpers/CHtml.php(1434): CHtml::activeInputField('text', Object(TourismFirm), 'verifyCode', Array)
#4 /var/www/learningyii/framework/web/widgets/CActiveForm.php(725): CHtml::activeTextField(Object(TourismFirm), 'verifyCode', Array)
#5 /var/www/learningyii/tourism_yii/protected/views/trekkingAgency/_form.php(271): CActiveForm->textField(Object(TourismFirm), 'verifyCode')
#6 /var/www/learningyii/framework/web/CBaseController.php(126): require('/var/www/learni...')
#7 /var/www/learningyii/framework/web/CBaseController.php(95): CBaseController->renderInternal('/var/www/learni...', Array, true)
#8 /var/www/learningyii/framework/web/CController.php(869): CBaseController->renderFile('/var/www/learni...', Array, true)
#9 /var/www/learningyii/tourism_yii/protected/views/trekkingAgency/create.php(18): CController->renderPartial('_form', Array)
#10 /var/www/learningyii/framework/web/CBaseController.php(126): require('/var/www/learni...')
#11 /var/www/learningyii/framework/web/CBaseController.php(95): CBaseController->renderInternal('/var/www/learni...', Array, true)
#12 /var/www/learningyii/framework/web/CController.php(869): CBaseController->renderFile('/var/www/learni...', Array, true)
#13 /var/www/learningyii/framework/web/CController.php(782): CController->renderPartial('create', Array, true)
#14 /var/www/learningyii/tourism_yii/protected/controllers/TrekkingAgencyController.php(79): CController->render('create', Array)
#15 /var/www/learningyii/framework/web/actions/CInlineAction.php(49): TrekkingAgencyController->actionCreate()
#16 /var/www/learningyii/framework/web/CController.php(308): CInlineAction->runWithParams(Array)
#17 /var/www/learningyii/framework/web/filters/CFilterChain.php(133): CController->runAction(Object(CInlineAction))
#18 /var/www/learningyii/framework/web/filters/CFilter.php(40): CFilterChain->run()
#19 /var/www/learningyii/framework/web/CController.php(1145): CFilter->filter(Object(CFilterChain))
#20 /var/www/learningyii/framework/web/filters/CInlineFilter.php(58): CController->filterAccessControl(Object(CFilterChain))
#21 /var/www/learningyii/framework/web/filters/CFilterChain.php(130): CInlineFilter->filter(Object(CFilterChain))
#22 /var/www/learningyii/framework/web/CController.php(291): CFilterChain->run()
#23 /var/www/learningyii/framework/web/CController.php(265): CController->runActionWithFilters(Object(CInlineAction), Array)
#24 /var/www/learningyii/framework/web/CWebApplication.php(282): CController->run('create')
#25 /var/www/learningyii/framework/web/CWebApplication.php(141): CWebApplication->runController('trekkingAgency/...')
#26 /var/www/learningyii/framework/base/CApplication.php(180): CWebApplication->processRequest()
#27 /var/www/learningyii/tourism_yii/index.php(13): CApplication->run()
#28 {main}
REQUEST_URI=/tourism_yii/index.php?r=trekkingAgency/create
---
2014/03/25 01:36:40 [error] [exception.CHttpException.404] exception 'CHttpException' with message 'The system is unable to find the requested action "search".' in /var/www/learningyii/framework/web/CController.php:483
Stack trace:
#0 /var/www/learningyii/framework/web/CController.php(270): CController->missingAction('search')
#1 /var/www/learningyii/framework/web/CWebApplication.php(282): CController->run('search')
#2 /var/www/learningyii/framework/web/CWebApplication.php(141): CWebApplication->runController('trekkingAgency/...')
#3 /var/www/learningyii/framework/base/CApplication.php(180): CWebApplication->processRequest()
#4 /var/www/learningyii/tourism_yii/index.php(13): CApplication->run()
#5 {main}
REQUEST_URI=/tourism_yii/index.php?r=trekkingAgency/search
---
2014/03/25 01:42:30 [error] [exception.CHttpException.404] exception 'CHttpException' with message 'Unable to resolve the request "TrekkingGuide".' in /var/www/learningyii/framework/web/CWebApplication.php:286
Stack trace:
#0 /var/www/learningyii/framework/web/CWebApplication.php(141): CWebApplication->runController('TrekkingGuide')
#1 /var/www/learningyii/framework/base/CApplication.php(180): CWebApplication->processRequest()
#2 /var/www/learningyii/tourism_yii/index.php(13): CApplication->run()
#3 {main}
REQUEST_URI=/tourism_yii/index.php?r=TrekkingGuide
---
2014/03/25 01:43:14 [error] [exception.CHttpException.404] exception 'CHttpException' with message 'Unable to resolve the request "TrekkingGuide".' in /var/www/learningyii/framework/web/CWebApplication.php:286
Stack trace:
#0 /var/www/learningyii/framework/web/CWebApplication.php(141): CWebApplication->runController('TrekkingGuide')
#1 /var/www/learningyii/framework/base/CApplication.php(180): CWebApplication->processRequest()
#2 /var/www/learningyii/tourism_yii/index.php(13): CApplication->run()
#3 {main}
REQUEST_URI=/tourism_yii/index.php?r=TrekkingGuide
---
2014/03/25 01:49:50 [error] [exception.CHttpException.400] exception 'CHttpException' with message 'Your request is invalid.' in /var/www/learningyii/framework/web/CController.php:336
Stack trace:
#0 /var/www/learningyii/framework/web/CController.php(309): CController->invalidActionParams(Object(CInlineAction))
#1 /var/www/learningyii/framework/web/filters/CFilterChain.php(133): CController->runAction(Object(CInlineAction))
#2 /var/www/learningyii/framework/web/filters/CFilter.php(40): CFilterChain->run()
#3 /var/www/learningyii/framework/web/CController.php(1145): CFilter->filter(Object(CFilterChain))
#4 /var/www/learningyii/framework/web/filters/CInlineFilter.php(58): CController->filterAccessControl(Object(CFilterChain))
#5 /var/www/learningyii/framework/web/filters/CFilterChain.php(130): CInlineFilter->filter(Object(CFilterChain))
#6 /var/www/learningyii/framework/web/CController.php(291): CFilterChain->run()
#7 /var/www/learningyii/framework/web/CController.php(265): CController->runActionWithFilters(Object(CInlineAction), Array)
#8 /var/www/learningyii/framework/web/CWebApplication.php(282): CController->run('view')
#9 /var/www/learningyii/framework/web/CWebApplication.php(141): CWebApplication->runController('trekkingAgency/...')
#10 /var/www/learningyii/framework/base/CApplication.php(180): CWebApplication->processRequest()
#11 /var/www/learningyii/tourism_yii/index.php(13): CApplication->run()
#12 {main}
REQUEST_URI=/tourism_yii/index.php?r=trekkingAgency/view
---
2014/03/25 01:49:53 [error] [exception.CException] exception 'CException' with message 'Alias "ext.menu.EMenu" is invalid. Make sure it points to an existing PHP file and the file is readable.' in /var/www/learningyii/framework/YiiBase.php:322
Stack trace:
#0 /var/www/learningyii/framework/web/CWidgetFactory.php(146): YiiBase::import('ext.menu.EMenu', true)
#1 /var/www/learningyii/framework/web/CBaseController.php(146): CWidgetFactory->createWidget(Object(TrekkingAgencyController), 'ext.menu.EMenu', Array)
#2 /var/www/learningyii/framework/web/CBaseController.php(172): CBaseController->createWidget('ext.menu.EMenu', Array)
#3 /var/www/learningyii/tourism_yii/protected/views/trekkingAgency/view.php(19): CBaseController->widget('ext.menu.EMenu', Array)
#4 /var/www/learningyii/framework/web/CBaseController.php(126): require('/var/www/learni...')
#5 /var/www/learningyii/framework/web/CBaseController.php(95): CBaseController->renderInternal('/var/www/learni...', Array, true)
#6 /var/www/learningyii/framework/web/CController.php(869): CBaseController->renderFile('/var/www/learni...', Array, true)
#7 /var/www/learningyii/framework/web/CController.php(782): CController->renderPartial('view', Array, true)
#8 /var/www/learningyii/tourism_yii/protected/controllers/TrekkingAgencyController.php(56): CController->render('view', Array)
#9 [internal function]: TrekkingAgencyController->actionView('1')
#10 /var/www/learningyii/framework/web/actions/CAction.php(108): ReflectionMethod->invokeArgs(Object(TrekkingAgencyController), Array)
#11 /var/www/learningyii/framework/web/actions/CInlineAction.php(47): CAction->runWithParamsInternal(Object(TrekkingAgencyController), Object(ReflectionMethod), Array)
#12 /var/www/learningyii/framework/web/CController.php(308): CInlineAction->runWithParams(Array)
#13 /var/www/learningyii/framework/web/filters/CFilterChain.php(133): CController->runAction(Object(CInlineAction))
#14 /var/www/learningyii/framework/web/filters/CFilter.php(40): CFilterChain->run()
#15 /var/www/learningyii/framework/web/CController.php(1145): CFilter->filter(Object(CFilterChain))
#16 /var/www/learningyii/framework/web/filters/CInlineFilter.php(58): CController->filterAccessControl(Object(CFilterChain))
#17 /var/www/learningyii/framework/web/filters/CFilterChain.php(130): CInlineFilter->filter(Object(CFilterChain))
#18 /var/www/learningyii/framework/web/CController.php(291): CFilterChain->run()
#19 /var/www/learningyii/framework/web/CController.php(265): CController->runActionWithFilters(Object(CInlineAction), Array)
#20 /var/www/learningyii/framework/web/CWebApplication.php(282): CController->run('view')
#21 /var/www/learningyii/framework/web/CWebApplication.php(141): CWebApplication->runController('trekkingAgency/...')
#22 /var/www/learningyii/framework/base/CApplication.php(180): CWebApplication->processRequest()
#23 /var/www/learningyii/tourism_yii/index.php(13): CApplication->run()
#24 {main}
REQUEST_URI=/tourism_yii/index.php?r=trekkingAgency/view/id/1
---
2014/03/25 01:50:26 [error] [exception.CException] exception 'CException' with message 'Alias "ext.menu.EMenu" is invalid. Make sure it points to an existing PHP file and the file is readable.' in /var/www/learningyii/framework/YiiBase.php:322
Stack trace:
#0 /var/www/learningyii/framework/web/CWidgetFactory.php(146): YiiBase::import('ext.menu.EMenu', true)
#1 /var/www/learningyii/framework/web/CBaseController.php(146): CWidgetFactory->createWidget(Object(TrekkingAgencyController), 'ext.menu.EMenu', Array)
#2 /var/www/learningyii/framework/web/CBaseController.php(172): CBaseController->createWidget('ext.menu.EMenu', Array)
#3 /var/www/learningyii/tourism_yii/protected/views/trekkingAgency/view.php(37): CBaseController->widget('ext.menu.EMenu', Array)
#4 /var/www/learningyii/framework/web/CBaseController.php(126): require('/var/www/learni...')
#5 /var/www/learningyii/framework/web/CBaseController.php(95): CBaseController->renderInternal('/var/www/learni...', Array, true)
#6 /var/www/learningyii/framework/web/CController.php(869): CBaseController->renderFile('/var/www/learni...', Array, true)
#7 /var/www/learningyii/framework/web/CController.php(782): CController->renderPartial('view', Array, true)
#8 /var/www/learningyii/tourism_yii/protected/controllers/TrekkingAgencyController.php(56): CController->render('view', Array)
#9 [internal function]: TrekkingAgencyController->actionView('1')
#10 /var/www/learningyii/framework/web/actions/CAction.php(108): ReflectionMethod->invokeArgs(Object(TrekkingAgencyController), Array)
#11 /var/www/learningyii/framework/web/actions/CInlineAction.php(47): CAction->runWithParamsInternal(Object(TrekkingAgencyController), Object(ReflectionMethod), Array)
#12 /var/www/learningyii/framework/web/CController.php(308): CInlineAction->runWithParams(Array)
#13 /var/www/learningyii/framework/web/filters/CFilterChain.php(133): CController->runAction(Object(CInlineAction))
#14 /var/www/learningyii/framework/web/filters/CFilter.php(40): CFilterChain->run()
#15 /var/www/learningyii/framework/web/CController.php(1145): CFilter->filter(Object(CFilterChain))
#16 /var/www/learningyii/framework/web/filters/CInlineFilter.php(58): CController->filterAccessControl(Object(CFilterChain))
#17 /var/www/learningyii/framework/web/filters/CFilterChain.php(130): CInlineFilter->filter(Object(CFilterChain))
#18 /var/www/learningyii/framework/web/CController.php(291): CFilterChain->run()
#19 /var/www/learningyii/framework/web/CController.php(265): CController->runActionWithFilters(Object(CInlineAction), Array)
#20 /var/www/learningyii/framework/web/CWebApplication.php(282): CController->run('view')
#21 /var/www/learningyii/framework/web/CWebApplication.php(141): CWebApplication->runController('trekkingAgency/...')
#22 /var/www/learningyii/framework/base/CApplication.php(180): CWebApplication->processRequest()
#23 /var/www/learningyii/tourism_yii/index.php(13): CApplication->run()
#24 {main}
REQUEST_URI=/tourism_yii/index.php?r=trekkingAgency/view/id/1
---
2014/03/25 01:50:28 [error] [exception.CException] exception 'CException' with message 'Alias "ext.menu.EMenu" is invalid. Make sure it points to an existing PHP file and the file is readable.' in /var/www/learningyii/framework/YiiBase.php:322
Stack trace:
#0 /var/www/learningyii/framework/web/CWidgetFactory.php(146): YiiBase::import('ext.menu.EMenu', true)
#1 /var/www/learningyii/framework/web/CBaseController.php(146): CWidgetFactory->createWidget(Object(TrekkingAgencyController), 'ext.menu.EMenu', Array)
#2 /var/www/learningyii/framework/web/CBaseController.php(172): CBaseController->createWidget('ext.menu.EMenu', Array)
#3 /var/www/learningyii/tourism_yii/protected/views/trekkingAgency/view.php(37): CBaseController->widget('ext.menu.EMenu', Array)
#4 /var/www/learningyii/framework/web/CBaseController.php(126): require('/var/www/learni...')
#5 /var/www/learningyii/framework/web/CBaseController.php(95): CBaseController->renderInternal('/var/www/learni...', Array, true)
#6 /var/www/learningyii/framework/web/CController.php(869): CBaseController->renderFile('/var/www/learni...', Array, true)
#7 /var/www/learningyii/framework/web/CController.php(782): CController->renderPartial('view', Array, true)
#8 /var/www/learningyii/tourism_yii/protected/controllers/TrekkingAgencyController.php(56): CController->render('view', Array)
#9 [internal function]: TrekkingAgencyController->actionView('1')
#10 /var/www/learningyii/framework/web/actions/CAction.php(108): ReflectionMethod->invokeArgs(Object(TrekkingAgencyController), Array)
#11 /var/www/learningyii/framework/web/actions/CInlineAction.php(47): CAction->runWithParamsInternal(Object(TrekkingAgencyController), Object(ReflectionMethod), Array)
#12 /var/www/learningyii/framework/web/CController.php(308): CInlineAction->runWithParams(Array)
#13 /var/www/learningyii/framework/web/filters/CFilterChain.php(133): CController->runAction(Object(CInlineAction))
#14 /var/www/learningyii/framework/web/filters/CFilter.php(40): CFilterChain->run()
#15 /var/www/learningyii/framework/web/CController.php(1145): CFilter->filter(Object(CFilterChain))
#16 /var/www/learningyii/framework/web/filters/CInlineFilter.php(58): CController->filterAccessControl(Object(CFilterChain))
#17 /var/www/learningyii/framework/web/filters/CFilterChain.php(130): CInlineFilter->filter(Object(CFilterChain))
#18 /var/www/learningyii/framework/web/CController.php(291): CFilterChain->run()
#19 /var/www/learningyii/framework/web/CController.php(265): CController->runActionWithFilters(Object(CInlineAction), Array)
#20 /var/www/learningyii/framework/web/CWebApplication.php(282): CController->run('view')
#21 /var/www/learningyii/framework/web/CWebApplication.php(141): CWebApplication->runController('trekkingAgency/...')
#22 /var/www/learningyii/framework/base/CApplication.php(180): CWebApplication->processRequest()
#23 /var/www/learningyii/tourism_yii/index.php(13): CApplication->run()
#24 {main}
REQUEST_URI=/tourism_yii/index.php?r=trekkingAgency/view/id/1
---
2014/03/25 01:50:32 [error] [exception.CException] exception 'CException' with message 'Alias "ext.menu.EMenu" is invalid. Make sure it points to an existing PHP file and the file is readable.' in /var/www/learningyii/framework/YiiBase.php:322
Stack trace:
#0 /var/www/learningyii/framework/web/CWidgetFactory.php(146): YiiBase::import('ext.menu.EMenu', true)
#1 /var/www/learningyii/framework/web/CBaseController.php(146): CWidgetFactory->createWidget(Object(TrekkingAgencyController), 'ext.menu.EMenu', Array)
#2 /var/www/learningyii/framework/web/CBaseController.php(172): CBaseController->createWidget('ext.menu.EMenu', Array)
#3 /var/www/learningyii/tourism_yii/protected/views/trekkingAgency/view.php(37): CBaseController->widget('ext.menu.EMenu', Array)
#4 /var/www/learningyii/framework/web/CBaseController.php(126): require('/var/www/learni...')
#5 /var/www/learningyii/framework/web/CBaseController.php(95): CBaseController->renderInternal('/var/www/learni...', Array, true)
#6 /var/www/learningyii/framework/web/CController.php(869): CBaseController->renderFile('/var/www/learni...', Array, true)
#7 /var/www/learningyii/framework/web/CController.php(782): CController->renderPartial('view', Array, true)
#8 /var/www/learningyii/tourism_yii/protected/controllers/TrekkingAgencyController.php(56): CController->render('view', Array)
#9 [internal function]: TrekkingAgencyController->actionView('1')
#10 /var/www/learningyii/framework/web/actions/CAction.php(108): ReflectionMethod->invokeArgs(Object(TrekkingAgencyController), Array)
#11 /var/www/learningyii/framework/web/actions/CInlineAction.php(47): CAction->runWithParamsInternal(Object(TrekkingAgencyController), Object(ReflectionMethod), Array)
#12 /var/www/learningyii/framework/web/CController.php(308): CInlineAction->runWithParams(Array)
#13 /var/www/learningyii/framework/web/filters/CFilterChain.php(133): CController->runAction(Object(CInlineAction))
#14 /var/www/learningyii/framework/web/filters/CFilter.php(40): CFilterChain->run()
#15 /var/www/learningyii/framework/web/CController.php(1145): CFilter->filter(Object(CFilterChain))
#16 /var/www/learningyii/framework/web/filters/CInlineFilter.php(58): CController->filterAccessControl(Object(CFilterChain))
#17 /var/www/learningyii/framework/web/filters/CFilterChain.php(130): CInlineFilter->filter(Object(CFilterChain))
#18 /var/www/learningyii/framework/web/CController.php(291): CFilterChain->run()
#19 /var/www/learningyii/framework/web/CController.php(265): CController->runActionWithFilters(Object(CInlineAction), Array)
#20 /var/www/learningyii/framework/web/CWebApplication.php(282): CController->run('view')
#21 /var/www/learningyii/framework/web/CWebApplication.php(141): CWebApplication->runController('trekkingAgency/...')
#22 /var/www/learningyii/framework/base/CApplication.php(180): CWebApplication->processRequest()
#23 /var/www/learningyii/tourism_yii/index.php(13): CApplication->run()
#24 {main}
REQUEST_URI=/tourism_yii/index.php?r=trekkingAgency/view/id/1
---
2014/03/25 08:26:32 [error] [exception.CException] exception 'CException' with message 'Alias "ext.menu.EMenu" is invalid. Make sure it points to an existing PHP file and the file is readable.' in /var/www/learningyii/framework/YiiBase.php:322
Stack trace:
#0 /var/www/learningyii/framework/web/CWidgetFactory.php(146): YiiBase::import('ext.menu.EMenu', true)
#1 /var/www/learningyii/framework/web/CBaseController.php(146): CWidgetFactory->createWidget(Object(TrekkingAgencyController), 'ext.menu.EMenu', Array)
#2 /var/www/learningyii/framework/web/CBaseController.php(172): CBaseController->createWidget('ext.menu.EMenu', Array)
#3 /var/www/learningyii/tourism_yii/protected/views/trekkingAgency/view.php(37): CBaseController->widget('ext.menu.EMenu', Array)
#4 /var/www/learningyii/framework/web/CBaseController.php(126): require('/var/www/learni...')
#5 /var/www/learningyii/framework/web/CBaseController.php(95): CBaseController->renderInternal('/var/www/learni...', Array, true)
#6 /var/www/learningyii/framework/web/CController.php(869): CBaseController->renderFile('/var/www/learni...', Array, true)
#7 /var/www/learningyii/framework/web/CController.php(782): CController->renderPartial('view', Array, true)
#8 /var/www/learningyii/tourism_yii/protected/controllers/TrekkingAgencyController.php(56): CController->render('view', Array)
#9 [internal function]: TrekkingAgencyController->actionView('1')
#10 /var/www/learningyii/framework/web/actions/CAction.php(108): ReflectionMethod->invokeArgs(Object(TrekkingAgencyController), Array)
#11 /var/www/learningyii/framework/web/actions/CInlineAction.php(47): CAction->runWithParamsInternal(Object(TrekkingAgencyController), Object(ReflectionMethod), Array)
#12 /var/www/learningyii/framework/web/CController.php(308): CInlineAction->runWithParams(Array)
#13 /var/www/learningyii/framework/web/filters/CFilterChain.php(133): CController->runAction(Object(CInlineAction))
#14 /var/www/learningyii/framework/web/filters/CFilter.php(40): CFilterChain->run()
#15 /var/www/learningyii/framework/web/CController.php(1145): CFilter->filter(Object(CFilterChain))
#16 /var/www/learningyii/framework/web/filters/CInlineFilter.php(58): CController->filterAccessControl(Object(CFilterChain))
#17 /var/www/learningyii/framework/web/filters/CFilterChain.php(130): CInlineFilter->filter(Object(CFilterChain))
#18 /var/www/learningyii/framework/web/CController.php(291): CFilterChain->run()
#19 /var/www/learningyii/framework/web/CController.php(265): CController->runActionWithFilters(Object(CInlineAction), Array)
#20 /var/www/learningyii/framework/web/CWebApplication.php(282): CController->run('view')
#21 /var/www/learningyii/framework/web/CWebApplication.php(141): CWebApplication->runController('trekkingAgency/...')
#22 /var/www/learningyii/framework/base/CApplication.php(180): CWebApplication->processRequest()
#23 /var/www/learningyii/tourism_yii/index.php(13): CApplication->run()
#24 {main}
REQUEST_URI=/tourism_yii/index.php?r=trekkingAgency/view/id/1
---
2014/03/27 22:49:12 [error] [exception.CHttpException.400] exception 'CHttpException' with message 'Your request is invalid.' in /var/www/learningyii/framework/web/CController.php:336
Stack trace:
#0 /var/www/learningyii/framework/web/CController.php(309): CController->invalidActionParams(Object(CInlineAction))
#1 /var/www/learningyii/framework/web/filters/CFilterChain.php(133): CController->runAction(Object(CInlineAction))
#2 /var/www/learningyii/framework/web/filters/CFilter.php(40): CFilterChain->run()
#3 /var/www/learningyii/framework/web/CController.php(1145): CFilter->filter(Object(CFilterChain))
#4 /var/www/learningyii/framework/web/filters/CInlineFilter.php(58): CController->filterAccessControl(Object(CFilterChain))
#5 /var/www/learningyii/framework/web/filters/CFilterChain.php(130): CInlineFilter->filter(Object(CFilterChain))
#6 /var/www/learningyii/framework/web/CController.php(291): CFilterChain->run()
#7 /var/www/learningyii/framework/web/CController.php(265): CController->runActionWithFilters(Object(CInlineAction), Array)
#8 /var/www/learningyii/framework/web/CWebApplication.php(282): CController->run('view')
#9 /var/www/learningyii/framework/web/CWebApplication.php(141): CWebApplication->runController('trekkingAgency/...')
#10 /var/www/learningyii/framework/base/CApplication.php(180): CWebApplication->processRequest()
#11 /var/www/learningyii/tourism_yii/index.php(13): CApplication->run()
#12 {main}
REQUEST_URI=/tourism_yii/index.php?r=trekkingAgency/view
---
2014/03/27 22:49:37 [error] [exception.CHttpException.400] exception 'CHttpException' with message 'Your request is invalid.' in /var/www/learningyii/framework/web/CController.php:336
Stack trace:
#0 /var/www/learningyii/framework/web/CController.php(309): CController->invalidActionParams(Object(CInlineAction))
#1 /var/www/learningyii/framework/web/filters/CFilterChain.php(133): CController->runAction(Object(CInlineAction))
#2 /var/www/learningyii/framework/web/filters/CFilter.php(40): CFilterChain->run()
#3 /var/www/learningyii/framework/web/CController.php(1145): CFilter->filter(Object(CFilterChain))
#4 /var/www/learningyii/framework/web/filters/CInlineFilter.php(58): CController->filterAccessControl(Object(CFilterChain))
#5 /var/www/learningyii/framework/web/filters/CFilterChain.php(130): CInlineFilter->filter(Object(CFilterChain))
#6 /var/www/learningyii/framework/web/CController.php(291): CFilterChain->run()
#7 /var/www/learningyii/framework/web/CController.php(265): CController->runActionWithFilters(Object(CInlineAction), Array)
#8 /var/www/learningyii/framework/web/CWebApplication.php(282): CController->run('view')
#9 /var/www/learningyii/framework/web/CWebApplication.php(141): CWebApplication->runController('trekkingAgency/...')
#10 /var/www/learningyii/framework/base/CApplication.php(180): CWebApplication->processRequest()
#11 /var/www/learningyii/tourism_yii/index.php(13): CApplication->run()
#12 {main}
REQUEST_URI=/tourism_yii/index.php?r=trekkingAgency/view/d
---
2014/03/27 22:49:45 [error] [php] Undefined variable: dataProvider (/var/www/learningyii/tourism_yii/protected/views/trekkingAgency/view.php:74)
Stack trace:
#0 /var/www/learningyii/framework/web/CController.php(869): TrekkingAgencyController->renderFile()
#1 /var/www/learningyii/framework/web/CController.php(782): TrekkingAgencyController->renderPartial()
#2 /var/www/learningyii/tourism_yii/protected/controllers/TrekkingAgencyController.php(56): TrekkingAgencyController->render()
#3 unknown(0): TrekkingAgencyController->actionView()
#4 /var/www/learningyii/framework/web/actions/CAction.php(108): ReflectionMethod->invokeArgs()
#5 /var/www/learningyii/framework/web/actions/CInlineAction.php(47): CInlineAction->runWithParamsInternal()
#6 /var/www/learningyii/framework/web/CController.php(308): CInlineAction->runWithParams()
#7 /var/www/learningyii/framework/web/filters/CFilterChain.php(133): TrekkingAgencyController->runAction()
#8 /var/www/learningyii/framework/web/filters/CFilter.php(40): CFilterChain->run()
#9 /var/www/learningyii/framework/web/CController.php(1145): CAccessControlFilter->filter()
#10 /var/www/learningyii/framework/web/filters/CInlineFilter.php(58): TrekkingAgencyController->filterAccessControl()
#11 /var/www/learningyii/framework/web/filters/CFilterChain.php(130): CInlineFilter->filter()
#12 /var/www/learningyii/framework/web/CController.php(291): CFilterChain->run()
#13 /var/www/learningyii/framework/web/CController.php(265): TrekkingAgencyController->runActionWithFilters()
#14 /var/www/learningyii/framework/web/CWebApplication.php(282): TrekkingAgencyController->run()
#15 /var/www/learningyii/framework/web/CWebApplication.php(141): CWebApplication->runController()
#16 /var/www/learningyii/framework/base/CApplication.php(180): CWebApplication->processRequest()
#17 /var/www/learningyii/tourism_yii/index.php(13): CWebApplication->run()
REQUEST_URI=/tourism_yii/index.php?r=trekkingAgency/view/id/1
in /var/www/learningyii/tourism_yii/protected/views/trekkingAgency/view.php (74)
in /var/www/learningyii/tourism_yii/protected/controllers/TrekkingAgencyController.php (56)
in /var/www/learningyii/tourism_yii/index.php (13)
2014/03/27 22:57:28 [error] [exception.CException] exception 'CException' with message 'Property "CGridView.column" is not defined.' in /var/www/learningyii/framework/base/CComponent.php:173
Stack trace:
#0 /var/www/learningyii/framework/web/CWidgetFactory.php(161): CComponent->__set('column', Array)
#1 /var/www/learningyii/framework/web/CBaseController.php(146): CWidgetFactory->createWidget(Object(TrekkingAgencyController), 'zii.widgets.gri...', Array)
#2 /var/www/learningyii/framework/web/CBaseController.php(172): CBaseController->createWidget('zii.widgets.gri...', Array)
#3 /var/www/learningyii/tourism_yii/protected/views/trekkingAgency/index.php(28): CBaseController->widget('zii.widgets.gri...', Array)
#4 /var/www/learningyii/framework/web/CBaseController.php(126): require('/var/www/learni...')
#5 /var/www/learningyii/framework/web/CBaseController.php(95): CBaseController->renderInternal('/var/www/learni...', Array, true)
#6 /var/www/learningyii/framework/web/CController.php(869): CBaseController->renderFile('/var/www/learni...', Array, true)
#7 /var/www/learningyii/framework/web/CController.php(782): CController->renderPartial('index', Array, true)
#8 /var/www/learningyii/tourism_yii/protected/controllers/TrekkingAgencyController.php(128): CController->render('index', Array)
#9 /var/www/learningyii/framework/web/actions/CInlineAction.php(49): TrekkingAgencyController->actionIndex()
#10 /var/www/learningyii/framework/web/CController.php(308): CInlineAction->runWithParams(Array)
#11 /var/www/learningyii/framework/web/filters/CFilterChain.php(133): CController->runAction(Object(CInlineAction))
#12 /var/www/learningyii/framework/web/filters/CFilter.php(40): CFilterChain->run()
#13 /var/www/learningyii/framework/web/CController.php(1145): CFilter->filter(Object(CFilterChain))
#14 /var/www/learningyii/framework/web/filters/CInlineFilter.php(58): CController->filterAccessControl(Object(CFilterChain))
#15 /var/www/learningyii/framework/web/filters/CFilterChain.php(130): CInlineFilter->filter(Object(CFilterChain))
#16 /var/www/learningyii/framework/web/CController.php(291): CFilterChain->run()
#17 /var/www/learningyii/framework/web/CController.php(265): CController->runActionWithFilters(Object(CInlineAction), Array)
#18 /var/www/learningyii/framework/web/CWebApplication.php(282): CController->run('index')
#19 /var/www/learningyii/framework/web/CWebApplication.php(141): CWebApplication->runController('trekkingAgency/...')
#20 /var/www/learningyii/framework/base/CApplication.php(180): CWebApplication->processRequest()
#21 /var/www/learningyii/tourism_yii/index.php(13): CApplication->run()
#22 {main}
REQUEST_URI=/tourism_yii/index.php?r=trekkingAgency/index
---
2014/03/27 22:57:30 [error] [exception.CException] exception 'CException' with message 'Property "CGridView.column" is not defined.' in /var/www/learningyii/framework/base/CComponent.php:173
Stack trace:
#0 /var/www/learningyii/framework/web/CWidgetFactory.php(161): CComponent->__set('column', Array)
#1 /var/www/learningyii/framework/web/CBaseController.php(146): CWidgetFactory->createWidget(Object(TrekkingAgencyController), 'zii.widgets.gri...', Array)
#2 /var/www/learningyii/framework/web/CBaseController.php(172): CBaseController->createWidget('zii.widgets.gri...', Array)
#3 /var/www/learningyii/tourism_yii/protected/views/trekkingAgency/index.php(28): CBaseController->widget('zii.widgets.gri...', Array)
#4 /var/www/learningyii/framework/web/CBaseController.php(126): require('/var/www/learni...')
#5 /var/www/learningyii/framework/web/CBaseController.php(95): CBaseController->renderInternal('/var/www/learni...', Array, true)
#6 /var/www/learningyii/framework/web/CController.php(869): CBaseController->renderFile('/var/www/learni...', Array, true)
#7 /var/www/learningyii/framework/web/CController.php(782): CController->renderPartial('index', Array, true)
#8 /var/www/learningyii/tourism_yii/protected/controllers/TrekkingAgencyController.php(128): CController->render('index', Array)
#9 /var/www/learningyii/framework/web/actions/CInlineAction.php(49): TrekkingAgencyController->actionIndex()
#10 /var/www/learningyii/framework/web/CController.php(308): CInlineAction->runWithParams(Array)
#11 /var/www/learningyii/framework/web/filters/CFilterChain.php(133): CController->runAction(Object(CInlineAction))
#12 /var/www/learningyii/framework/web/filters/CFilter.php(40): CFilterChain->run()
#13 /var/www/learningyii/framework/web/CController.php(1145): CFilter->filter(Object(CFilterChain))
#14 /var/www/learningyii/framework/web/filters/CInlineFilter.php(58): CController->filterAccessControl(Object(CFilterChain))
#15 /var/www/learningyii/framework/web/filters/CFilterChain.php(130): CInlineFilter->filter(Object(CFilterChain))
#16 /var/www/learningyii/framework/web/CController.php(291): CFilterChain->run()
#17 /var/www/learningyii/framework/web/CController.php(265): CController->runActionWithFilters(Object(CInlineAction), Array)
#18 /var/www/learningyii/framework/web/CWebApplication.php(282): CController->run('index')
#19 /var/www/learningyii/framework/web/CWebApplication.php(141): CWebApplication->runController('trekkingAgency/...')
#20 /var/www/learningyii/framework/base/CApplication.php(180): CWebApplication->processRequest()
#21 /var/www/learningyii/tourism_yii/index.php(13): CApplication->run()
#22 {main}
REQUEST_URI=/tourism_yii/index.php?r=trekkingAgency/index
---
2014/03/27 22:57:39 [error] [exception.CException] exception 'CException' with message 'Property "CGridView.column" is not defined.' in /var/www/learningyii/framework/base/CComponent.php:173
Stack trace:
#0 /var/www/learningyii/framework/web/CWidgetFactory.php(161): CComponent->__set('column', Array)
#1 /var/www/learningyii/framework/web/CBaseController.php(146): CWidgetFactory->createWidget(Object(TrekkingAgencyController), 'zii.widgets.gri...', Array)
#2 /var/www/learningyii/framework/web/CBaseController.php(172): CBaseController->createWidget('zii.widgets.gri...', Array)
#3 /var/www/learningyii/tourism_yii/protected/views/trekkingAgency/index.php(28): CBaseController->widget('zii.widgets.gri...', Array)
#4 /var/www/learningyii/framework/web/CBaseController.php(126): require('/var/www/learni...')
#5 /var/www/learningyii/framework/web/CBaseController.php(95): CBaseController->renderInternal('/var/www/learni...', Array, true)
#6 /var/www/learningyii/framework/web/CController.php(869): CBaseController->renderFile('/var/www/learni...', Array, true)
#7 /var/www/learningyii/framework/web/CController.php(782): CController->renderPartial('index', Array, true)
#8 /var/www/learningyii/tourism_yii/protected/controllers/TrekkingAgencyController.php(128): CController->render('index', Array)
#9 /var/www/learningyii/framework/web/actions/CInlineAction.php(49): TrekkingAgencyController->actionIndex()
#10 /var/www/learningyii/framework/web/CController.php(308): CInlineAction->runWithParams(Array)
#11 /var/www/learningyii/framework/web/filters/CFilterChain.php(133): CController->runAction(Object(CInlineAction))
#12 /var/www/learningyii/framework/web/filters/CFilter.php(40): CFilterChain->run()
#13 /var/www/learningyii/framework/web/CController.php(1145): CFilter->filter(Object(CFilterChain))
#14 /var/www/learningyii/framework/web/filters/CInlineFilter.php(58): CController->filterAccessControl(Object(CFilterChain))
#15 /var/www/learningyii/framework/web/filters/CFilterChain.php(130): CInlineFilter->filter(Object(CFilterChain))
#16 /var/www/learningyii/framework/web/CController.php(291): CFilterChain->run()
#17 /var/www/learningyii/framework/web/CController.php(265): CController->runActionWithFilters(Object(CInlineAction), Array)
#18 /var/www/learningyii/framework/web/CWebApplication.php(282): CController->run('index')
#19 /var/www/learningyii/framework/web/CWebApplication.php(141): CWebApplication->runController('trekkingAgency/...')
#20 /var/www/learningyii/framework/base/CApplication.php(180): CWebApplication->processRequest()
#21 /var/www/learningyii/tourism_yii/index.php(13): CApplication->run()
#22 {main}
REQUEST_URI=/tourism_yii/index.php?r=trekkingAgency/index
---
2014/03/27 23:02:55 [error] [exception.CException] exception 'CException' with message 'Property "CGridView.column" is not defined.' in /var/www/learningyii/framework/base/CComponent.php:173
Stack trace:
#0 /var/www/learningyii/framework/web/CWidgetFactory.php(161): CComponent->__set('column', Array)
#1 /var/www/learningyii/framework/web/CBaseController.php(146): CWidgetFactory->createWidget(Object(TrekkingAgencyController), 'zii.widgets.gri...', Array)
#2 /var/www/learningyii/framework/web/CBaseController.php(172): CBaseController->createWidget('zii.widgets.gri...', Array)
#3 /var/www/learningyii/tourism_yii/protected/views/trekkingAgency/index.php(28): CBaseController->widget('zii.widgets.gri...', Array)
#4 /var/www/learningyii/framework/web/CBaseController.php(126): require('/var/www/learni...')
#5 /var/www/learningyii/framework/web/CBaseController.php(95): CBaseController->renderInternal('/var/www/learni...', Array, true)
#6 /var/www/learningyii/framework/web/CController.php(869): CBaseController->renderFile('/var/www/learni...', Array, true)
#7 /var/www/learningyii/framework/web/CController.php(782): CController->renderPartial('index', Array, true)
#8 /var/www/learningyii/tourism_yii/protected/controllers/TrekkingAgencyController.php(128): CController->render('index', Array)
#9 /var/www/learningyii/framework/web/actions/CInlineAction.php(49): TrekkingAgencyController->actionIndex()
#10 /var/www/learningyii/framework/web/CController.php(308): CInlineAction->runWithParams(Array)
#11 /var/www/learningyii/framework/web/filters/CFilterChain.php(133): CController->runAction(Object(CInlineAction))
#12 /var/www/learningyii/framework/web/filters/CFilter.php(40): CFilterChain->run()
#13 /var/www/learningyii/framework/web/CController.php(1145): CFilter->filter(Object(CFilterChain))
#14 /var/www/learningyii/framework/web/filters/CInlineFilter.php(58): CController->filterAccessControl(Object(CFilterChain))
#15 /var/www/learningyii/framework/web/filters/CFilterChain.php(130): CInlineFilter->filter(Object(CFilterChain))
#16 /var/www/learningyii/framework/web/CController.php(291): CFilterChain->run()
#17 /var/www/learningyii/framework/web/CController.php(265): CController->runActionWithFilters(Object(CInlineAction), Array)
#18 /var/www/learningyii/framework/web/CWebApplication.php(282): CController->run('index')
#19 /var/www/learningyii/framework/web/CWebApplication.php(141): CWebApplication->runController('trekkingAgency/...')
#20 /var/www/learningyii/framework/base/CApplication.php(180): CWebApplication->processRequest()
#21 /var/www/learningyii/tourism_yii/index.php(13): CApplication->run()
#22 {main}
REQUEST_URI=/tourism_yii/index.php?r=trekkingAgency/index
---
2014/03/27 23:02:56 [error] [exception.CException] exception 'CException' with message 'Property "CGridView.column" is not defined.' in /var/www/learningyii/framework/base/CComponent.php:173
Stack trace:
#0 /var/www/learningyii/framework/web/CWidgetFactory.php(161): CComponent->__set('column', Array)
#1 /var/www/learningyii/framework/web/CBaseController.php(146): CWidgetFactory->createWidget(Object(TrekkingAgencyController), 'zii.widgets.gri...', Array)
#2 /var/www/learningyii/framework/web/CBaseController.php(172): CBaseController->createWidget('zii.widgets.gri...', Array)
#3 /var/www/learningyii/tourism_yii/protected/views/trekkingAgency/index.php(28): CBaseController->widget('zii.widgets.gri...', Array)
#4 /var/www/learningyii/framework/web/CBaseController.php(126): require('/var/www/learni...')
#5 /var/www/learningyii/framework/web/CBaseController.php(95): CBaseController->renderInternal('/var/www/learni...', Array, true)
#6 /var/www/learningyii/framework/web/CController.php(869): CBaseController->renderFile('/var/www/learni...', Array, true)
#7 /var/www/learningyii/framework/web/CController.php(782): CController->renderPartial('index', Array, true)
#8 /var/www/learningyii/tourism_yii/protected/controllers/TrekkingAgencyController.php(128): CController->render('index', Array)
#9 /var/www/learningyii/framework/web/actions/CInlineAction.php(49): TrekkingAgencyController->actionIndex()
#10 /var/www/learningyii/framework/web/CController.php(308): CInlineAction->runWithParams(Array)
#11 /var/www/learningyii/framework/web/filters/CFilterChain.php(133): CController->runAction(Object(CInlineAction))
#12 /var/www/learningyii/framework/web/filters/CFilter.php(40): CFilterChain->run()
#13 /var/www/learningyii/framework/web/CController.php(1145): CFilter->filter(Object(CFilterChain))
#14 /var/www/learningyii/framework/web/filters/CInlineFilter.php(58): CController->filterAccessControl(Object(CFilterChain))
#15 /var/www/learningyii/framework/web/filters/CFilterChain.php(130): CInlineFilter->filter(Object(CFilterChain))
#16 /var/www/learningyii/framework/web/CController.php(291): CFilterChain->run()
#17 /var/www/learningyii/framework/web/CController.php(265): CController->runActionWithFilters(Object(CInlineAction), Array)
#18 /var/www/learningyii/framework/web/CWebApplication.php(282): CController->run('index')
#19 /var/www/learningyii/framework/web/CWebApplication.php(141): CWebApplication->runController('trekkingAgency/...')
#20 /var/www/learningyii/framework/base/CApplication.php(180): CWebApplication->processRequest()
#21 /var/www/learningyii/tourism_yii/index.php(13): CApplication->run()
#22 {main}
REQUEST_URI=/tourism_yii/index.php?r=trekkingAgency/index
---
2014/03/27 23:02:59 [error] [exception.CException] exception 'CException' with message 'Property "CGridView.column" is not defined.' in /var/www/learningyii/framework/base/CComponent.php:173
Stack trace:
#0 /var/www/learningyii/framework/web/CWidgetFactory.php(161): CComponent->__set('column', Array)
#1 /var/www/learningyii/framework/web/CBaseController.php(146): CWidgetFactory->createWidget(Object(TrekkingAgencyController), 'zii.widgets.gri...', Array)
#2 /var/www/learningyii/framework/web/CBaseController.php(172): CBaseController->createWidget('zii.widgets.gri...', Array)
#3 /var/www/learningyii/tourism_yii/protected/views/trekkingAgency/index.php(28): CBaseController->widget('zii.widgets.gri...', Array)
#4 /var/www/learningyii/framework/web/CBaseController.php(126): require('/var/www/learni...')
#5 /var/www/learningyii/framework/web/CBaseController.php(95): CBaseController->renderInternal('/var/www/learni...', Array, true)
#6 /var/www/learningyii/framework/web/CController.php(869): CBaseController->renderFile('/var/www/learni...', Array, true)
#7 /var/www/learningyii/framework/web/CController.php(782): CController->renderPartial('index', Array, true)
#8 /var/www/learningyii/tourism_yii/protected/controllers/TrekkingAgencyController.php(128): CController->render('index', Array)
#9 /var/www/learningyii/framework/web/actions/CInlineAction.php(49): TrekkingAgencyController->actionIndex()
#10 /var/www/learningyii/framework/web/CController.php(308): CInlineAction->runWithParams(Array)
#11 /var/www/learningyii/framework/web/filters/CFilterChain.php(133): CController->runAction(Object(CInlineAction))
#12 /var/www/learningyii/framework/web/filters/CFilter.php(40): CFilterChain->run()
#13 /var/www/learningyii/framework/web/CController.php(1145): CFilter->filter(Object(CFilterChain))
#14 /var/www/learningyii/framework/web/filters/CInlineFilter.php(58): CController->filterAccessControl(Object(CFilterChain))
#15 /var/www/learningyii/framework/web/filters/CFilterChain.php(130): CInlineFilter->filter(Object(CFilterChain))
#16 /var/www/learningyii/framework/web/CController.php(291): CFilterChain->run()
#17 /var/www/learningyii/framework/web/CController.php(265): CController->runActionWithFilters(Object(CInlineAction), Array)
#18 /var/www/learningyii/framework/web/CWebApplication.php(282): CController->run('index')
#19 /var/www/learningyii/framework/web/CWebApplication.php(141): CWebApplication->runController('trekkingAgency/...')
#20 /var/www/learningyii/framework/base/CApplication.php(180): CWebApplication->processRequest()
#21 /var/www/learningyii/tourism_yii/index.php(13): CApplication->run()
#22 {main}
REQUEST_URI=/tourism_yii/index.php?r=trekkingAgency/index
---
2014/03/27 23:03:16 [error] [exception.CException] exception 'CException' with message 'Property "CGridView.column" is not defined.' in /var/www/learningyii/framework/base/CComponent.php:173
Stack trace:
#0 /var/www/learningyii/framework/web/CWidgetFactory.php(161): CComponent->__set('column', Array)
#1 /var/www/learningyii/framework/web/CBaseController.php(146): CWidgetFactory->createWidget(Object(TrekkingAgencyController), 'zii.widgets.gri...', Array)
#2 /var/www/learningyii/framework/web/CBaseController.php(172): CBaseController->createWidget('zii.widgets.gri...', Array)
#3 /var/www/learningyii/tourism_yii/protected/views/trekkingAgency/index.php(28): CBaseController->widget('zii.widgets.gri...', Array)
#4 /var/www/learningyii/framework/web/CBaseController.php(126): require('/var/www/learni...')
#5 /var/www/learningyii/framework/web/CBaseController.php(95): CBaseController->renderInternal('/var/www/learni...', Array, true)
#6 /var/www/learningyii/framework/web/CController.php(869): CBaseController->renderFile('/var/www/learni...', Array, true)
#7 /var/www/learningyii/framework/web/CController.php(782): CController->renderPartial('index', Array, true)
#8 /var/www/learningyii/tourism_yii/protected/controllers/TrekkingAgencyController.php(128): CController->render('index', Array)
#9 /var/www/learningyii/framework/web/actions/CInlineAction.php(49): TrekkingAgencyController->actionIndex()
#10 /var/www/learningyii/framework/web/CController.php(308): CInlineAction->runWithParams(Array)
#11 /var/www/learningyii/framework/web/filters/CFilterChain.php(133): CController->runAction(Object(CInlineAction))
#12 /var/www/learningyii/framework/web/filters/CFilter.php(40): CFilterChain->run()
#13 /var/www/learningyii/framework/web/CController.php(1145): CFilter->filter(Object(CFilterChain))
#14 /var/www/learningyii/framework/web/filters/CInlineFilter.php(58): CController->filterAccessControl(Object(CFilterChain))
#15 /var/www/learningyii/framework/web/filters/CFilterChain.php(130): CInlineFilter->filter(Object(CFilterChain))
#16 /var/www/learningyii/framework/web/CController.php(291): CFilterChain->run()
#17 /var/www/learningyii/framework/web/CController.php(265): CController->runActionWithFilters(Object(CInlineAction), Array)
#18 /var/www/learningyii/framework/web/CWebApplication.php(282): CController->run('index')
#19 /var/www/learningyii/framework/web/CWebApplication.php(141): CWebApplication->runController('trekkingAgency/...')
#20 /var/www/learningyii/framework/base/CApplication.php(180): CWebApplication->processRequest()
#21 /var/www/learningyii/tourism_yii/index.php(13): CApplication->run()
#22 {main}
REQUEST_URI=/tourism_yii/index.php?r=trekkingAgency/index
---
2014/03/27 23:10:37 [error] [php] Undefined variable: data (/var/www/learningyii/tourism_yii/protected/models/TourismFirm.php:149)
Stack trace:
#0 /var/www/learningyii/framework/web/CSort.php(282): CSort->resolveLabel()
#1 /var/www/learningyii/framework/zii/widgets/grid/CDataColumn.php(116): CSort->link()
#2 /var/www/learningyii/framework/zii/widgets/grid/CGridColumn.php(127): CDataColumn->renderHeaderCellContent()
#3 /var/www/learningyii/framework/zii/widgets/grid/CGridView.php(506): CDataColumn->renderHeaderCell()
#4 /var/www/learningyii/framework/zii/widgets/grid/CGridView.php(480): CGridView->renderTableHeader()
#5 /var/www/learningyii/framework/zii/widgets/CBaseListView.php(167): CGridView->renderItems()
#6 unknown(0): CGridView->renderSection()
#7 /var/www/learningyii/framework/zii/widgets/CBaseListView.php(150): preg_replace_callback()
#8 /var/www/learningyii/framework/zii/widgets/CBaseListView.php(135): CGridView->renderContent()
#9 /var/www/learningyii/framework/web/CBaseController.php(173): CGridView->run()
#10 /var/www/learningyii/tourism_yii/protected/views/trekkingAgency/index.php(45): TrekkingAgencyController->widget()
#11 /var/www/learningyii/framework/web/CBaseController.php(126): require()
#12 /var/www/learningyii/framework/web/CBaseController.php(95): TrekkingAgencyController->renderInternal()
#13 /var/www/learningyii/framework/web/CController.php(869): TrekkingAgencyController->renderFile()
#14 /var/www/learningyii/framework/web/CController.php(782): TrekkingAgencyController->renderPartial()
#15 /var/www/learningyii/tourism_yii/protected/controllers/TrekkingAgencyController.php(128): TrekkingAgencyController->render()
#16 /var/www/learningyii/framework/web/actions/CInlineAction.php(49): TrekkingAgencyController->actionIndex()
#17 /var/www/learningyii/framework/web/CController.php(308): CInlineAction->runWithParams()
#18 /var/www/learningyii/framework/web/filters/CFilterChain.php(133): TrekkingAgencyController->runAction()
#19 /var/www/learningyii/framework/web/filters/CFilter.php(40): CFilterChain->run()
#20 /var/www/learningyii/framework/web/CController.php(1145): CAccessControlFilter->filter()
#21 /var/www/learningyii/framework/web/filters/CInlineFilter.php(58): TrekkingAgencyController->filterAccessControl()
#22 /var/www/learningyii/framework/web/filters/CFilterChain.php(130): CInlineFilter->filter()
#23 /var/www/learningyii/framework/web/CController.php(291): CFilterChain->run()
#24 /var/www/learningyii/framework/web/CController.php(265): TrekkingAgencyController->runActionWithFilters()
#25 /var/www/learningyii/framework/web/CWebApplication.php(282): TrekkingAgencyController->run()
#26 /var/www/learningyii/framework/web/CWebApplication.php(141): CWebApplication->runController()
#27 /var/www/learningyii/framework/base/CApplication.php(180): CWebApplication->processRequest()
#28 /var/www/learningyii/tourism_yii/index.php(13): CWebApplication->run()
REQUEST_URI=/tourism_yii/index.php?r=trekkingAgency/index
in /var/www/learningyii/tourism_yii/protected/models/TourismFirm.php (149)
in /var/www/learningyii/tourism_yii/protected/views/trekkingAgency/index.php (45)
in /var/www/learningyii/tourism_yii/protected/controllers/TrekkingAgencyController.php (128)
2014/03/27 23:10:50 [error] [php] Undefined variable: data (/var/www/learningyii/tourism_yii/protected/models/TourismFirm.php:149)
Stack trace:
#0 /var/www/learningyii/framework/web/CSort.php(282): CSort->resolveLabel()
#1 /var/www/learningyii/framework/zii/widgets/grid/CDataColumn.php(116): CSort->link()
#2 /var/www/learningyii/framework/zii/widgets/grid/CGridColumn.php(127): CDataColumn->renderHeaderCellContent()
#3 /var/www/learningyii/framework/zii/widgets/grid/CGridView.php(506): CDataColumn->renderHeaderCell()
#4 /var/www/learningyii/framework/zii/widgets/grid/CGridView.php(480): CGridView->renderTableHeader()
#5 /var/www/learningyii/framework/zii/widgets/CBaseListView.php(167): CGridView->renderItems()
#6 unknown(0): CGridView->renderSection()
#7 /var/www/learningyii/framework/zii/widgets/CBaseListView.php(150): preg_replace_callback()
#8 /var/www/learningyii/framework/zii/widgets/CBaseListView.php(135): CGridView->renderContent()
#9 /var/www/learningyii/framework/web/CBaseController.php(173): CGridView->run()
#10 /var/www/learningyii/tourism_yii/protected/views/trekkingAgency/index.php(45): TrekkingAgencyController->widget()
#11 /var/www/learningyii/framework/web/CBaseController.php(126): require()
#12 /var/www/learningyii/framework/web/CBaseController.php(95): TrekkingAgencyController->renderInternal()
#13 /var/www/learningyii/framework/web/CController.php(869): TrekkingAgencyController->renderFile()
#14 /var/www/learningyii/framework/web/CController.php(782): TrekkingAgencyController->renderPartial()
#15 /var/www/learningyii/tourism_yii/protected/controllers/TrekkingAgencyController.php(128): TrekkingAgencyController->render()
#16 /var/www/learningyii/framework/web/actions/CInlineAction.php(49): TrekkingAgencyController->actionIndex()
#17 /var/www/learningyii/framework/web/CController.php(308): CInlineAction->runWithParams()
#18 /var/www/learningyii/framework/web/filters/CFilterChain.php(133): TrekkingAgencyController->runAction()
#19 /var/www/learningyii/framework/web/filters/CFilter.php(40): CFilterChain->run()
#20 /var/www/learningyii/framework/web/CController.php(1145): CAccessControlFilter->filter()
#21 /var/www/learningyii/framework/web/filters/CInlineFilter.php(58): TrekkingAgencyController->filterAccessControl()
#22 /var/www/learningyii/framework/web/filters/CFilterChain.php(130): CInlineFilter->filter()
#23 /var/www/learningyii/framework/web/CController.php(291): CFilterChain->run()
#24 /var/www/learningyii/framework/web/CController.php(265): TrekkingAgencyController->runActionWithFilters()
#25 /var/www/learningyii/framework/web/CWebApplication.php(282): TrekkingAgencyController->run()
#26 /var/www/learningyii/framework/web/CWebApplication.php(141): CWebApplication->runController()
#27 /var/www/learningyii/framework/base/CApplication.php(180): CWebApplication->processRequest()
#28 /var/www/learningyii/tourism_yii/index.php(13): CWebApplication->run()
REQUEST_URI=/tourism_yii/index.php?r=trekkingAgency/index
in /var/www/learningyii/tourism_yii/protected/models/TourismFirm.php (149)
in /var/www/learningyii/tourism_yii/protected/views/trekkingAgency/index.php (45)
in /var/www/learningyii/tourism_yii/protected/controllers/TrekkingAgencyController.php (128)
2014/03/27 23:11:18 [error] [php] Undefined variable: data (/var/www/learningyii/tourism_yii/protected/models/TourismFirm.php:149)
Stack trace:
#0 /var/www/learningyii/framework/web/CSort.php(282): CSort->resolveLabel()
#1 /var/www/learningyii/framework/zii/widgets/grid/CDataColumn.php(116): CSort->link()
#2 /var/www/learningyii/framework/zii/widgets/grid/CGridColumn.php(127): CDataColumn->renderHeaderCellContent()
#3 /var/www/learningyii/framework/zii/widgets/grid/CGridView.php(506): CDataColumn->renderHeaderCell()
#4 /var/www/learningyii/framework/zii/widgets/grid/CGridView.php(480): CGridView->renderTableHeader()
#5 /var/www/learningyii/framework/zii/widgets/CBaseListView.php(167): CGridView->renderItems()
#6 unknown(0): CGridView->renderSection()
#7 /var/www/learningyii/framework/zii/widgets/CBaseListView.php(150): preg_replace_callback()
#8 /var/www/learningyii/framework/zii/widgets/CBaseListView.php(135): CGridView->renderContent()
#9 /var/www/learningyii/framework/web/CBaseController.php(173): CGridView->run()
#10 /var/www/learningyii/tourism_yii/protected/views/trekkingAgency/index.php(44): TrekkingAgencyController->widget()
#11 /var/www/learningyii/framework/web/CBaseController.php(126): require()
#12 /var/www/learningyii/framework/web/CBaseController.php(95): TrekkingAgencyController->renderInternal()
#13 /var/www/learningyii/framework/web/CController.php(869): TrekkingAgencyController->renderFile()
#14 /var/www/learningyii/framework/web/CController.php(782): TrekkingAgencyController->renderPartial()
#15 /var/www/learningyii/tourism_yii/protected/controllers/TrekkingAgencyController.php(128): TrekkingAgencyController->render()
#16 /var/www/learningyii/framework/web/actions/CInlineAction.php(49): TrekkingAgencyController->actionIndex()
#17 /var/www/learningyii/framework/web/CController.php(308): CInlineAction->runWithParams()
#18 /var/www/learningyii/framework/web/filters/CFilterChain.php(133): TrekkingAgencyController->runAction()
#19 /var/www/learningyii/framework/web/filters/CFilter.php(40): CFilterChain->run()
#20 /var/www/learningyii/framework/web/CController.php(1145): CAccessControlFilter->filter()
#21 /var/www/learningyii/framework/web/filters/CInlineFilter.php(58): TrekkingAgencyController->filterAccessControl()
#22 /var/www/learningyii/framework/web/filters/CFilterChain.php(130): CInlineFilter->filter()
#23 /var/www/learningyii/framework/web/CController.php(291): CFilterChain->run()
#24 /var/www/learningyii/framework/web/CController.php(265): TrekkingAgencyController->runActionWithFilters()
#25 /var/www/learningyii/framework/web/CWebApplication.php(282): TrekkingAgencyController->run()
#26 /var/www/learningyii/framework/web/CWebApplication.php(141): CWebApplication->runController()
#27 /var/www/learningyii/framework/base/CApplication.php(180): CWebApplication->processRequest()
#28 /var/www/learningyii/tourism_yii/index.php(13): CWebApplication->run()
REQUEST_URI=/tourism_yii/index.php?r=trekkingAgency/index
in /var/www/learningyii/tourism_yii/protected/models/TourismFirm.php (149)
in /var/www/learningyii/tourism_yii/protected/views/trekkingAgency/index.php (44)
in /var/www/learningyii/tourism_yii/protected/controllers/TrekkingAgencyController.php (128)
